2023-10-29 11:52:28,414 [Worker-1: Loading available Gradle versions] INFO  o.e.b.c.i.u.g.PublishedGradleVersions - Gradle version information cache is out-of-date. Trying to update.
2023-10-29 12:27:31,232 [Worker-49: http://download.oracle.com/otn_software/oepe/12.2.1.9/photon/repository/dependencies/compositeContent.jar] INFO  o.a.h.c.h.i.c.HttpRequestRetryExec - Recoverable I/O exception (java.net.SocketException) caught when processing request to {}->http://download.oracle.com:80
2023-10-29 12:43:42,383 [Worker-45: Launching mavenrun-bf7ec535-4ff7-49f7-88dc-835eddccb5ee] INFO  o.eclipse.m2e.core.internal.Bundles - getClasspathEntries(Bundle=org.eclipse.m2e.maven.runtime_3.8.701.20230209-1606 [610])
2023-10-29 12:43:42,433 [Worker-45: Launching mavenrun-bf7ec535-4ff7-49f7-88dc-835eddccb5ee] INFO  o.eclipse.m2e.core.internal.Bundles - 	Entry: C:\Users\arizk\Downloads\eclipse-jee-2023-03-R-win32-x86_64\eclipse\plugins\org.eclipse.m2e.maven.runtime_3.8.701.20230209-1606
2023-10-29 12:43:42,434 [Worker-45: Launching mavenrun-bf7ec535-4ff7-49f7-88dc-835eddccb5ee] INFO  o.eclipse.m2e.core.internal.Bundles - 	Entry: C:\Users\arizk\Downloads\eclipse-jee-2023-03-R-win32-x86_64\eclipse\plugins\org.eclipse.m2e.maven.runtime_3.8.701.20230209-1606\jars\aether-connector-okhttp-0.17.8.jar
2023-10-29 12:43:42,434 [Worker-45: Launching mavenrun-bf7ec535-4ff7-49f7-88dc-835eddccb5ee] INFO  o.eclipse.m2e.core.internal.Bundles - 	Entry: C:\Users\arizk\Downloads\eclipse-jee-2023-03-R-win32-x86_64\eclipse\plugins\org.eclipse.m2e.maven.runtime_3.8.701.20230209-1606\jars\commons-lang3-3.8.1.jar
2023-10-29 12:43:42,434 [Worker-45: Launching mavenrun-bf7ec535-4ff7-49f7-88dc-835eddccb5ee] INFO  o.eclipse.m2e.core.internal.Bundles - 	Entry: C:\Users\arizk\Downloads\eclipse-jee-2023-03-R-win32-x86_64\eclipse\plugins\org.eclipse.m2e.maven.runtime_3.8.701.20230209-1606\jars\guice-4.2.2-no_aop.jar
2023-10-29 12:43:42,434 [Worker-45: Launching mavenrun-bf7ec535-4ff7-49f7-88dc-835eddccb5ee] INFO  o.eclipse.m2e.core.internal.Bundles - 	Entry: C:\Users\arizk\Downloads\eclipse-jee-2023-03-R-win32-x86_64\eclipse\plugins\org.eclipse.m2e.maven.runtime_3.8.701.20230209-1606\jars\jansi-2.4.0.jar
2023-10-29 12:43:42,434 [Worker-45: Launching mavenrun-bf7ec535-4ff7-49f7-88dc-835eddccb5ee] INFO  o.eclipse.m2e.core.internal.Bundles - 	Entry: C:\Users\arizk\Downloads\eclipse-jee-2023-03-R-win32-x86_64\eclipse\plugins\org.eclipse.m2e.maven.runtime_3.8.701.20230209-1606\jars\maven-artifact-3.8.7.jar
2023-10-29 12:43:42,434 [Worker-45: Launching mavenrun-bf7ec535-4ff7-49f7-88dc-835eddccb5ee] INFO  o.eclipse.m2e.core.internal.Bundles - 	Entry: C:\Users\arizk\Downloads\eclipse-jee-2023-03-R-win32-x86_64\eclipse\plugins\org.eclipse.m2e.maven.runtime_3.8.701.20230209-1606\jars\maven-builder-support-3.8.7.jar
2023-10-29 12:43:42,434 [Worker-45: Launching mavenrun-bf7ec535-4ff7-49f7-88dc-835eddccb5ee] INFO  o.eclipse.m2e.core.internal.Bundles - 	Entry: C:\Users\arizk\Downloads\eclipse-jee-2023-03-R-win32-x86_64\eclipse\plugins\org.eclipse.m2e.maven.runtime_3.8.701.20230209-1606\jars\maven-compat-3.8.7.jar
2023-10-29 12:43:42,435 [Worker-45: Launching mavenrun-bf7ec535-4ff7-49f7-88dc-835eddccb5ee] INFO  o.eclipse.m2e.core.internal.Bundles - 	Entry: C:\Users\arizk\Downloads\eclipse-jee-2023-03-R-win32-x86_64\eclipse\plugins\org.eclipse.m2e.maven.runtime_3.8.701.20230209-1606\jars\maven-core-3.8.7.jar
2023-10-29 12:43:42,435 [Worker-45: Launching mavenrun-bf7ec535-4ff7-49f7-88dc-835eddccb5ee] INFO  o.eclipse.m2e.core.internal.Bundles - 	Entry: C:\Users\arizk\Downloads\eclipse-jee-2023-03-R-win32-x86_64\eclipse\plugins\org.eclipse.m2e.maven.runtime_3.8.701.20230209-1606\jars\maven-embedder-3.8.7.jar
2023-10-29 12:43:42,435 [Worker-45: Launching mavenrun-bf7ec535-4ff7-49f7-88dc-835eddccb5ee] INFO  o.eclipse.m2e.core.internal.Bundles - 	Entry: C:\Users\arizk\Downloads\eclipse-jee-2023-03-R-win32-x86_64\eclipse\plugins\org.eclipse.m2e.maven.runtime_3.8.701.20230209-1606\jars\maven-model-3.8.7.jar
2023-10-29 12:43:42,435 [Worker-45: Launching mavenrun-bf7ec535-4ff7-49f7-88dc-835eddccb5ee] INFO  o.eclipse.m2e.core.internal.Bundles - 	Entry: C:\Users\arizk\Downloads\eclipse-jee-2023-03-R-win32-x86_64\eclipse\plugins\org.eclipse.m2e.maven.runtime_3.8.701.20230209-1606\jars\maven-model-builder-3.8.7.jar
2023-10-29 12:43:42,435 [Worker-45: Launching mavenrun-bf7ec535-4ff7-49f7-88dc-835eddccb5ee] INFO  o.eclipse.m2e.core.internal.Bundles - 	Entry: C:\Users\arizk\Downloads\eclipse-jee-2023-03-R-win32-x86_64\eclipse\plugins\org.eclipse.m2e.maven.runtime_3.8.701.20230209-1606\jars\maven-plugin-api-3.8.7.jar
2023-10-29 12:43:42,436 [Worker-45: Launching mavenrun-bf7ec535-4ff7-49f7-88dc-835eddccb5ee] INFO  o.eclipse.m2e.core.internal.Bundles - 	Entry: C:\Users\arizk\Downloads\eclipse-jee-2023-03-R-win32-x86_64\eclipse\plugins\org.eclipse.m2e.maven.runtime_3.8.701.20230209-1606\jars\maven-repository-metadata-3.8.7.jar
2023-10-29 12:43:42,436 [Worker-45: Launching mavenrun-bf7ec535-4ff7-49f7-88dc-835eddccb5ee] INFO  o.eclipse.m2e.core.internal.Bundles - 	Entry: C:\Users\arizk\Downloads\eclipse-jee-2023-03-R-win32-x86_64\eclipse\plugins\org.eclipse.m2e.maven.runtime_3.8.701.20230209-1606\jars\maven-resolver-api-1.6.3.jar
2023-10-29 12:43:42,436 [Worker-45: Launching mavenrun-bf7ec535-4ff7-49f7-88dc-835eddccb5ee] INFO  o.eclipse.m2e.core.internal.Bundles - 	Entry: C:\Users\arizk\Downloads\eclipse-jee-2023-03-R-win32-x86_64\eclipse\plugins\org.eclipse.m2e.maven.runtime_3.8.701.20230209-1606\jars\maven-resolver-connector-basic-1.6.3.jar
2023-10-29 12:43:42,436 [Worker-45: Launching mavenrun-bf7ec535-4ff7-49f7-88dc-835eddccb5ee] INFO  o.eclipse.m2e.core.internal.Bundles - 	Entry: C:\Users\arizk\Downloads\eclipse-jee-2023-03-R-win32-x86_64\eclipse\plugins\org.eclipse.m2e.maven.runtime_3.8.701.20230209-1606\jars\maven-resolver-impl-1.6.3.jar
2023-10-29 12:43:42,436 [Worker-45: Launching mavenrun-bf7ec535-4ff7-49f7-88dc-835eddccb5ee] INFO  o.eclipse.m2e.core.internal.Bundles - 	Entry: C:\Users\arizk\Downloads\eclipse-jee-2023-03-R-win32-x86_64\eclipse\plugins\org.eclipse.m2e.maven.runtime_3.8.701.20230209-1606\jars\maven-resolver-provider-3.8.7.jar
2023-10-29 12:43:42,436 [Worker-45: Launching mavenrun-bf7ec535-4ff7-49f7-88dc-835eddccb5ee] INFO  o.eclipse.m2e.core.internal.Bundles - 	Entry: C:\Users\arizk\Downloads\eclipse-jee-2023-03-R-win32-x86_64\eclipse\plugins\org.eclipse.m2e.maven.runtime_3.8.701.20230209-1606\jars\maven-resolver-spi-1.6.3.jar
2023-10-29 12:43:42,436 [Worker-45: Launching mavenrun-bf7ec535-4ff7-49f7-88dc-835eddccb5ee] INFO  o.eclipse.m2e.core.internal.Bundles - 	Entry: C:\Users\arizk\Downloads\eclipse-jee-2023-03-R-win32-x86_64\eclipse\plugins\org.eclipse.m2e.maven.runtime_3.8.701.20230209-1606\jars\maven-resolver-transport-wagon-1.6.3.jar
2023-10-29 12:43:42,437 [Worker-45: Launching mavenrun-bf7ec535-4ff7-49f7-88dc-835eddccb5ee] INFO  o.eclipse.m2e.core.internal.Bundles - 	Entry: C:\Users\arizk\Downloads\eclipse-jee-2023-03-R-win32-x86_64\eclipse\plugins\org.eclipse.m2e.maven.runtime_3.8.701.20230209-1606\jars\maven-resolver-util-1.6.3.jar
2023-10-29 12:43:42,437 [Worker-45: Launching mavenrun-bf7ec535-4ff7-49f7-88dc-835eddccb5ee] INFO  o.eclipse.m2e.core.internal.Bundles - 	Entry: C:\Users\arizk\Downloads\eclipse-jee-2023-03-R-win32-x86_64\eclipse\plugins\org.eclipse.m2e.maven.runtime_3.8.701.20230209-1606\jars\maven-settings-3.8.7.jar
2023-10-29 12:43:42,437 [Worker-45: Launching mavenrun-bf7ec535-4ff7-49f7-88dc-835eddccb5ee] INFO  o.eclipse.m2e.core.internal.Bundles - 	Entry: C:\Users\arizk\Downloads\eclipse-jee-2023-03-R-win32-x86_64\eclipse\plugins\org.eclipse.m2e.maven.runtime_3.8.701.20230209-1606\jars\maven-settings-builder-3.8.7.jar
2023-10-29 12:43:42,437 [Worker-45: Launching mavenrun-bf7ec535-4ff7-49f7-88dc-835eddccb5ee] INFO  o.eclipse.m2e.core.internal.Bundles - 	Entry: C:\Users\arizk\Downloads\eclipse-jee-2023-03-R-win32-x86_64\eclipse\plugins\org.eclipse.m2e.maven.runtime_3.8.701.20230209-1606\jars\maven-shared-utils-3.3.4.jar
2023-10-29 12:43:42,437 [Worker-45: Launching mavenrun-bf7ec535-4ff7-49f7-88dc-835eddccb5ee] INFO  o.eclipse.m2e.core.internal.Bundles - 	Entry: C:\Users\arizk\Downloads\eclipse-jee-2023-03-R-win32-x86_64\eclipse\plugins\org.eclipse.m2e.maven.runtime_3.8.701.20230209-1606\jars\okhttp-3.14.1.jar
2023-10-29 12:43:42,438 [Worker-45: Launching mavenrun-bf7ec535-4ff7-49f7-88dc-835eddccb5ee] INFO  o.eclipse.m2e.core.internal.Bundles - 	Entry: C:\Users\arizk\Downloads\eclipse-jee-2023-03-R-win32-x86_64\eclipse\plugins\org.eclipse.m2e.maven.runtime_3.8.701.20230209-1606\jars\okio-1.17.3.jar
2023-10-29 12:43:42,438 [Worker-45: Launching mavenrun-bf7ec535-4ff7-49f7-88dc-835eddccb5ee] INFO  o.eclipse.m2e.core.internal.Bundles - 	Entry: C:\Users\arizk\Downloads\eclipse-jee-2023-03-R-win32-x86_64\eclipse\plugins\org.eclipse.m2e.maven.runtime_3.8.701.20230209-1606\jars\org.eclipse.sisu.inject-0.3.5.jar
2023-10-29 12:43:42,438 [Worker-45: Launching mavenrun-bf7ec535-4ff7-49f7-88dc-835eddccb5ee] INFO  o.eclipse.m2e.core.internal.Bundles - 	Entry: C:\Users\arizk\Downloads\eclipse-jee-2023-03-R-win32-x86_64\eclipse\plugins\org.eclipse.m2e.maven.runtime_3.8.701.20230209-1606\jars\org.eclipse.sisu.plexus-0.3.5.jar
2023-10-29 12:43:42,438 [Worker-45: Launching mavenrun-bf7ec535-4ff7-49f7-88dc-835eddccb5ee] INFO  o.eclipse.m2e.core.internal.Bundles - 	Entry: C:\Users\arizk\Downloads\eclipse-jee-2023-03-R-win32-x86_64\eclipse\plugins\org.eclipse.m2e.maven.runtime_3.8.701.20230209-1606\jars\plexus-build-api-0.0.7.jar
2023-10-29 12:43:42,438 [Worker-45: Launching mavenrun-bf7ec535-4ff7-49f7-88dc-835eddccb5ee] INFO  o.eclipse.m2e.core.internal.Bundles - 	Entry: C:\Users\arizk\Downloads\eclipse-jee-2023-03-R-win32-x86_64\eclipse\plugins\org.eclipse.m2e.maven.runtime_3.8.701.20230209-1606\jars\plexus-cipher-2.0.jar
2023-10-29 12:43:42,438 [Worker-45: Launching mavenrun-bf7ec535-4ff7-49f7-88dc-835eddccb5ee] INFO  o.eclipse.m2e.core.internal.Bundles - 	Entry: C:\Users\arizk\Downloads\eclipse-jee-2023-03-R-win32-x86_64\eclipse\plugins\org.eclipse.m2e.maven.runtime_3.8.701.20230209-1606\jars\plexus-classworlds-2.6.0.jar
2023-10-29 12:43:42,438 [Worker-45: Launching mavenrun-bf7ec535-4ff7-49f7-88dc-835eddccb5ee] INFO  o.eclipse.m2e.core.internal.Bundles - 	Entry: C:\Users\arizk\Downloads\eclipse-jee-2023-03-R-win32-x86_64\eclipse\plugins\org.eclipse.m2e.maven.runtime_3.8.701.20230209-1606\jars\plexus-component-annotations-2.1.0.jar
2023-10-29 12:43:42,439 [Worker-45: Launching mavenrun-bf7ec535-4ff7-49f7-88dc-835eddccb5ee] INFO  o.eclipse.m2e.core.internal.Bundles - 	Entry: C:\Users\arizk\Downloads\eclipse-jee-2023-03-R-win32-x86_64\eclipse\plugins\org.eclipse.m2e.maven.runtime_3.8.701.20230209-1606\jars\plexus-interpolation-1.26.jar
2023-10-29 12:43:42,439 [Worker-45: Launching mavenrun-bf7ec535-4ff7-49f7-88dc-835eddccb5ee] INFO  o.eclipse.m2e.core.internal.Bundles - 	Entry: C:\Users\arizk\Downloads\eclipse-jee-2023-03-R-win32-x86_64\eclipse\plugins\org.eclipse.m2e.maven.runtime_3.8.701.20230209-1606\jars\plexus-sec-dispatcher-2.0.jar
2023-10-29 12:43:42,439 [Worker-45: Launching mavenrun-bf7ec535-4ff7-49f7-88dc-835eddccb5ee] INFO  o.eclipse.m2e.core.internal.Bundles - 	Entry: C:\Users\arizk\Downloads\eclipse-jee-2023-03-R-win32-x86_64\eclipse\plugins\org.eclipse.m2e.maven.runtime_3.8.701.20230209-1606\jars\plexus-utils-3.3.1.jar
2023-10-29 12:43:42,439 [Worker-45: Launching mavenrun-bf7ec535-4ff7-49f7-88dc-835eddccb5ee] INFO  o.eclipse.m2e.core.internal.Bundles - 	Entry: C:\Users\arizk\Downloads\eclipse-jee-2023-03-R-win32-x86_64\eclipse\plugins\org.eclipse.m2e.maven.runtime_3.8.701.20230209-1606\jars\wagon-file-3.5.3.jar
2023-10-29 12:43:42,439 [Worker-45: Launching mavenrun-bf7ec535-4ff7-49f7-88dc-835eddccb5ee] INFO  o.eclipse.m2e.core.internal.Bundles - 	Entry: C:\Users\arizk\Downloads\eclipse-jee-2023-03-R-win32-x86_64\eclipse\plugins\org.eclipse.m2e.maven.runtime_3.8.701.20230209-1606\jars\wagon-provider-api-3.5.3.jar
2023-10-29 12:43:42,440 [Worker-45: Launching mavenrun-bf7ec535-4ff7-49f7-88dc-835eddccb5ee] INFO  o.eclipse.m2e.core.internal.Bundles - getClasspathEntries(Bundle=com.google.guava_31.1.0.jre [11])
2023-10-29 12:43:42,473 [Worker-45: Launching mavenrun-bf7ec535-4ff7-49f7-88dc-835eddccb5ee] INFO  o.eclipse.m2e.core.internal.Bundles - 	Entry: C:\Users\arizk\Downloads\eclipse-jee-2023-03-R-win32-x86_64\eclipse\plugins\com.google.guava_31.1.0.jre.jar
2023-10-29 12:43:42,474 [Worker-45: Launching mavenrun-bf7ec535-4ff7-49f7-88dc-835eddccb5ee] INFO  o.eclipse.m2e.core.internal.Bundles - getClasspathEntries(Bundle=slf4j.api_1.7.36 [924])
2023-10-29 12:43:42,826 [Worker-45: Launching mavenrun-bf7ec535-4ff7-49f7-88dc-835eddccb5ee] INFO  o.eclipse.m2e.core.internal.Bundles - 	Entry: C:\Users\arizk\Downloads\eclipse-jee-2023-03-R-win32-x86_64\eclipse\plugins\slf4j.api_1.7.36.jar
2023-10-29 12:43:42,826 [Worker-45: Launching mavenrun-bf7ec535-4ff7-49f7-88dc-835eddccb5ee] INFO  o.eclipse.m2e.core.internal.Bundles - getClasspathEntries(Bundle=javax.inject_1.0.0.v20220405-0441 [35])
2023-10-29 12:43:43,036 [Worker-45: Launching mavenrun-bf7ec535-4ff7-49f7-88dc-835eddccb5ee] INFO  o.eclipse.m2e.core.internal.Bundles - 	Entry: C:\Users\arizk\Downloads\eclipse-jee-2023-03-R-win32-x86_64\eclipse\plugins\javax.inject_1.0.0.v20220405-0441.jar
2023-10-29 12:43:43,036 [Worker-45: Launching mavenrun-bf7ec535-4ff7-49f7-88dc-835eddccb5ee] INFO  o.eclipse.m2e.core.internal.Bundles - getClasspathEntries(Bundle=javax.annotation_1.3.5.v20221203-1659 [33])
2023-10-29 12:43:43,350 [Worker-45: Launching mavenrun-bf7ec535-4ff7-49f7-88dc-835eddccb5ee] INFO  o.eclipse.m2e.core.internal.Bundles - 	Entry: C:\Users\arizk\Downloads\eclipse-jee-2023-03-R-win32-x86_64\eclipse\plugins\javax.annotation_1.3.5.v20221203-1659.jar
2023-10-29 12:43:43,350 [Worker-45: Launching mavenrun-bf7ec535-4ff7-49f7-88dc-835eddccb5ee] INFO  o.eclipse.m2e.core.internal.Bundles - getClasspathEntries(Bundle=org.apache.commons.cli_1.4.0.v20221112-0806 [67])
2023-10-29 12:43:43,370 [Worker-45: Launching mavenrun-bf7ec535-4ff7-49f7-88dc-835eddccb5ee] INFO  o.eclipse.m2e.core.internal.Bundles - 	Entry: C:\Users\arizk\Downloads\eclipse-jee-2023-03-R-win32-x86_64\eclipse\plugins\org.apache.commons.cli_1.4.0.v20221112-0806.jar
2023-10-29 12:43:43,370 [Worker-45: Launching mavenrun-bf7ec535-4ff7-49f7-88dc-835eddccb5ee] INFO  o.eclipse.m2e.core.internal.Bundles - getClasspathEntries(Bundle=com.google.guava.failureaccess_1.0.1 [13])
2023-10-29 12:43:43,483 [Worker-45: Launching mavenrun-bf7ec535-4ff7-49f7-88dc-835eddccb5ee] INFO  o.eclipse.m2e.core.internal.Bundles - 	Entry: C:\Users\arizk\Downloads\eclipse-jee-2023-03-R-win32-x86_64\eclipse\plugins\com.google.guava.failureaccess_1.0.1.jar
2023-10-29 12:43:43,490 [Worker-45: Launching mavenrun-bf7ec535-4ff7-49f7-88dc-835eddccb5ee] INFO  o.e.m.i.launch.MavenLaunchDelegate - Run build in "C:\Users\arizk\AppData\Local\Temp\m2e-archetypeGenerator10257449931235885321":
2023-10-29 12:43:43,491 [Worker-45: Launching mavenrun-bf7ec535-4ff7-49f7-88dc-835eddccb5ee] INFO  o.e.m.i.launch.MavenLaunchDelegate -  mvn  -DarchetypeGroupId=org.glassfish.jersey.archetypes -DarchetypeArtifactId=jersey-quickstart-webapp -DarchetypeVersion=3.1.3 -DgroupId=Infinite -DartifactId=EmployClient -Dversion=0.0.1-SNAPSHOT -Dpackage=com.java.ejb -DoutputDirectory=D:\PRRRRRRRRRRR -Dstyle.color=always -U archetype:generate
2023-10-29 12:43:59,362 [Worker-48: Creating jersey-quickstart-webapp] INFO  o.e.m.c.i.p.ProjectConfigurationManager - Collecting project info '/pom.xml' D:\PRRRRRRRRRRR\EmployClient\pom.xml
2023-10-29 12:44:06,866 [Worker-48: Creating jersey-quickstart-webapp] INFO  o.e.m.c.i.l.LifecycleMappingFactory - Using org.maven.ide.eclipse.wtp.WarLifecycleMapping lifecycle mapping for MavenProject: Infinite:EmployClient:0.0.1-SNAPSHOT @ D:\PRRRRRRRRRRR\EmployClient\pom.xml.
2023-10-29 12:44:12,937 [Worker-48: Creating jersey-quickstart-webapp] INFO  o.e.m.j.i.AbstractJavaProjectConfigurator - Adding source folder /EmployClient/src/main/java
2023-10-29 12:44:12,937 [Worker-48: Creating jersey-quickstart-webapp] INFO  o.e.m.j.i.AbstractJavaProjectConfigurator - Adding resource folder /EmployClient/src/main/resources
2023-10-29 12:44:12,959 [Worker-48: Creating jersey-quickstart-webapp] INFO  o.e.m.j.i.AbstractJavaProjectConfigurator - Adding source folder /EmployClient/src/test/java
2023-10-29 12:44:15,442 [Worker-48: Creating jersey-quickstart-webapp] INFO  o.e.m.c.i.embedder.EclipseLogger - Using 'UTF-8' encoding to copy filtered resources.
2023-10-29 12:44:15,445 [Worker-48: Creating jersey-quickstart-webapp] INFO  o.e.m.c.i.embedder.EclipseLogger - Copying 0 resource
2023-10-29 12:44:15,447 [Worker-48: Creating jersey-quickstart-webapp] INFO  o.e.m.c.i.embedder.EclipseLogger - Using 'UTF-8' encoding to copy filtered resources.
2023-10-29 12:44:15,447 [Worker-48: Creating jersey-quickstart-webapp] INFO  o.e.m.c.i.embedder.EclipseLogger - skip non existing resourceDirectory D:\PRRRRRRRRRRR\EmployClient\src\test\resources
2023-10-29 12:44:16,498 [Worker-48: Creating jersey-quickstart-webapp] INFO  o.e.m.c.i.p.ProjectConfigurationManager - Imported and configured 1 project(s) in 17 sec
2023-10-29 12:44:16,728 [Worker-53: Building] INFO  o.e.m.c.i.embedder.EclipseLogger - Using 'UTF-8' encoding to copy filtered resources.
2023-10-29 12:44:16,734 [Worker-53: Building] INFO  o.e.m.c.i.embedder.EclipseLogger - Copying 0 resource
2023-10-29 12:44:16,738 [Worker-53: Building] INFO  o.e.m.c.i.embedder.EclipseLogger - Using 'UTF-8' encoding to copy filtered resources.
2023-10-29 12:44:16,738 [Worker-53: Building] INFO  o.e.m.c.i.embedder.EclipseLogger - skip non existing resourceDirectory D:\PRRRRRRRRRRR\EmployClient\src\test\resources
2023-10-29 12:45:12,380 [Worker-45: Building] ERROR o.e.m.c.i.p.r.ProjectRegistryManager - Could not read pom.xml
org.eclipse.core.runtime.CoreException: Could not read pom.xml
	at org.eclipse.m2e.core.internal.IMavenToolbox.readModel(IMavenToolbox.java:236)
	at org.eclipse.m2e.core.internal.project.registry.ProjectRegistryManager.refreshPhase2(ProjectRegistryManager.java:585)
	at org.eclipse.m2e.core.internal.project.registry.ProjectRegistryManager.refresh(ProjectRegistryManager.java:485)
	at org.eclipse.m2e.core.internal.project.registry.ProjectRegistryManager.refresh(ProjectRegistryManager.java:362)
	at org.eclipse.m2e.core.internal.project.registry.ProjectRegistryManager.refresh(ProjectRegistryManager.java:314)
	at org.eclipse.m2e.core.internal.builder.MavenBuilder$BuildMethod.getProjectFacade(MavenBuilder.java:146)
	at org.eclipse.m2e.core.internal.builder.MavenBuilder$BuildMethod.lambda$0(MavenBuilder.java:84)
	at org.eclipse.m2e.core.internal.embedder.MavenExecutionContext.executeBare(MavenExecutionContext.java:394)
	at org.eclipse.m2e.core.internal.embedder.MavenExecutionContext.execute(MavenExecutionContext.java:275)
	at org.eclipse.m2e.core.internal.embedder.MavenExecutionContext.execute(MavenExecutionContext.java:214)
	at org.eclipse.m2e.core.internal.builder.MavenBuilder$BuildMethod.execute(MavenBuilder.java:83)
	at org.eclipse.m2e.core.internal.builder.MavenBuilder.build(MavenBuilder.java:192)
	at org.eclipse.core.internal.events.BuildManager$2.run(BuildManager.java:1020)
	at org.eclipse.core.runtime.SafeRunner.run(SafeRunner.java:45)
	at org.eclipse.core.internal.events.BuildManager.basicBuild(BuildManager.java:247)
	at org.eclipse.core.internal.events.BuildManager.basicBuild(BuildManager.java:303)
	at org.eclipse.core.internal.events.BuildManager$1.run(BuildManager.java:392)
	at org.eclipse.core.runtime.SafeRunner.run(SafeRunner.java:45)
	at org.eclipse.core.internal.events.BuildManager.basicBuild(BuildManager.java:395)
	at org.eclipse.core.internal.events.BuildManager.basicBuildLoop(BuildManager.java:506)
	at org.eclipse.core.internal.events.BuildManager.basicBuildLoop(BuildManager.java:454)
	at org.eclipse.core.internal.events.BuildManager.build(BuildManager.java:536)
	at org.eclipse.core.internal.events.AutoBuildJob.doBuild(AutoBuildJob.java:196)
	at org.eclipse.core.internal.events.AutoBuildJob.run(AutoBuildJob.java:289)
	at org.eclipse.core.internal.jobs.Worker.run(Worker.java:63)
Caused by: org.apache.maven.model.io.ModelParseException: Unrecognised tag: 'dependencies' (position: START_TAG seen ...<dependencies>\r\n\t\t\r\n\t\t\t <dependencies>... @47:19) 
	at org.apache.maven.model.io.DefaultModelReader.read(DefaultModelReader.java:117)
	at org.apache.maven.model.io.DefaultModelReader.read(DefaultModelReader.java:85)
	at org.eclipse.m2e.core.internal.IMavenToolbox.readModel(IMavenToolbox.java:234)
	... 24 common frames omitted
Caused by: org.codehaus.plexus.util.xml.pull.XmlPullParserException: Unrecognised tag: 'dependencies' (position: START_TAG seen ...<dependencies>\r\n\t\t\r\n\t\t\t <dependencies>... @47:19) 
	at org.apache.maven.model.io.xpp3.MavenXpp3Reader.checkUnknownElement(MavenXpp3Reader.java:178)
	at org.apache.maven.model.io.xpp3.MavenXpp3Reader.parseModel(MavenXpp3Reader.java:2243)
	at org.apache.maven.model.io.xpp3.MavenXpp3Reader.read(MavenXpp3Reader.java:3872)
	at org.apache.maven.model.io.xpp3.MavenXpp3Reader.read(MavenXpp3Reader.java:595)
	at org.apache.maven.model.io.DefaultModelReader.read(DefaultModelReader.java:112)
	... 26 common frames omitted
2023-10-29 12:45:13,637 [Worker-45: Building] ERROR o.e.m.c.i.p.r.ProjectRegistryManager - Could not read pom.xml
org.eclipse.core.runtime.CoreException: Could not read pom.xml
	at org.eclipse.m2e.core.internal.IMavenToolbox.readModel(IMavenToolbox.java:236)
	at org.eclipse.m2e.core.internal.project.registry.ProjectRegistryManager.refreshPhase2(ProjectRegistryManager.java:585)
	at org.eclipse.m2e.core.internal.project.registry.ProjectRegistryManager.refresh(ProjectRegistryManager.java:485)
	at org.eclipse.m2e.core.internal.project.registry.ProjectRegistryManager.refresh(ProjectRegistryManager.java:362)
	at org.eclipse.m2e.core.internal.project.registry.ProjectRegistryManager.refresh(ProjectRegistryManager.java:314)
	at org.eclipse.m2e.core.internal.builder.MavenBuilder$BuildMethod.getProjectFacade(MavenBuilder.java:146)
	at org.eclipse.m2e.core.internal.builder.MavenBuilder$BuildMethod.lambda$0(MavenBuilder.java:84)
	at org.eclipse.m2e.core.internal.embedder.MavenExecutionContext.executeBare(MavenExecutionContext.java:394)
	at org.eclipse.m2e.core.internal.embedder.MavenExecutionContext.execute(MavenExecutionContext.java:275)
	at org.eclipse.m2e.core.internal.embedder.MavenExecutionContext.execute(MavenExecutionContext.java:214)
	at org.eclipse.m2e.core.internal.builder.MavenBuilder$BuildMethod.execute(MavenBuilder.java:83)
	at org.eclipse.m2e.core.internal.builder.MavenBuilder.build(MavenBuilder.java:192)
	at org.eclipse.core.internal.events.BuildManager$2.run(BuildManager.java:1020)
	at org.eclipse.core.runtime.SafeRunner.run(SafeRunner.java:45)
	at org.eclipse.core.internal.events.BuildManager.basicBuild(BuildManager.java:247)
	at org.eclipse.core.internal.events.BuildManager.basicBuild(BuildManager.java:303)
	at org.eclipse.core.internal.events.BuildManager$1.run(BuildManager.java:392)
	at org.eclipse.core.runtime.SafeRunner.run(SafeRunner.java:45)
	at org.eclipse.core.internal.events.BuildManager.basicBuild(BuildManager.java:395)
	at org.eclipse.core.internal.events.BuildManager.basicBuildLoop(BuildManager.java:506)
	at org.eclipse.core.internal.events.BuildManager.basicBuildLoop(BuildManager.java:454)
	at org.eclipse.core.internal.events.BuildManager.build(BuildManager.java:536)
	at org.eclipse.core.internal.events.AutoBuildJob.doBuild(AutoBuildJob.java:196)
	at org.eclipse.core.internal.events.AutoBuildJob.run(AutoBuildJob.java:289)
	at org.eclipse.core.internal.jobs.Worker.run(Worker.java:63)
Caused by: org.apache.maven.model.io.ModelParseException: Unrecognised tag: 'dependencies' (position: START_TAG seen ...<dependencies>\r\n\t\t\r\n\t\t\t <dependencies>... @47:19) 
	at org.apache.maven.model.io.DefaultModelReader.read(DefaultModelReader.java:117)
	at org.apache.maven.model.io.DefaultModelReader.read(DefaultModelReader.java:85)
	at org.eclipse.m2e.core.internal.IMavenToolbox.readModel(IMavenToolbox.java:234)
	... 24 common frames omitted
Caused by: org.codehaus.plexus.util.xml.pull.XmlPullParserException: Unrecognised tag: 'dependencies' (position: START_TAG seen ...<dependencies>\r\n\t\t\r\n\t\t\t <dependencies>... @47:19) 
	at org.apache.maven.model.io.xpp3.MavenXpp3Reader.checkUnknownElement(MavenXpp3Reader.java:178)
	at org.apache.maven.model.io.xpp3.MavenXpp3Reader.parseModel(MavenXpp3Reader.java:2243)
	at org.apache.maven.model.io.xpp3.MavenXpp3Reader.read(MavenXpp3Reader.java:3872)
	at org.apache.maven.model.io.xpp3.MavenXpp3Reader.read(MavenXpp3Reader.java:595)
	at org.apache.maven.model.io.DefaultModelReader.read(DefaultModelReader.java:112)
	... 26 common frames omitted
2023-10-29 12:45:13,667 [Worker-45: Building] ERROR o.e.m.c.i.p.r.ProjectRegistryManager - Failed to read Maven project: Some problems were encountered while processing the POMs:
[FATAL] Non-parseable POM D:\PRRRRRRRRRRR\EmployClient\pom.xml: end tag name </project> must match start tag name <dependencies> from line 45 (position: TEXT seen ...</properties>\r\n</project>... @115:11)  @ line 115, column 11

org.apache.maven.project.ProjectBuildingException: Some problems were encountered while processing the POMs:
[FATAL] Non-parseable POM D:\PRRRRRRRRRRR\EmployClient\pom.xml: end tag name </project> must match start tag name <dependencies> from line 45 (position: TEXT seen ...</properties>\r\n</project>... @115:11)  @ line 115, column 11

	at org.eclipse.m2e.core.internal.IMavenToolbox.readMavenProjects(IMavenToolbox.java:131)
	at org.eclipse.m2e.core.internal.project.registry.ProjectRegistryManager.lambda$20(ProjectRegistryManager.java:902)
	at org.eclipse.m2e.core.internal.embedder.MavenExecutionContext.executeBare(MavenExecutionContext.java:394)
	at org.eclipse.m2e.core.internal.embedder.MavenExecutionContext.execute(MavenExecutionContext.java:275)
	at org.eclipse.m2e.core.internal.embedder.MavenExecutionContext.execute(MavenExecutionContext.java:214)
	at org.eclipse.m2e.core.internal.project.registry.ProjectRegistryManager.readProjectsWithDependencies(ProjectRegistryManager.java:898)
	at org.eclipse.m2e.core.internal.project.registry.ProjectRegistryManager.create(ProjectRegistryManager.java:214)
	at org.eclipse.m2e.core.internal.project.registry.MavenProjectManager.create(MavenProjectManager.java:105)
	at org.fusesource.ide.camel.model.service.core.util.CamelMavenUtils.getMavenProjectFacade(CamelMavenUtils.java:109)
	at org.fusesource.ide.camel.model.service.core.util.CamelMavenUtils.getDependencyList(CamelMavenUtils.java:198)
	at org.fusesource.ide.camel.model.service.core.util.CamelMavenUtils.getDependencyList(CamelMavenUtils.java:194)
	at org.fusesource.ide.camel.model.service.core.util.CamelMavenUtils.getCamelVersionFromMaven(CamelMavenUtils.java:137)
	at org.fusesource.ide.camel.model.service.core.util.ProjectClasspathChangedListener.notifyClasspathChanged(ProjectClasspathChangedListener.java:145)
	at org.fusesource.ide.camel.model.service.core.util.ProjectClasspathChangedListener.visit(ProjectClasspathChangedListener.java:134)
	at org.fusesource.ide.camel.model.service.core.util.ProjectClasspathChangedListener.visitChildren(ProjectClasspathChangedListener.java:89)
	at org.fusesource.ide.camel.model.service.core.util.ProjectClasspathChangedListener.visit(ProjectClasspathChangedListener.java:130)
	at org.fusesource.ide.camel.model.service.core.util.ProjectClasspathChangedListener.elementChanged(ProjectClasspathChangedListener.java:62)
	at org.eclipse.jdt.internal.core.DeltaProcessor$3.run(DeltaProcessor.java:1757)
	at org.eclipse.core.runtime.SafeRunner.run(SafeRunner.java:45)
	at org.eclipse.jdt.internal.core.DeltaProcessor.notifyListeners(DeltaProcessor.java:1745)
	at org.eclipse.jdt.internal.core.DeltaProcessor.firePostChangeDelta(DeltaProcessor.java:1578)
	at org.eclipse.jdt.internal.core.DeltaProcessor.fire(DeltaProcessor.java:1554)
	at org.eclipse.jdt.internal.core.DeltaProcessor.notifyAndFire(DeltaProcessor.java:2275)
	at org.eclipse.jdt.internal.core.DeltaProcessor.resourceChanged(DeltaProcessor.java:2165)
	at org.eclipse.jdt.internal.core.DeltaProcessingState.resourceChanged(DeltaProcessingState.java:501)
	at org.eclipse.core.internal.events.NotificationManager$1.run(NotificationManager.java:307)
	at org.eclipse.core.runtime.SafeRunner.run(SafeRunner.java:45)
	at org.eclipse.core.internal.events.NotificationManager.notify(NotificationManager.java:297)
	at org.eclipse.core.internal.events.NotificationManager.broadcastChanges(NotificationManager.java:160)
	at org.eclipse.core.internal.resources.Workspace.broadcastPostChange(Workspace.java:388)
	at org.eclipse.core.internal.resources.Workspace.endOperation(Workspace.java:1514)
	at org.eclipse.core.internal.events.AutoBuildJob.doBuild(AutoBuildJob.java:210)
	at org.eclipse.core.internal.events.AutoBuildJob.run(AutoBuildJob.java:289)
	at org.eclipse.core.internal.jobs.Worker.run(Worker.java:63)
2023-10-29 12:45:13,673 [Worker-45: Building] ERROR o.e.m.c.i.p.r.ProjectRegistryManager - Failed to read Maven project: Some problems were encountered while processing the POMs:
[FATAL] Non-parseable POM D:\PRRRRRRRRRRR\EmployClient\pom.xml: end tag name </project> must match start tag name <dependencies> from line 45 (position: TEXT seen ...</properties>\r\n</project>... @115:11)  @ line 115, column 11

org.apache.maven.project.ProjectBuildingException: Some problems were encountered while processing the POMs:
[FATAL] Non-parseable POM D:\PRRRRRRRRRRR\EmployClient\pom.xml: end tag name </project> must match start tag name <dependencies> from line 45 (position: TEXT seen ...</properties>\r\n</project>... @115:11)  @ line 115, column 11

	at org.eclipse.m2e.core.internal.IMavenToolbox.readMavenProjects(IMavenToolbox.java:131)
	at org.eclipse.m2e.core.internal.project.registry.ProjectRegistryManager.lambda$20(ProjectRegistryManager.java:902)
	at org.eclipse.m2e.core.internal.embedder.MavenExecutionContext.executeBare(MavenExecutionContext.java:394)
	at org.eclipse.m2e.core.internal.embedder.MavenExecutionContext.execute(MavenExecutionContext.java:275)
	at org.eclipse.m2e.core.internal.embedder.MavenExecutionContext.execute(MavenExecutionContext.java:214)
	at org.eclipse.m2e.core.internal.project.registry.ProjectRegistryManager.readProjectsWithDependencies(ProjectRegistryManager.java:898)
	at org.eclipse.m2e.core.internal.project.registry.ProjectRegistryManager.create(ProjectRegistryManager.java:214)
	at org.eclipse.m2e.core.internal.project.registry.MavenProjectManager.create(MavenProjectManager.java:105)
	at org.fusesource.ide.camel.model.service.core.util.CamelMavenUtils.getMavenProjectFacade(CamelMavenUtils.java:109)
	at org.fusesource.ide.camel.model.service.core.util.CamelMavenUtils.getRepositories(CamelMavenUtils.java:46)
	at org.fusesource.ide.camel.model.service.core.catalog.cache.CamelCatalogCacheManager.getCamelModelForProject(CamelCatalogCacheManager.java:130)
	at org.fusesource.ide.camel.model.service.core.util.ProjectClasspathChangedListener.notifyClasspathChanged(ProjectClasspathChangedListener.java:156)
	at org.fusesource.ide.camel.model.service.core.util.ProjectClasspathChangedListener.visit(ProjectClasspathChangedListener.java:134)
	at org.fusesource.ide.camel.model.service.core.util.ProjectClasspathChangedListener.visitChildren(ProjectClasspathChangedListener.java:89)
	at org.fusesource.ide.camel.model.service.core.util.ProjectClasspathChangedListener.visit(ProjectClasspathChangedListener.java:130)
	at org.fusesource.ide.camel.model.service.core.util.ProjectClasspathChangedListener.elementChanged(ProjectClasspathChangedListener.java:62)
	at org.eclipse.jdt.internal.core.DeltaProcessor$3.run(DeltaProcessor.java:1757)
	at org.eclipse.core.runtime.SafeRunner.run(SafeRunner.java:45)
	at org.eclipse.jdt.internal.core.DeltaProcessor.notifyListeners(DeltaProcessor.java:1745)
	at org.eclipse.jdt.internal.core.DeltaProcessor.firePostChangeDelta(DeltaProcessor.java:1578)
	at org.eclipse.jdt.internal.core.DeltaProcessor.fire(DeltaProcessor.java:1554)
	at org.eclipse.jdt.internal.core.DeltaProcessor.notifyAndFire(DeltaProcessor.java:2275)
	at org.eclipse.jdt.internal.core.DeltaProcessor.resourceChanged(DeltaProcessor.java:2165)
	at org.eclipse.jdt.internal.core.DeltaProcessingState.resourceChanged(DeltaProcessingState.java:501)
	at org.eclipse.core.internal.events.NotificationManager$1.run(NotificationManager.java:307)
	at org.eclipse.core.runtime.SafeRunner.run(SafeRunner.java:45)
	at org.eclipse.core.internal.events.NotificationManager.notify(NotificationManager.java:297)
	at org.eclipse.core.internal.events.NotificationManager.broadcastChanges(NotificationManager.java:160)
	at org.eclipse.core.internal.resources.Workspace.broadcastPostChange(Workspace.java:388)
	at org.eclipse.core.internal.resources.Workspace.endOperation(Workspace.java:1514)
	at org.eclipse.core.internal.events.AutoBuildJob.doBuild(AutoBuildJob.java:210)
	at org.eclipse.core.internal.events.AutoBuildJob.run(AutoBuildJob.java:289)
	at org.eclipse.core.internal.jobs.Worker.run(Worker.java:63)
2023-10-29 12:46:33,787 [Worker-54: Building] INFO  o.e.m.c.i.l.LifecycleMappingFactory - Using org.maven.ide.eclipse.wtp.WarLifecycleMapping lifecycle mapping for MavenProject: Infinite:EmployClient:0.0.1-SNAPSHOT @ D:\PRRRRRRRRRRR\EmployClient\pom.xml.
2023-10-29 12:46:44,206 [Worker-54: Building] INFO  o.e.m.c.i.embedder.EclipseLogger - Using 'UTF-8' encoding to copy filtered resources.
2023-10-29 12:46:44,209 [Worker-54: Building] INFO  o.e.m.c.i.embedder.EclipseLogger - Copying 0 resource
2023-10-29 12:46:44,213 [Worker-54: Building] INFO  o.e.m.c.i.embedder.EclipseLogger - Using 'UTF-8' encoding to copy filtered resources.
2023-10-29 12:46:44,213 [Worker-54: Building] INFO  o.e.m.c.i.embedder.EclipseLogger - skip non existing resourceDirectory D:\PRRRRRRRRRRR\EmployClient\src\test\resources
2023-10-29 12:46:44,214 [Worker-54: Building] INFO  o.e.m.w.i.f.ResourceFilteringBuildParticipant - Changed resources require a complete clean of filtered resources of EmployClient
2023-10-29 12:46:44,215 [Worker-54: Building] INFO  o.e.m.w.i.f.ResourceFilteringBuildParticipant - Executing resource filtering for EmployClient
2023-10-29 12:46:56,472 [Worker-57: Building] ERROR o.e.m.c.i.p.r.ProjectRegistryManager - Could not read pom.xml
org.eclipse.core.runtime.CoreException: Could not read pom.xml
	at org.eclipse.m2e.core.internal.IMavenToolbox.readModel(IMavenToolbox.java:236)
	at org.eclipse.m2e.core.internal.project.registry.ProjectRegistryManager.refreshPhase2(ProjectRegistryManager.java:585)
	at org.eclipse.m2e.core.internal.project.registry.ProjectRegistryManager.refresh(ProjectRegistryManager.java:485)
	at org.eclipse.m2e.core.internal.project.registry.ProjectRegistryManager.refresh(ProjectRegistryManager.java:362)
	at org.eclipse.m2e.core.internal.project.registry.ProjectRegistryManager.refresh(ProjectRegistryManager.java:314)
	at org.eclipse.m2e.core.internal.builder.MavenBuilder$BuildMethod.getProjectFacade(MavenBuilder.java:146)
	at org.eclipse.m2e.core.internal.builder.MavenBuilder$BuildMethod.lambda$0(MavenBuilder.java:84)
	at org.eclipse.m2e.core.internal.embedder.MavenExecutionContext.executeBare(MavenExecutionContext.java:394)
	at org.eclipse.m2e.core.internal.embedder.MavenExecutionContext.execute(MavenExecutionContext.java:275)
	at org.eclipse.m2e.core.internal.embedder.MavenExecutionContext.execute(MavenExecutionContext.java:214)
	at org.eclipse.m2e.core.internal.builder.MavenBuilder$BuildMethod.execute(MavenBuilder.java:83)
	at org.eclipse.m2e.core.internal.builder.MavenBuilder.build(MavenBuilder.java:192)
	at org.eclipse.core.internal.events.BuildManager$2.run(BuildManager.java:1020)
	at org.eclipse.core.runtime.SafeRunner.run(SafeRunner.java:45)
	at org.eclipse.core.internal.events.BuildManager.basicBuild(BuildManager.java:247)
	at org.eclipse.core.internal.events.BuildManager.basicBuild(BuildManager.java:303)
	at org.eclipse.core.internal.events.BuildManager$1.run(BuildManager.java:392)
	at org.eclipse.core.runtime.SafeRunner.run(SafeRunner.java:45)
	at org.eclipse.core.internal.events.BuildManager.basicBuild(BuildManager.java:395)
	at org.eclipse.core.internal.events.BuildManager.basicBuildLoop(BuildManager.java:506)
	at org.eclipse.core.internal.events.BuildManager.basicBuildLoop(BuildManager.java:454)
	at org.eclipse.core.internal.events.BuildManager.build(BuildManager.java:536)
	at org.eclipse.core.internal.events.AutoBuildJob.doBuild(AutoBuildJob.java:196)
	at org.eclipse.core.internal.events.AutoBuildJob.run(AutoBuildJob.java:289)
	at org.eclipse.core.internal.jobs.Worker.run(Worker.java:63)
Caused by: org.apache.maven.model.io.ModelParseException: Unrecognised tag: 'dependency' (position: START_TAG seen ...</dependencyManagement>\r\n\r\n   \r\n\t\t\r\n\t\t\t\r\n\t\t<dependency>... @48:15) 
	at org.apache.maven.model.io.DefaultModelReader.read(DefaultModelReader.java:117)
	at org.apache.maven.model.io.DefaultModelReader.read(DefaultModelReader.java:85)
	at org.eclipse.m2e.core.internal.IMavenToolbox.readModel(IMavenToolbox.java:234)
	... 24 common frames omitted
Caused by: org.codehaus.plexus.util.xml.pull.XmlPullParserException: Unrecognised tag: 'dependency' (position: START_TAG seen ...</dependencyManagement>\r\n\r\n   \r\n\t\t\r\n\t\t\t\r\n\t\t<dependency>... @48:15) 
	at org.apache.maven.model.io.xpp3.MavenXpp3Reader.checkUnknownElement(MavenXpp3Reader.java:178)
	at org.apache.maven.model.io.xpp3.MavenXpp3Reader.parseModel(MavenXpp3Reader.java:2309)
	at org.apache.maven.model.io.xpp3.MavenXpp3Reader.read(MavenXpp3Reader.java:3872)
	at org.apache.maven.model.io.xpp3.MavenXpp3Reader.read(MavenXpp3Reader.java:595)
	at org.apache.maven.model.io.DefaultModelReader.read(DefaultModelReader.java:112)
	... 26 common frames omitted
2023-10-29 12:46:56,793 [Worker-43: Validation] ERROR o.e.m.c.i.p.r.ProjectRegistryManager - Failed to read Maven project: Some problems were encountered while processing the POMs:
[FATAL] Non-parseable POM D:\PRRRRRRRRRRR\EmployClient\pom.xml: end tag name </dependencies> must match start tag name <project> from line 1 (position: TEXT seen ...</dependency>\r\n        -->\r\n    </dependencies>... @109:20)  @ line 109, column 20

org.apache.maven.project.ProjectBuildingException: Some problems were encountered while processing the POMs:
[FATAL] Non-parseable POM D:\PRRRRRRRRRRR\EmployClient\pom.xml: end tag name </dependencies> must match start tag name <project> from line 1 (position: TEXT seen ...</dependency>\r\n        -->\r\n    </dependencies>... @109:20)  @ line 109, column 20

	at org.eclipse.m2e.core.internal.IMavenToolbox.readMavenProjects(IMavenToolbox.java:131)
	at org.eclipse.m2e.core.internal.project.registry.ProjectRegistryManager.lambda$20(ProjectRegistryManager.java:902)
	at org.eclipse.m2e.core.internal.embedder.MavenExecutionContext.executeBare(MavenExecutionContext.java:394)
	at org.eclipse.m2e.core.internal.embedder.MavenExecutionContext.execute(MavenExecutionContext.java:275)
	at org.eclipse.m2e.core.internal.embedder.MavenExecutionContext.execute(MavenExecutionContext.java:214)
	at org.eclipse.m2e.core.internal.project.registry.ProjectRegistryManager.readProjectsWithDependencies(ProjectRegistryManager.java:898)
	at org.eclipse.m2e.core.internal.project.registry.ProjectRegistryManager.create(ProjectRegistryManager.java:214)
	at org.eclipse.m2e.core.internal.project.registry.MavenProjectManager.create(MavenProjectManager.java:105)
	at org.fusesource.ide.camel.model.service.core.util.CamelMavenUtils.getMavenProjectFacade(CamelMavenUtils.java:109)
	at org.fusesource.ide.camel.model.service.core.util.CamelMavenUtils.getDependencyList(CamelMavenUtils.java:198)
	at org.fusesource.ide.camel.model.service.core.util.CamelMavenUtils.getDependencyList(CamelMavenUtils.java:194)
	at org.fusesource.ide.camel.model.service.core.util.CamelMavenUtils.getCamelVersionFromMaven(CamelMavenUtils.java:137)
	at org.fusesource.ide.camel.model.service.core.util.ProjectClasspathChangedListener.notifyClasspathChanged(ProjectClasspathChangedListener.java:145)
	at org.fusesource.ide.camel.model.service.core.util.ProjectClasspathChangedListener.visit(ProjectClasspathChangedListener.java:134)
	at org.fusesource.ide.camel.model.service.core.util.ProjectClasspathChangedListener.visitChildren(ProjectClasspathChangedListener.java:89)
	at org.fusesource.ide.camel.model.service.core.util.ProjectClasspathChangedListener.visit(ProjectClasspathChangedListener.java:130)
	at org.fusesource.ide.camel.model.service.core.util.ProjectClasspathChangedListener.elementChanged(ProjectClasspathChangedListener.java:62)
	at org.eclipse.jdt.internal.core.DeltaProcessor$3.run(DeltaProcessor.java:1757)
	at org.eclipse.core.runtime.SafeRunner.run(SafeRunner.java:45)
	at org.eclipse.jdt.internal.core.DeltaProcessor.notifyListeners(DeltaProcessor.java:1745)
	at org.eclipse.jdt.internal.core.DeltaProcessor.firePostChangeDelta(DeltaProcessor.java:1578)
	at org.eclipse.jdt.internal.core.DeltaProcessor.fire(DeltaProcessor.java:1554)
	at org.eclipse.jdt.internal.core.DeltaProcessor.notifyAndFire(DeltaProcessor.java:2275)
	at org.eclipse.jdt.internal.core.DeltaProcessor.resourceChanged(DeltaProcessor.java:2165)
	at org.eclipse.jdt.internal.core.DeltaProcessingState.resourceChanged(DeltaProcessingState.java:501)
	at org.eclipse.core.internal.events.NotificationManager$1.run(NotificationManager.java:307)
	at org.eclipse.core.runtime.SafeRunner.run(SafeRunner.java:45)
	at org.eclipse.core.internal.events.NotificationManager.notify(NotificationManager.java:297)
	at org.eclipse.core.internal.events.NotificationManager.broadcastChanges(NotificationManager.java:160)
	at org.eclipse.core.internal.resources.Workspace.broadcastPostChange(Workspace.java:388)
	at org.eclipse.core.internal.resources.Workspace.endOperation(Workspace.java:1514)
	at org.eclipse.core.internal.resources.InternalWorkspaceJob.run(InternalWorkspaceJob.java:50)
	at org.eclipse.core.internal.jobs.Worker.run(Worker.java:63)
2023-10-29 12:46:57,661 [Worker-48: Building] ERROR o.e.m.c.i.p.r.ProjectRegistryManager - Could not read pom.xml
org.eclipse.core.runtime.CoreException: Could not read pom.xml
	at org.eclipse.m2e.core.internal.IMavenToolbox.readModel(IMavenToolbox.java:236)
	at org.eclipse.m2e.core.internal.project.registry.ProjectRegistryManager.refreshPhase2(ProjectRegistryManager.java:585)
	at org.eclipse.m2e.core.internal.project.registry.ProjectRegistryManager.refresh(ProjectRegistryManager.java:485)
	at org.eclipse.m2e.core.internal.project.registry.ProjectRegistryManager.refresh(ProjectRegistryManager.java:362)
	at org.eclipse.m2e.core.internal.project.registry.ProjectRegistryManager.refresh(ProjectRegistryManager.java:314)
	at org.eclipse.m2e.core.internal.builder.MavenBuilder$BuildMethod.getProjectFacade(MavenBuilder.java:146)
	at org.eclipse.m2e.core.internal.builder.MavenBuilder$BuildMethod.lambda$0(MavenBuilder.java:84)
	at org.eclipse.m2e.core.internal.embedder.MavenExecutionContext.executeBare(MavenExecutionContext.java:394)
	at org.eclipse.m2e.core.internal.embedder.MavenExecutionContext.execute(MavenExecutionContext.java:275)
	at org.eclipse.m2e.core.internal.embedder.MavenExecutionContext.execute(MavenExecutionContext.java:214)
	at org.eclipse.m2e.core.internal.builder.MavenBuilder$BuildMethod.execute(MavenBuilder.java:83)
	at org.eclipse.m2e.core.internal.builder.MavenBuilder.build(MavenBuilder.java:192)
	at org.eclipse.core.internal.events.BuildManager$2.run(BuildManager.java:1020)
	at org.eclipse.core.runtime.SafeRunner.run(SafeRunner.java:45)
	at org.eclipse.core.internal.events.BuildManager.basicBuild(BuildManager.java:247)
	at org.eclipse.core.internal.events.BuildManager.basicBuild(BuildManager.java:303)
	at org.eclipse.core.internal.events.BuildManager$1.run(BuildManager.java:392)
	at org.eclipse.core.runtime.SafeRunner.run(SafeRunner.java:45)
	at org.eclipse.core.internal.events.BuildManager.basicBuild(BuildManager.java:395)
	at org.eclipse.core.internal.events.BuildManager.basicBuildLoop(BuildManager.java:506)
	at org.eclipse.core.internal.events.BuildManager.basicBuildLoop(BuildManager.java:454)
	at org.eclipse.core.internal.events.BuildManager.build(BuildManager.java:536)
	at org.eclipse.core.internal.events.AutoBuildJob.doBuild(AutoBuildJob.java:196)
	at org.eclipse.core.internal.events.AutoBuildJob.run(AutoBuildJob.java:289)
	at org.eclipse.core.internal.jobs.Worker.run(Worker.java:63)
Caused by: org.apache.maven.model.io.ModelParseException: Unrecognised tag: 'dependency' (position: START_TAG seen ...</dependencyManagement>\r\n\r\n   \r\n\t\t\r\n\t\t\t\r\n\t\t<dependency>... @48:15) 
	at org.apache.maven.model.io.DefaultModelReader.read(DefaultModelReader.java:117)
	at org.apache.maven.model.io.DefaultModelReader.read(DefaultModelReader.java:85)
	at org.eclipse.m2e.core.internal.IMavenToolbox.readModel(IMavenToolbox.java:234)
	... 24 common frames omitted
Caused by: org.codehaus.plexus.util.xml.pull.XmlPullParserException: Unrecognised tag: 'dependency' (position: START_TAG seen ...</dependencyManagement>\r\n\r\n   \r\n\t\t\r\n\t\t\t\r\n\t\t<dependency>... @48:15) 
	at org.apache.maven.model.io.xpp3.MavenXpp3Reader.checkUnknownElement(MavenXpp3Reader.java:178)
	at org.apache.maven.model.io.xpp3.MavenXpp3Reader.parseModel(MavenXpp3Reader.java:2309)
	at org.apache.maven.model.io.xpp3.MavenXpp3Reader.read(MavenXpp3Reader.java:3872)
	at org.apache.maven.model.io.xpp3.MavenXpp3Reader.read(MavenXpp3Reader.java:595)
	at org.apache.maven.model.io.DefaultModelReader.read(DefaultModelReader.java:112)
	... 26 common frames omitted
2023-10-29 12:47:04,419 [Worker-48: Building] INFO  o.e.m.c.i.l.LifecycleMappingFactory - Using org.maven.ide.eclipse.wtp.WarLifecycleMapping lifecycle mapping for MavenProject: Infinite:EmployClient:0.0.1-SNAPSHOT @ D:\PRRRRRRRRRRR\EmployClient\pom.xml.
2023-10-29 12:47:05,470 [Worker-48: Building] INFO  o.e.m.c.i.embedder.EclipseLogger - Using 'UTF-8' encoding to copy filtered resources.
2023-10-29 12:47:05,473 [Worker-48: Building] INFO  o.e.m.c.i.embedder.EclipseLogger - Copying 0 resource
2023-10-29 12:47:05,477 [Worker-48: Building] INFO  o.e.m.c.i.embedder.EclipseLogger - Using 'UTF-8' encoding to copy filtered resources.
2023-10-29 12:47:05,477 [Worker-48: Building] INFO  o.e.m.c.i.embedder.EclipseLogger - skip non existing resourceDirectory D:\PRRRRRRRRRRR\EmployClient\src\test\resources
2023-10-29 12:47:05,477 [Worker-48: Building] INFO  o.e.m.w.i.f.ResourceFilteringBuildParticipant - Changed resources require a complete clean of filtered resources of EmployClient
2023-10-29 12:47:05,477 [Worker-48: Building] INFO  o.e.m.w.i.f.ResourceFilteringBuildParticipant - Executing resource filtering for EmployClient
2023-10-29 12:48:47,999 [Worker-59: Building Workspace] INFO  o.e.m.c.i.l.LifecycleMappingFactory - Using org.maven.ide.eclipse.wtp.WarLifecycleMapping lifecycle mapping for MavenProject: Infinite:EmployClient:0.0.1-SNAPSHOT @ D:\PRRRRRRRRRRR\EmployClient\pom.xml.
2023-10-29 12:48:49,303 [Worker-59: Building Workspace] INFO  o.e.m.c.i.embedder.EclipseLogger - Using 'UTF-8' encoding to copy filtered resources.
2023-10-29 12:48:49,326 [Worker-59: Building Workspace] INFO  o.e.m.c.i.embedder.EclipseLogger - Copying 0 resource
2023-10-29 12:48:49,330 [Worker-59: Building Workspace] INFO  o.e.m.c.i.embedder.EclipseLogger - Using 'UTF-8' encoding to copy filtered resources.
2023-10-29 12:48:49,330 [Worker-59: Building Workspace] INFO  o.e.m.c.i.embedder.EclipseLogger - skip non existing resourceDirectory D:\PRRRRRRRRRRR\EmployClient\src\test\resources
2023-10-29 12:48:49,331 [Worker-59: Building Workspace] INFO  o.e.m.w.i.f.ResourceFilteringBuildParticipant - Changed resources require a complete clean of filtered resources of EmployClient
2023-10-29 12:48:49,331 [Worker-59: Building Workspace] INFO  o.e.m.w.i.f.ResourceFilteringBuildParticipant - Executing resource filtering for EmployClient
2023-10-29 12:49:19,789 [Worker-58: Building] INFO  o.e.m.c.i.embedder.EclipseLogger - Using 'UTF-8' encoding to copy filtered resources.
2023-10-29 12:49:19,789 [Worker-58: Building] INFO  o.e.m.c.i.embedder.EclipseLogger - Copying 0 resource
2023-10-29 12:49:19,791 [Worker-58: Building] INFO  o.e.m.c.i.embedder.EclipseLogger - Using 'UTF-8' encoding to copy filtered resources.
2023-10-29 12:49:19,791 [Worker-58: Building] INFO  o.e.m.c.i.embedder.EclipseLogger - skip non existing resourceDirectory D:\PRRRRRRRRRRR\EmployClient\src\test\resources
2023-10-29 12:50:12,458 [Worker-57: Building] INFO  o.e.m.c.i.embedder.EclipseLogger - Using 'UTF-8' encoding to copy filtered resources.
2023-10-29 12:50:12,459 [Worker-57: Building] INFO  o.e.m.c.i.embedder.EclipseLogger - Copying 0 resource
2023-10-29 12:50:12,461 [Worker-57: Building] INFO  o.e.m.c.i.embedder.EclipseLogger - Using 'UTF-8' encoding to copy filtered resources.
2023-10-29 12:50:12,461 [Worker-57: Building] INFO  o.e.m.c.i.embedder.EclipseLogger - skip non existing resourceDirectory D:\PRRRRRRRRRRR\EmployClient\src\test\resources
2023-10-29 12:51:09,257 [Worker-59: Building] INFO  o.e.m.c.i.embedder.EclipseLogger - Using 'UTF-8' encoding to copy filtered resources.
2023-10-29 12:51:09,258 [Worker-59: Building] INFO  o.e.m.c.i.embedder.EclipseLogger - Copying 0 resource
2023-10-29 12:51:09,261 [Worker-59: Building] INFO  o.e.m.c.i.embedder.EclipseLogger - Using 'UTF-8' encoding to copy filtered resources.
2023-10-29 12:51:09,261 [Worker-59: Building] INFO  o.e.m.c.i.embedder.EclipseLogger - skip non existing resourceDirectory D:\PRRRRRRRRRRR\EmployClient\src\test\resources
2023-10-29 12:54:39,713 [Worker-62: Building] INFO  o.e.m.c.i.embedder.EclipseLogger - Using 'UTF-8' encoding to copy filtered resources.
2023-10-29 12:54:39,714 [Worker-62: Building] INFO  o.e.m.c.i.embedder.EclipseLogger - Copying 0 resource
2023-10-29 12:54:39,716 [Worker-62: Building] INFO  o.e.m.c.i.embedder.EclipseLogger - Using 'UTF-8' encoding to copy filtered resources.
2023-10-29 12:54:39,716 [Worker-62: Building] INFO  o.e.m.c.i.embedder.EclipseLogger - skip non existing resourceDirectory D:\PRRRRRRRRRRR\EmployClient\src\test\resources
2023-10-29 12:57:32,064 [Worker-57: Building] INFO  o.e.m.c.i.embedder.EclipseLogger - Using 'UTF-8' encoding to copy filtered resources.
2023-10-29 12:57:32,065 [Worker-57: Building] INFO  o.e.m.c.i.embedder.EclipseLogger - Copying 0 resource
2023-10-29 12:57:32,067 [Worker-57: Building] INFO  o.e.m.c.i.embedder.EclipseLogger - Using 'UTF-8' encoding to copy filtered resources.
2023-10-29 12:57:32,067 [Worker-57: Building] INFO  o.e.m.c.i.embedder.EclipseLogger - skip non existing resourceDirectory D:\PRRRRRRRRRRR\EmployClient\src\test\resources
2023-10-29 12:57:40,560 [Worker-57: Building] INFO  o.e.m.c.i.embedder.EclipseLogger - Using 'UTF-8' encoding to copy filtered resources.
2023-10-29 12:57:40,561 [Worker-57: Building] INFO  o.e.m.c.i.embedder.EclipseLogger - Copying 0 resource
2023-10-29 12:57:40,563 [Worker-57: Building] INFO  o.e.m.c.i.embedder.EclipseLogger - Using 'UTF-8' encoding to copy filtered resources.
2023-10-29 12:57:40,563 [Worker-57: Building] INFO  o.e.m.c.i.embedder.EclipseLogger - skip non existing resourceDirectory D:\PRRRRRRRRRRR\EmployClient\src\test\resources
2023-10-29 12:58:02,111 [Worker-57: Building] INFO  o.e.m.c.i.embedder.EclipseLogger - Using 'UTF-8' encoding to copy filtered resources.
2023-10-29 12:58:02,111 [Worker-57: Building] INFO  o.e.m.c.i.embedder.EclipseLogger - Copying 0 resource
2023-10-29 12:58:02,114 [Worker-57: Building] INFO  o.e.m.c.i.embedder.EclipseLogger - Using 'UTF-8' encoding to copy filtered resources.
2023-10-29 12:58:02,114 [Worker-57: Building] INFO  o.e.m.c.i.embedder.EclipseLogger - skip non existing resourceDirectory D:\PRRRRRRRRRRR\EmployClient\src\test\resources
2023-10-29 12:59:05,181 [Worker-57: Building] INFO  o.e.m.c.i.embedder.EclipseLogger - Using 'UTF-8' encoding to copy filtered resources.
2023-10-29 12:59:05,181 [Worker-57: Building] INFO  o.e.m.c.i.embedder.EclipseLogger - Copying 0 resource
2023-10-29 12:59:05,182 [Worker-57: Building] INFO  o.e.m.c.i.embedder.EclipseLogger - Using 'UTF-8' encoding to copy filtered resources.
2023-10-29 12:59:05,183 [Worker-57: Building] INFO  o.e.m.c.i.embedder.EclipseLogger - skip non existing resourceDirectory D:\PRRRRRRRRRRR\EmployClient\src\test\resources
2023-10-29 13:00:29,582 [Worker-60: Building] INFO  o.e.m.c.i.embedder.EclipseLogger - Using 'UTF-8' encoding to copy filtered resources.
2023-10-29 13:00:29,582 [Worker-60: Building] INFO  o.e.m.c.i.embedder.EclipseLogger - Copying 0 resource
2023-10-29 13:00:29,583 [Worker-60: Building] INFO  o.e.m.c.i.embedder.EclipseLogger - Using 'UTF-8' encoding to copy filtered resources.
2023-10-29 13:00:29,584 [Worker-60: Building] INFO  o.e.m.c.i.embedder.EclipseLogger - skip non existing resourceDirectory D:\PRRRRRRRRRRR\EmployClient\src\test\resources
2023-10-29 13:00:51,805 [Worker-61: Building] INFO  o.e.m.c.i.embedder.EclipseLogger - Using 'UTF-8' encoding to copy filtered resources.
2023-10-29 13:00:51,805 [Worker-61: Building] INFO  o.e.m.c.i.embedder.EclipseLogger - Copying 0 resource
2023-10-29 13:00:51,806 [Worker-61: Building] INFO  o.e.m.c.i.embedder.EclipseLogger - Using 'UTF-8' encoding to copy filtered resources.
2023-10-29 13:00:51,806 [Worker-61: Building] INFO  o.e.m.c.i.embedder.EclipseLogger - skip non existing resourceDirectory D:\PRRRRRRRRRRR\EmployClient\src\test\resources
2023-10-29 13:00:57,097 [Worker-58: Building] INFO  o.e.m.c.i.embedder.EclipseLogger - Using 'UTF-8' encoding to copy filtered resources.
2023-10-29 13:00:57,098 [Worker-58: Building] INFO  o.e.m.c.i.embedder.EclipseLogger - Copying 0 resource
2023-10-29 13:00:57,099 [Worker-58: Building] INFO  o.e.m.c.i.embedder.EclipseLogger - Using 'UTF-8' encoding to copy filtered resources.
2023-10-29 13:00:57,099 [Worker-58: Building] INFO  o.e.m.c.i.embedder.EclipseLogger - skip non existing resourceDirectory D:\PRRRRRRRRRRR\EmployClient\src\test\resources
2023-10-29 13:02:51,983 [Worker-62: Building] INFO  o.e.m.c.i.embedder.EclipseLogger - Using 'UTF-8' encoding to copy filtered resources.
2023-10-29 13:02:51,983 [Worker-62: Building] INFO  o.e.m.c.i.embedder.EclipseLogger - Copying 0 resource
2023-10-29 13:02:51,985 [Worker-62: Building] INFO  o.e.m.c.i.embedder.EclipseLogger - Using 'UTF-8' encoding to copy filtered resources.
2023-10-29 13:02:51,985 [Worker-62: Building] INFO  o.e.m.c.i.embedder.EclipseLogger - skip non existing resourceDirectory D:\PRRRRRRRRRRR\EmployClient\src\test\resources
2023-10-29 13:03:47,468 [Worker-56: Building] INFO  o.e.m.c.i.embedder.EclipseLogger - Using 'UTF-8' encoding to copy filtered resources.
2023-10-29 13:03:47,468 [Worker-56: Building] INFO  o.e.m.c.i.embedder.EclipseLogger - Copying 0 resource
2023-10-29 13:03:47,469 [Worker-56: Building] INFO  o.e.m.c.i.embedder.EclipseLogger - Using 'UTF-8' encoding to copy filtered resources.
2023-10-29 13:03:47,469 [Worker-56: Building] INFO  o.e.m.c.i.embedder.EclipseLogger - skip non existing resourceDirectory D:\PRRRRRRRRRRR\EmployClient\src\test\resources
2023-10-29 13:06:45,418 [Worker-60: Building] INFO  o.e.m.c.i.embedder.EclipseLogger - Using 'UTF-8' encoding to copy filtered resources.
2023-10-29 13:06:45,418 [Worker-60: Building] INFO  o.e.m.c.i.embedder.EclipseLogger - Copying 0 resource
2023-10-29 13:06:45,420 [Worker-60: Building] INFO  o.e.m.c.i.embedder.EclipseLogger - Using 'UTF-8' encoding to copy filtered resources.
2023-10-29 13:06:45,420 [Worker-60: Building] INFO  o.e.m.c.i.embedder.EclipseLogger - skip non existing resourceDirectory D:\PRRRRRRRRRRR\EmployClient\src\test\resources
2023-10-29 13:10:15,714 [Worker-63: Building] INFO  o.e.m.c.i.embedder.EclipseLogger - Using 'UTF-8' encoding to copy filtered resources.
2023-10-29 13:10:15,714 [Worker-63: Building] INFO  o.e.m.c.i.embedder.EclipseLogger - Copying 0 resource
2023-10-29 13:10:15,717 [Worker-63: Building] INFO  o.e.m.c.i.embedder.EclipseLogger - Using 'UTF-8' encoding to copy filtered resources.
2023-10-29 13:10:15,717 [Worker-63: Building] INFO  o.e.m.c.i.embedder.EclipseLogger - skip non existing resourceDirectory D:\PRRRRRRRRRRR\EmployClient\src\test\resources
2023-10-29 13:17:25,720 [Worker-67: Building] INFO  o.e.m.c.i.embedder.EclipseLogger - Using 'UTF-8' encoding to copy filtered resources.
2023-10-29 13:17:25,720 [Worker-67: Building] INFO  o.e.m.c.i.embedder.EclipseLogger - Copying 0 resource
2023-10-29 13:17:25,721 [Worker-67: Building] INFO  o.e.m.c.i.embedder.EclipseLogger - Using 'UTF-8' encoding to copy filtered resources.
2023-10-29 13:17:25,721 [Worker-67: Building] INFO  o.e.m.c.i.embedder.EclipseLogger - skip non existing resourceDirectory D:\PRRRRRRRRRRR\EmployClient\src\test\resources
2023-10-29 13:23:02,577 [Worker-69: Building] INFO  o.e.m.c.i.embedder.EclipseLogger - Using 'UTF-8' encoding to copy filtered resources.
2023-10-29 13:23:02,577 [Worker-69: Building] INFO  o.e.m.c.i.embedder.EclipseLogger - Copying 0 resource
2023-10-29 13:23:02,579 [Worker-69: Building] INFO  o.e.m.c.i.embedder.EclipseLogger - Using 'UTF-8' encoding to copy filtered resources.
2023-10-29 13:23:02,579 [Worker-69: Building] INFO  o.e.m.c.i.embedder.EclipseLogger - skip non existing resourceDirectory D:\PRRRRRRRRRRR\EmployClient\src\test\resources
2023-10-29 13:23:15,013 [Worker-67: Building] INFO  o.e.m.c.i.embedder.EclipseLogger - Using 'UTF-8' encoding to copy filtered resources.
2023-10-29 13:23:15,013 [Worker-67: Building] INFO  o.e.m.c.i.embedder.EclipseLogger - Copying 0 resource
2023-10-29 13:23:15,014 [Worker-67: Building] INFO  o.e.m.c.i.embedder.EclipseLogger - Using 'UTF-8' encoding to copy filtered resources.
2023-10-29 13:23:15,014 [Worker-67: Building] INFO  o.e.m.c.i.embedder.EclipseLogger - skip non existing resourceDirectory D:\PRRRRRRRRRRR\EmployClient\src\test\resources
2023-10-29 13:26:22,646 [Worker-72: Building] INFO  o.e.m.c.i.embedder.EclipseLogger - Using 'UTF-8' encoding to copy filtered resources.
2023-10-29 13:26:22,646 [Worker-72: Building] INFO  o.e.m.c.i.embedder.EclipseLogger - Copying 0 resource
2023-10-29 13:26:22,647 [Worker-72: Building] INFO  o.e.m.c.i.embedder.EclipseLogger - Using 'UTF-8' encoding to copy filtered resources.
2023-10-29 13:26:22,647 [Worker-72: Building] INFO  o.e.m.c.i.embedder.EclipseLogger - skip non existing resourceDirectory D:\PRRRRRRRRRRR\EmployClient\src\test\resources
2023-10-29 14:02:23,067 [Worker-72: Building] INFO  o.e.m.c.i.embedder.EclipseLogger - Using 'UTF-8' encoding to copy filtered resources.
2023-10-29 14:02:23,068 [Worker-72: Building] INFO  o.e.m.c.i.embedder.EclipseLogger - Copying 0 resource
2023-10-29 14:02:23,070 [Worker-72: Building] INFO  o.e.m.c.i.embedder.EclipseLogger - Using 'UTF-8' encoding to copy filtered resources.
2023-10-29 14:02:23,070 [Worker-72: Building] INFO  o.e.m.c.i.embedder.EclipseLogger - skip non existing resourceDirectory D:\PRRRRRRRRRRR\EmployClient\src\test\resources
2023-10-29 14:07:51,334 [Worker-82: Building] INFO  o.e.m.c.i.embedder.EclipseLogger - Using 'UTF-8' encoding to copy filtered resources.
2023-10-29 14:07:51,334 [Worker-82: Building] INFO  o.e.m.c.i.embedder.EclipseLogger - Copying 0 resource
2023-10-29 14:07:51,335 [Worker-82: Building] INFO  o.e.m.c.i.embedder.EclipseLogger - Using 'UTF-8' encoding to copy filtered resources.
2023-10-29 14:07:51,335 [Worker-82: Building] INFO  o.e.m.c.i.embedder.EclipseLogger - skip non existing resourceDirectory D:\PRRRRRRRRRRR\EmployClient\src\test\resources
2023-10-29 14:09:01,614 [Worker-78: Building] INFO  o.e.m.c.i.embedder.EclipseLogger - Using 'UTF-8' encoding to copy filtered resources.
2023-10-29 14:09:01,614 [Worker-78: Building] INFO  o.e.m.c.i.embedder.EclipseLogger - Copying 0 resource
2023-10-29 14:09:01,615 [Worker-78: Building] INFO  o.e.m.c.i.embedder.EclipseLogger - Using 'UTF-8' encoding to copy filtered resources.
2023-10-29 14:09:01,616 [Worker-78: Building] INFO  o.e.m.c.i.embedder.EclipseLogger - skip non existing resourceDirectory D:\PRRRRRRRRRRR\EmployClient\src\test\resources
2023-10-29 14:10:23,484 [Worker-88: Building] INFO  o.e.m.c.i.embedder.EclipseLogger - Using 'UTF-8' encoding to copy filtered resources.
2023-10-29 14:10:23,484 [Worker-88: Building] INFO  o.e.m.c.i.embedder.EclipseLogger - Copying 0 resource
2023-10-29 14:10:23,486 [Worker-88: Building] INFO  o.e.m.c.i.embedder.EclipseLogger - Using 'UTF-8' encoding to copy filtered resources.
2023-10-29 14:10:23,486 [Worker-88: Building] INFO  o.e.m.c.i.embedder.EclipseLogger - skip non existing resourceDirectory D:\PRRRRRRRRRRR\EmployClient\src\test\resources
2023-10-29 14:13:39,975 [Worker-85: Building] INFO  o.e.m.c.i.embedder.EclipseLogger - Using 'UTF-8' encoding to copy filtered resources.
2023-10-29 14:13:39,975 [Worker-85: Building] INFO  o.e.m.c.i.embedder.EclipseLogger - Copying 0 resource
2023-10-29 14:13:39,976 [Worker-85: Building] INFO  o.e.m.c.i.embedder.EclipseLogger - Using 'UTF-8' encoding to copy filtered resources.
2023-10-29 14:13:39,976 [Worker-85: Building] INFO  o.e.m.c.i.embedder.EclipseLogger - skip non existing resourceDirectory D:\PRRRRRRRRRRR\EmployClient\src\test\resources
2023-10-29 14:25:30,317 [Worker-90: Updating Maven Project] INFO  o.e.m.c.i.p.ProjectConfigurationManager - Update started
2023-10-29 14:25:35,703 [Worker-90: Updating Maven Project] INFO  o.e.m.c.i.l.LifecycleMappingFactory - Using org.maven.ide.eclipse.wtp.WarLifecycleMapping lifecycle mapping for MavenProject: Infinite:EmployClient:0.0.1-SNAPSHOT @ D:\PRRRRRRRRRRR\EmployClient\pom.xml.
2023-10-29 14:25:55,277 [Worker-90: Updating Maven Project] INFO  o.e.m.j.i.AbstractJavaProjectConfigurator - Adding source folder /EmployClient/src/main/java
2023-10-29 14:25:55,277 [Worker-90: Updating Maven Project] INFO  o.e.m.j.i.AbstractJavaProjectConfigurator - Adding resource folder /EmployClient/src/main/resources
2023-10-29 14:25:55,277 [Worker-90: Updating Maven Project] INFO  o.e.m.j.i.AbstractJavaProjectConfigurator - Adding source folder /EmployClient/src/test/java
2023-10-29 14:25:55,859 [Worker-90: Updating Maven Project] INFO  o.e.m.c.i.embedder.EclipseLogger - Using 'UTF-8' encoding to copy filtered resources.
2023-10-29 14:25:55,860 [Worker-90: Updating Maven Project] INFO  o.e.m.c.i.embedder.EclipseLogger - Copying 0 resource
2023-10-29 14:25:55,862 [Worker-90: Updating Maven Project] INFO  o.e.m.c.i.embedder.EclipseLogger - Using 'UTF-8' encoding to copy filtered resources.
2023-10-29 14:25:55,862 [Worker-90: Updating Maven Project] INFO  o.e.m.c.i.embedder.EclipseLogger - skip non existing resourceDirectory D:\PRRRRRRRRRRR\EmployClient\src\test\resources
2023-10-29 14:25:55,862 [Worker-90: Updating Maven Project] INFO  o.e.m.w.i.f.ResourceFilteringBuildParticipant - Changed resources require a complete clean of filtered resources of EmployClient
2023-10-29 14:25:55,862 [Worker-90: Updating Maven Project] INFO  o.e.m.w.i.f.ResourceFilteringBuildParticipant - Executing resource filtering for EmployClient
2023-10-29 14:25:57,240 [Worker-90: Updating Maven Project] INFO  o.e.m.w.i.f.ResourceFilteringBuildParticipant - Cleaning filtered folder for EmployClient
2023-10-29 14:25:57,385 [Worker-90: Updating Maven Project] INFO  o.e.m.c.i.p.ProjectConfigurationManager - Update completed for 1 poms: local refresh takes 0.00 sec, refresh facades takes 23.00 sec, update config takes 3.00 sec 
2023-10-29 14:26:01,082 [Worker-101: Building] INFO  o.e.m.c.i.embedder.EclipseLogger - Using 'UTF-8' encoding to copy filtered resources.
2023-10-29 14:26:01,083 [Worker-101: Building] INFO  o.e.m.c.i.embedder.EclipseLogger - Copying 0 resource
2023-10-29 14:26:01,084 [Worker-101: Building] INFO  o.e.m.c.i.embedder.EclipseLogger - Using 'UTF-8' encoding to copy filtered resources.
2023-10-29 14:26:01,084 [Worker-101: Building] INFO  o.e.m.c.i.embedder.EclipseLogger - skip non existing resourceDirectory D:\PRRRRRRRRRRR\EmployClient\src\test\resources
2023-10-29 14:26:01,084 [Worker-101: Building] INFO  o.e.m.w.i.f.ResourceFilteringBuildParticipant - Changed resources require a complete clean of filtered resources of EmployClient
2023-10-29 14:26:01,084 [Worker-101: Building] INFO  o.e.m.w.i.f.ResourceFilteringBuildParticipant - Executing resource filtering for EmployClient
2023-10-29 14:26:19,543 [Worker-89: Building] INFO  o.e.m.c.i.embedder.EclipseLogger - Using 'UTF-8' encoding to copy filtered resources.
2023-10-29 14:26:19,543 [Worker-89: Building] INFO  o.e.m.c.i.embedder.EclipseLogger - Copying 0 resource
2023-10-29 14:26:19,544 [Worker-89: Building] INFO  o.e.m.c.i.embedder.EclipseLogger - Using 'UTF-8' encoding to copy filtered resources.
2023-10-29 14:26:19,544 [Worker-89: Building] INFO  o.e.m.c.i.embedder.EclipseLogger - skip non existing resourceDirectory D:\PRRRRRRRRRRR\EmployClient\src\test\resources
2023-10-29 14:29:44,069 [Worker-95: Building] INFO  o.e.m.c.i.embedder.EclipseLogger - Using 'UTF-8' encoding to copy filtered resources.
2023-10-29 14:29:44,069 [Worker-95: Building] INFO  o.e.m.c.i.embedder.EclipseLogger - Copying 0 resource
2023-10-29 14:29:44,071 [Worker-95: Building] INFO  o.e.m.c.i.embedder.EclipseLogger - Using 'UTF-8' encoding to copy filtered resources.
2023-10-29 14:29:44,072 [Worker-95: Building] INFO  o.e.m.c.i.embedder.EclipseLogger - skip non existing resourceDirectory D:\PRRRRRRRRRRR\EmployClient\src\test\resources
2023-10-29 14:33:42,212 [Worker-104: Building] INFO  o.e.m.c.i.embedder.EclipseLogger - Using 'UTF-8' encoding to copy filtered resources.
2023-10-29 14:33:42,212 [Worker-104: Building] INFO  o.e.m.c.i.embedder.EclipseLogger - Copying 0 resource
2023-10-29 14:33:42,213 [Worker-104: Building] INFO  o.e.m.c.i.embedder.EclipseLogger - Using 'UTF-8' encoding to copy filtered resources.
2023-10-29 14:33:42,213 [Worker-104: Building] INFO  o.e.m.c.i.embedder.EclipseLogger - skip non existing resourceDirectory D:\PRRRRRRRRRRR\EmployClient\src\test\resources
2023-10-29 14:34:05,178 [Worker-108: Building] INFO  o.e.m.c.i.embedder.EclipseLogger - Using 'UTF-8' encoding to copy filtered resources.
2023-10-29 14:34:05,179 [Worker-108: Building] INFO  o.e.m.c.i.embedder.EclipseLogger - Copying 0 resource
2023-10-29 14:34:05,181 [Worker-108: Building] INFO  o.e.m.c.i.embedder.EclipseLogger - Using 'UTF-8' encoding to copy filtered resources.
2023-10-29 14:34:05,181 [Worker-108: Building] INFO  o.e.m.c.i.embedder.EclipseLogger - skip non existing resourceDirectory D:\PRRRRRRRRRRR\EmployClient\src\test\resources
2023-10-29 15:39:40,551 [Worker-112: Building] INFO  o.e.m.c.i.embedder.EclipseLogger - Using 'UTF-8' encoding to copy filtered resources.
2023-10-29 15:39:40,552 [Worker-112: Building] INFO  o.e.m.c.i.embedder.EclipseLogger - Copying 0 resource
2023-10-29 15:39:40,555 [Worker-112: Building] INFO  o.e.m.c.i.embedder.EclipseLogger - Using 'UTF-8' encoding to copy filtered resources.
2023-10-29 15:39:40,555 [Worker-112: Building] INFO  o.e.m.c.i.embedder.EclipseLogger - skip non existing resourceDirectory D:\PRRRRRRRRRRR\EmployClient\src\test\resources
2023-10-29 15:39:42,752 [Worker-112: Building] INFO  o.e.m.c.i.embedder.EclipseLogger - Using 'UTF-8' encoding to copy filtered resources.
2023-10-29 15:39:42,752 [Worker-112: Building] INFO  o.e.m.c.i.embedder.EclipseLogger - Copying 0 resource
2023-10-29 15:39:42,753 [Worker-112: Building] INFO  o.e.m.c.i.embedder.EclipseLogger - Using 'UTF-8' encoding to copy filtered resources.
2023-10-29 15:39:42,753 [Worker-112: Building] INFO  o.e.m.c.i.embedder.EclipseLogger - skip non existing resourceDirectory D:\PRRRRRRRRRRR\EmployClient\src\test\resources
2023-10-29 15:42:18,800 [Worker-112: Building] INFO  o.e.m.c.i.embedder.EclipseLogger - Using 'UTF-8' encoding to copy filtered resources.
2023-10-29 15:42:18,800 [Worker-112: Building] INFO  o.e.m.c.i.embedder.EclipseLogger - Copying 0 resource
2023-10-29 15:42:18,802 [Worker-112: Building] INFO  o.e.m.c.i.embedder.EclipseLogger - Using 'UTF-8' encoding to copy filtered resources.
2023-10-29 15:42:18,802 [Worker-112: Building] INFO  o.e.m.c.i.embedder.EclipseLogger - skip non existing resourceDirectory D:\PRRRRRRRRRRR\EmployClient\src\test\resources
2023-10-29 18:22:36,595 [Worker-113: Building] INFO  o.e.m.c.i.embedder.EclipseLogger - Using 'UTF-8' encoding to copy filtered resources.
2023-10-29 18:22:36,595 [Worker-113: Building] INFO  o.e.m.c.i.embedder.EclipseLogger - Copying 0 resource
2023-10-29 18:22:36,596 [Worker-113: Building] INFO  o.e.m.c.i.embedder.EclipseLogger - Using 'UTF-8' encoding to copy filtered resources.
2023-10-29 18:22:36,597 [Worker-113: Building] INFO  o.e.m.c.i.embedder.EclipseLogger - skip non existing resourceDirectory D:\PRRRRRRRRRRR\EmployClient\src\test\resources
2023-10-29 18:30:36,534 [Worker-113: Building] INFO  o.e.m.c.i.embedder.EclipseLogger - Using 'UTF-8' encoding to copy filtered resources.
2023-10-29 18:30:36,534 [Worker-113: Building] INFO  o.e.m.c.i.embedder.EclipseLogger - Copying 0 resource
2023-10-29 18:30:36,535 [Worker-113: Building] INFO  o.e.m.c.i.embedder.EclipseLogger - Using 'UTF-8' encoding to copy filtered resources.
2023-10-29 18:30:36,535 [Worker-113: Building] INFO  o.e.m.c.i.embedder.EclipseLogger - skip non existing resourceDirectory D:\PRRRRRRRRRRR\EmployClient\src\test\resources
2023-10-29 18:35:17,925 [Worker-122: Building] INFO  o.e.m.c.i.embedder.EclipseLogger - Using 'UTF-8' encoding to copy filtered resources.
2023-10-29 18:35:17,925 [Worker-122: Building] INFO  o.e.m.c.i.embedder.EclipseLogger - Copying 0 resource
2023-10-29 18:35:17,927 [Worker-122: Building] INFO  o.e.m.c.i.embedder.EclipseLogger - Using 'UTF-8' encoding to copy filtered resources.
2023-10-29 18:35:17,927 [Worker-122: Building] INFO  o.e.m.c.i.embedder.EclipseLogger - skip non existing resourceDirectory D:\PRRRRRRRRRRR\EmployClient\src\test\resources
2023-10-29 18:35:36,367 [Worker-120: Building] INFO  o.e.m.c.i.embedder.EclipseLogger - Using 'UTF-8' encoding to copy filtered resources.
2023-10-29 18:35:36,367 [Worker-120: Building] INFO  o.e.m.c.i.embedder.EclipseLogger - Copying 0 resource
2023-10-29 18:35:36,370 [Worker-120: Building] INFO  o.e.m.c.i.embedder.EclipseLogger - Using 'UTF-8' encoding to copy filtered resources.
2023-10-29 18:35:36,370 [Worker-120: Building] INFO  o.e.m.c.i.embedder.EclipseLogger - skip non existing resourceDirectory D:\PRRRRRRRRRRR\EmployClient\src\test\resources
2023-10-29 18:35:44,524 [Worker-118: Building] INFO  o.e.m.c.i.embedder.EclipseLogger - Using 'UTF-8' encoding to copy filtered resources.
2023-10-29 18:35:44,525 [Worker-118: Building] INFO  o.e.m.c.i.embedder.EclipseLogger - Copying 0 resource
2023-10-29 18:35:44,526 [Worker-118: Building] INFO  o.e.m.c.i.embedder.EclipseLogger - Using 'UTF-8' encoding to copy filtered resources.
2023-10-29 18:35:44,526 [Worker-118: Building] INFO  o.e.m.c.i.embedder.EclipseLogger - skip non existing resourceDirectory D:\PRRRRRRRRRRR\EmployClient\src\test\resources
2023-10-29 18:42:25,401 [Worker-128: Building] INFO  o.e.m.c.i.embedder.EclipseLogger - Using 'UTF-8' encoding to copy filtered resources.
2023-10-29 18:42:25,402 [Worker-128: Building] INFO  o.e.m.c.i.embedder.EclipseLogger - Copying 0 resource
2023-10-29 18:42:25,403 [Worker-128: Building] INFO  o.e.m.c.i.embedder.EclipseLogger - Using 'UTF-8' encoding to copy filtered resources.
2023-10-29 18:42:25,403 [Worker-128: Building] INFO  o.e.m.c.i.embedder.EclipseLogger - skip non existing resourceDirectory D:\PRRRRRRRRRRR\EmployClient\src\test\resources
2023-10-29 18:42:36,641 [Worker-130: Building] INFO  o.e.m.c.i.embedder.EclipseLogger - Using 'UTF-8' encoding to copy filtered resources.
2023-10-29 18:42:36,641 [Worker-130: Building] INFO  o.e.m.c.i.embedder.EclipseLogger - Copying 0 resource
2023-10-29 18:42:36,643 [Worker-130: Building] INFO  o.e.m.c.i.embedder.EclipseLogger - Using 'UTF-8' encoding to copy filtered resources.
2023-10-29 18:42:36,643 [Worker-130: Building] INFO  o.e.m.c.i.embedder.EclipseLogger - skip non existing resourceDirectory D:\PRRRRRRRRRRR\EmployClient\src\test\resources
2023-10-29 18:44:07,777 [Worker-127: Building] INFO  o.e.m.c.i.embedder.EclipseLogger - Using 'UTF-8' encoding to copy filtered resources.
2023-10-29 18:44:07,777 [Worker-127: Building] INFO  o.e.m.c.i.embedder.EclipseLogger - Copying 0 resource
2023-10-29 18:44:07,778 [Worker-127: Building] INFO  o.e.m.c.i.embedder.EclipseLogger - Using 'UTF-8' encoding to copy filtered resources.
2023-10-29 18:44:07,778 [Worker-127: Building] INFO  o.e.m.c.i.embedder.EclipseLogger - skip non existing resourceDirectory D:\PRRRRRRRRRRR\EmployClient\src\test\resources
2023-10-29 18:44:31,034 [Worker-120: Building] INFO  o.e.m.c.i.embedder.EclipseLogger - Using 'UTF-8' encoding to copy filtered resources.
2023-10-29 18:44:31,034 [Worker-120: Building] INFO  o.e.m.c.i.embedder.EclipseLogger - Copying 0 resource
2023-10-29 18:44:31,036 [Worker-120: Building] INFO  o.e.m.c.i.embedder.EclipseLogger - Using 'UTF-8' encoding to copy filtered resources.
2023-10-29 18:44:31,036 [Worker-120: Building] INFO  o.e.m.c.i.embedder.EclipseLogger - skip non existing resourceDirectory D:\PRRRRRRRRRRR\EmployClient\src\test\resources
2023-10-29 18:45:08,436 [Worker-128: Building] INFO  o.e.m.c.i.embedder.EclipseLogger - Using 'UTF-8' encoding to copy filtered resources.
2023-10-29 18:45:08,436 [Worker-128: Building] INFO  o.e.m.c.i.embedder.EclipseLogger - Copying 0 resource
2023-10-29 18:45:08,437 [Worker-128: Building] INFO  o.e.m.c.i.embedder.EclipseLogger - Using 'UTF-8' encoding to copy filtered resources.
2023-10-29 18:45:08,437 [Worker-128: Building] INFO  o.e.m.c.i.embedder.EclipseLogger - skip non existing resourceDirectory D:\PRRRRRRRRRRR\EmployClient\src\test\resources
2023-10-29 18:51:54,328 [Worker-132: Building] INFO  o.e.m.c.i.embedder.EclipseLogger - Using 'UTF-8' encoding to copy filtered resources.
2023-10-29 18:51:54,329 [Worker-132: Building] INFO  o.e.m.c.i.embedder.EclipseLogger - Copying 0 resource
2023-10-29 18:51:54,330 [Worker-132: Building] INFO  o.e.m.c.i.embedder.EclipseLogger - Using 'UTF-8' encoding to copy filtered resources.
2023-10-29 18:51:54,330 [Worker-132: Building] INFO  o.e.m.c.i.embedder.EclipseLogger - skip non existing resourceDirectory D:\PRRRRRRRRRRR\EmployClient\src\test\resources
2023-10-29 18:55:00,276 [Worker-135: Building] INFO  o.e.m.c.i.embedder.EclipseLogger - Using 'UTF-8' encoding to copy filtered resources.
2023-10-29 18:55:00,277 [Worker-135: Building] INFO  o.e.m.c.i.embedder.EclipseLogger - Copying 0 resource
2023-10-29 18:55:00,278 [Worker-135: Building] INFO  o.e.m.c.i.embedder.EclipseLogger - Using 'UTF-8' encoding to copy filtered resources.
2023-10-29 18:55:00,278 [Worker-135: Building] INFO  o.e.m.c.i.embedder.EclipseLogger - skip non existing resourceDirectory D:\PRRRRRRRRRRR\EmployClient\src\test\resources
2023-10-29 18:56:04,087 [Worker-104: Building] INFO  o.e.m.c.i.embedder.EclipseLogger - Using 'UTF-8' encoding to copy filtered resources.
2023-10-29 18:56:04,087 [Worker-104: Building] INFO  o.e.m.c.i.embedder.EclipseLogger - Copying 0 resource
2023-10-29 18:56:04,088 [Worker-104: Building] INFO  o.e.m.c.i.embedder.EclipseLogger - Using 'UTF-8' encoding to copy filtered resources.
2023-10-29 18:56:04,088 [Worker-104: Building] INFO  o.e.m.c.i.embedder.EclipseLogger - skip non existing resourceDirectory D:\PRRRRRRRRRRR\EmployClient\src\test\resources
2023-10-29 19:04:03,181 [Worker-118: Building] INFO  o.e.m.c.i.embedder.EclipseLogger - Using 'UTF-8' encoding to copy filtered resources.
2023-10-29 19:04:03,182 [Worker-118: Building] INFO  o.e.m.c.i.embedder.EclipseLogger - Copying 0 resource
2023-10-29 19:04:03,182 [Worker-118: Building] INFO  o.e.m.c.i.embedder.EclipseLogger - Using 'UTF-8' encoding to copy filtered resources.
2023-10-29 19:04:03,182 [Worker-118: Building] INFO  o.e.m.c.i.embedder.EclipseLogger - skip non existing resourceDirectory D:\PRRRRRRRRRRR\EmployClient\src\test\resources
2023-10-29 19:09:11,306 [Worker-149: Building] INFO  o.e.m.c.i.embedder.EclipseLogger - Using 'UTF-8' encoding to copy filtered resources.
2023-10-29 19:09:11,306 [Worker-149: Building] INFO  o.e.m.c.i.embedder.EclipseLogger - Copying 0 resource
2023-10-29 19:09:11,307 [Worker-149: Building] INFO  o.e.m.c.i.embedder.EclipseLogger - Using 'UTF-8' encoding to copy filtered resources.
2023-10-29 19:09:11,307 [Worker-149: Building] INFO  o.e.m.c.i.embedder.EclipseLogger - skip non existing resourceDirectory D:\PRRRRRRRRRRR\EmployClient\src\test\resources
2023-10-29 19:16:20,837 [Worker-152: Building] INFO  o.e.m.c.i.embedder.EclipseLogger - Using 'UTF-8' encoding to copy filtered resources.
2023-10-29 19:16:20,837 [Worker-152: Building] INFO  o.e.m.c.i.embedder.EclipseLogger - Copying 0 resource
2023-10-29 19:16:20,838 [Worker-152: Building] INFO  o.e.m.c.i.embedder.EclipseLogger - Using 'UTF-8' encoding to copy filtered resources.
2023-10-29 19:16:20,838 [Worker-152: Building] INFO  o.e.m.c.i.embedder.EclipseLogger - skip non existing resourceDirectory D:\PRRRRRRRRRRR\EmployClient\src\test\resources
2023-10-29 19:17:15,257 [Worker-153: Building] INFO  o.e.m.c.i.embedder.EclipseLogger - Using 'UTF-8' encoding to copy filtered resources.
2023-10-29 19:17:15,258 [Worker-153: Building] INFO  o.e.m.c.i.embedder.EclipseLogger - Copying 0 resource
2023-10-29 19:17:15,259 [Worker-153: Building] INFO  o.e.m.c.i.embedder.EclipseLogger - Using 'UTF-8' encoding to copy filtered resources.
2023-10-29 19:17:15,259 [Worker-153: Building] INFO  o.e.m.c.i.embedder.EclipseLogger - skip non existing resourceDirectory D:\PRRRRRRRRRRR\EmployClient\src\test\resources
