2023-10-06 11:36:55,896 [Worker-5: Loading available Gradle versions] INFO  o.e.b.c.i.u.g.PublishedGradleVersions - Gradle version information cache is up-to-date. Trying to read.
2023-10-06 11:38:06,796 [Worker-18: Launching mavenrun-0c0b3e31-0268-4cca-9097-0c11351b2cd7] INFO  o.eclipse.m2e.core.internal.Bundles - getClasspathEntries(Bundle=org.eclipse.m2e.maven.runtime_3.8.701.20230209-1606 [610])
2023-10-06 11:38:06,815 [Worker-18: Launching mavenrun-0c0b3e31-0268-4cca-9097-0c11351b2cd7] INFO  o.eclipse.m2e.core.internal.Bundles - 	Entry: C:\Users\arizk\Downloads\eclipse-jee-2023-03-R-win32-x86_64\eclipse\plugins\org.eclipse.m2e.maven.runtime_3.8.701.20230209-1606
2023-10-06 11:38:06,816 [Worker-18: Launching mavenrun-0c0b3e31-0268-4cca-9097-0c11351b2cd7] INFO  o.eclipse.m2e.core.internal.Bundles - 	Entry: C:\Users\arizk\Downloads\eclipse-jee-2023-03-R-win32-x86_64\eclipse\plugins\org.eclipse.m2e.maven.runtime_3.8.701.20230209-1606\jars\aether-connector-okhttp-0.17.8.jar
2023-10-06 11:38:06,817 [Worker-18: Launching mavenrun-0c0b3e31-0268-4cca-9097-0c11351b2cd7] INFO  o.eclipse.m2e.core.internal.Bundles - 	Entry: C:\Users\arizk\Downloads\eclipse-jee-2023-03-R-win32-x86_64\eclipse\plugins\org.eclipse.m2e.maven.runtime_3.8.701.20230209-1606\jars\commons-lang3-3.8.1.jar
2023-10-06 11:38:06,817 [Worker-18: Launching mavenrun-0c0b3e31-0268-4cca-9097-0c11351b2cd7] INFO  o.eclipse.m2e.core.internal.Bundles - 	Entry: C:\Users\arizk\Downloads\eclipse-jee-2023-03-R-win32-x86_64\eclipse\plugins\org.eclipse.m2e.maven.runtime_3.8.701.20230209-1606\jars\guice-4.2.2-no_aop.jar
2023-10-06 11:38:06,817 [Worker-18: Launching mavenrun-0c0b3e31-0268-4cca-9097-0c11351b2cd7] INFO  o.eclipse.m2e.core.internal.Bundles - 	Entry: C:\Users\arizk\Downloads\eclipse-jee-2023-03-R-win32-x86_64\eclipse\plugins\org.eclipse.m2e.maven.runtime_3.8.701.20230209-1606\jars\jansi-2.4.0.jar
2023-10-06 11:38:06,817 [Worker-18: Launching mavenrun-0c0b3e31-0268-4cca-9097-0c11351b2cd7] INFO  o.eclipse.m2e.core.internal.Bundles - 	Entry: C:\Users\arizk\Downloads\eclipse-jee-2023-03-R-win32-x86_64\eclipse\plugins\org.eclipse.m2e.maven.runtime_3.8.701.20230209-1606\jars\maven-artifact-3.8.7.jar
2023-10-06 11:38:06,817 [Worker-18: Launching mavenrun-0c0b3e31-0268-4cca-9097-0c11351b2cd7] INFO  o.eclipse.m2e.core.internal.Bundles - 	Entry: C:\Users\arizk\Downloads\eclipse-jee-2023-03-R-win32-x86_64\eclipse\plugins\org.eclipse.m2e.maven.runtime_3.8.701.20230209-1606\jars\maven-builder-support-3.8.7.jar
2023-10-06 11:38:06,817 [Worker-18: Launching mavenrun-0c0b3e31-0268-4cca-9097-0c11351b2cd7] INFO  o.eclipse.m2e.core.internal.Bundles - 	Entry: C:\Users\arizk\Downloads\eclipse-jee-2023-03-R-win32-x86_64\eclipse\plugins\org.eclipse.m2e.maven.runtime_3.8.701.20230209-1606\jars\maven-compat-3.8.7.jar
2023-10-06 11:38:06,818 [Worker-18: Launching mavenrun-0c0b3e31-0268-4cca-9097-0c11351b2cd7] INFO  o.eclipse.m2e.core.internal.Bundles - 	Entry: C:\Users\arizk\Downloads\eclipse-jee-2023-03-R-win32-x86_64\eclipse\plugins\org.eclipse.m2e.maven.runtime_3.8.701.20230209-1606\jars\maven-core-3.8.7.jar
2023-10-06 11:38:06,818 [Worker-18: Launching mavenrun-0c0b3e31-0268-4cca-9097-0c11351b2cd7] INFO  o.eclipse.m2e.core.internal.Bundles - 	Entry: C:\Users\arizk\Downloads\eclipse-jee-2023-03-R-win32-x86_64\eclipse\plugins\org.eclipse.m2e.maven.runtime_3.8.701.20230209-1606\jars\maven-embedder-3.8.7.jar
2023-10-06 11:38:06,818 [Worker-18: Launching mavenrun-0c0b3e31-0268-4cca-9097-0c11351b2cd7] INFO  o.eclipse.m2e.core.internal.Bundles - 	Entry: C:\Users\arizk\Downloads\eclipse-jee-2023-03-R-win32-x86_64\eclipse\plugins\org.eclipse.m2e.maven.runtime_3.8.701.20230209-1606\jars\maven-model-3.8.7.jar
2023-10-06 11:38:06,818 [Worker-18: Launching mavenrun-0c0b3e31-0268-4cca-9097-0c11351b2cd7] INFO  o.eclipse.m2e.core.internal.Bundles - 	Entry: C:\Users\arizk\Downloads\eclipse-jee-2023-03-R-win32-x86_64\eclipse\plugins\org.eclipse.m2e.maven.runtime_3.8.701.20230209-1606\jars\maven-model-builder-3.8.7.jar
2023-10-06 11:38:06,818 [Worker-18: Launching mavenrun-0c0b3e31-0268-4cca-9097-0c11351b2cd7] INFO  o.eclipse.m2e.core.internal.Bundles - 	Entry: C:\Users\arizk\Downloads\eclipse-jee-2023-03-R-win32-x86_64\eclipse\plugins\org.eclipse.m2e.maven.runtime_3.8.701.20230209-1606\jars\maven-plugin-api-3.8.7.jar
2023-10-06 11:38:06,818 [Worker-18: Launching mavenrun-0c0b3e31-0268-4cca-9097-0c11351b2cd7] INFO  o.eclipse.m2e.core.internal.Bundles - 	Entry: C:\Users\arizk\Downloads\eclipse-jee-2023-03-R-win32-x86_64\eclipse\plugins\org.eclipse.m2e.maven.runtime_3.8.701.20230209-1606\jars\maven-repository-metadata-3.8.7.jar
2023-10-06 11:38:06,819 [Worker-18: Launching mavenrun-0c0b3e31-0268-4cca-9097-0c11351b2cd7] INFO  o.eclipse.m2e.core.internal.Bundles - 	Entry: C:\Users\arizk\Downloads\eclipse-jee-2023-03-R-win32-x86_64\eclipse\plugins\org.eclipse.m2e.maven.runtime_3.8.701.20230209-1606\jars\maven-resolver-api-1.6.3.jar
2023-10-06 11:38:06,819 [Worker-18: Launching mavenrun-0c0b3e31-0268-4cca-9097-0c11351b2cd7] INFO  o.eclipse.m2e.core.internal.Bundles - 	Entry: C:\Users\arizk\Downloads\eclipse-jee-2023-03-R-win32-x86_64\eclipse\plugins\org.eclipse.m2e.maven.runtime_3.8.701.20230209-1606\jars\maven-resolver-connector-basic-1.6.3.jar
2023-10-06 11:38:06,819 [Worker-18: Launching mavenrun-0c0b3e31-0268-4cca-9097-0c11351b2cd7] INFO  o.eclipse.m2e.core.internal.Bundles - 	Entry: C:\Users\arizk\Downloads\eclipse-jee-2023-03-R-win32-x86_64\eclipse\plugins\org.eclipse.m2e.maven.runtime_3.8.701.20230209-1606\jars\maven-resolver-impl-1.6.3.jar
2023-10-06 11:38:06,819 [Worker-18: Launching mavenrun-0c0b3e31-0268-4cca-9097-0c11351b2cd7] INFO  o.eclipse.m2e.core.internal.Bundles - 	Entry: C:\Users\arizk\Downloads\eclipse-jee-2023-03-R-win32-x86_64\eclipse\plugins\org.eclipse.m2e.maven.runtime_3.8.701.20230209-1606\jars\maven-resolver-provider-3.8.7.jar
2023-10-06 11:38:06,819 [Worker-18: Launching mavenrun-0c0b3e31-0268-4cca-9097-0c11351b2cd7] INFO  o.eclipse.m2e.core.internal.Bundles - 	Entry: C:\Users\arizk\Downloads\eclipse-jee-2023-03-R-win32-x86_64\eclipse\plugins\org.eclipse.m2e.maven.runtime_3.8.701.20230209-1606\jars\maven-resolver-spi-1.6.3.jar
2023-10-06 11:38:06,819 [Worker-18: Launching mavenrun-0c0b3e31-0268-4cca-9097-0c11351b2cd7] INFO  o.eclipse.m2e.core.internal.Bundles - 	Entry: C:\Users\arizk\Downloads\eclipse-jee-2023-03-R-win32-x86_64\eclipse\plugins\org.eclipse.m2e.maven.runtime_3.8.701.20230209-1606\jars\maven-resolver-transport-wagon-1.6.3.jar
2023-10-06 11:38:06,820 [Worker-18: Launching mavenrun-0c0b3e31-0268-4cca-9097-0c11351b2cd7] INFO  o.eclipse.m2e.core.internal.Bundles - 	Entry: C:\Users\arizk\Downloads\eclipse-jee-2023-03-R-win32-x86_64\eclipse\plugins\org.eclipse.m2e.maven.runtime_3.8.701.20230209-1606\jars\maven-resolver-util-1.6.3.jar
2023-10-06 11:38:06,820 [Worker-18: Launching mavenrun-0c0b3e31-0268-4cca-9097-0c11351b2cd7] INFO  o.eclipse.m2e.core.internal.Bundles - 	Entry: C:\Users\arizk\Downloads\eclipse-jee-2023-03-R-win32-x86_64\eclipse\plugins\org.eclipse.m2e.maven.runtime_3.8.701.20230209-1606\jars\maven-settings-3.8.7.jar
2023-10-06 11:38:06,820 [Worker-18: Launching mavenrun-0c0b3e31-0268-4cca-9097-0c11351b2cd7] INFO  o.eclipse.m2e.core.internal.Bundles - 	Entry: C:\Users\arizk\Downloads\eclipse-jee-2023-03-R-win32-x86_64\eclipse\plugins\org.eclipse.m2e.maven.runtime_3.8.701.20230209-1606\jars\maven-settings-builder-3.8.7.jar
2023-10-06 11:38:06,820 [Worker-18: Launching mavenrun-0c0b3e31-0268-4cca-9097-0c11351b2cd7] INFO  o.eclipse.m2e.core.internal.Bundles - 	Entry: C:\Users\arizk\Downloads\eclipse-jee-2023-03-R-win32-x86_64\eclipse\plugins\org.eclipse.m2e.maven.runtime_3.8.701.20230209-1606\jars\maven-shared-utils-3.3.4.jar
2023-10-06 11:38:06,820 [Worker-18: Launching mavenrun-0c0b3e31-0268-4cca-9097-0c11351b2cd7] INFO  o.eclipse.m2e.core.internal.Bundles - 	Entry: C:\Users\arizk\Downloads\eclipse-jee-2023-03-R-win32-x86_64\eclipse\plugins\org.eclipse.m2e.maven.runtime_3.8.701.20230209-1606\jars\okhttp-3.14.1.jar
2023-10-06 11:38:06,820 [Worker-18: Launching mavenrun-0c0b3e31-0268-4cca-9097-0c11351b2cd7] INFO  o.eclipse.m2e.core.internal.Bundles - 	Entry: C:\Users\arizk\Downloads\eclipse-jee-2023-03-R-win32-x86_64\eclipse\plugins\org.eclipse.m2e.maven.runtime_3.8.701.20230209-1606\jars\okio-1.17.3.jar
2023-10-06 11:38:06,821 [Worker-18: Launching mavenrun-0c0b3e31-0268-4cca-9097-0c11351b2cd7] INFO  o.eclipse.m2e.core.internal.Bundles - 	Entry: C:\Users\arizk\Downloads\eclipse-jee-2023-03-R-win32-x86_64\eclipse\plugins\org.eclipse.m2e.maven.runtime_3.8.701.20230209-1606\jars\org.eclipse.sisu.inject-0.3.5.jar
2023-10-06 11:38:06,821 [Worker-18: Launching mavenrun-0c0b3e31-0268-4cca-9097-0c11351b2cd7] INFO  o.eclipse.m2e.core.internal.Bundles - 	Entry: C:\Users\arizk\Downloads\eclipse-jee-2023-03-R-win32-x86_64\eclipse\plugins\org.eclipse.m2e.maven.runtime_3.8.701.20230209-1606\jars\org.eclipse.sisu.plexus-0.3.5.jar
2023-10-06 11:38:06,821 [Worker-18: Launching mavenrun-0c0b3e31-0268-4cca-9097-0c11351b2cd7] INFO  o.eclipse.m2e.core.internal.Bundles - 	Entry: C:\Users\arizk\Downloads\eclipse-jee-2023-03-R-win32-x86_64\eclipse\plugins\org.eclipse.m2e.maven.runtime_3.8.701.20230209-1606\jars\plexus-build-api-0.0.7.jar
2023-10-06 11:38:06,821 [Worker-18: Launching mavenrun-0c0b3e31-0268-4cca-9097-0c11351b2cd7] INFO  o.eclipse.m2e.core.internal.Bundles - 	Entry: C:\Users\arizk\Downloads\eclipse-jee-2023-03-R-win32-x86_64\eclipse\plugins\org.eclipse.m2e.maven.runtime_3.8.701.20230209-1606\jars\plexus-cipher-2.0.jar
2023-10-06 11:38:06,821 [Worker-18: Launching mavenrun-0c0b3e31-0268-4cca-9097-0c11351b2cd7] INFO  o.eclipse.m2e.core.internal.Bundles - 	Entry: C:\Users\arizk\Downloads\eclipse-jee-2023-03-R-win32-x86_64\eclipse\plugins\org.eclipse.m2e.maven.runtime_3.8.701.20230209-1606\jars\plexus-classworlds-2.6.0.jar
2023-10-06 11:38:06,821 [Worker-18: Launching mavenrun-0c0b3e31-0268-4cca-9097-0c11351b2cd7] INFO  o.eclipse.m2e.core.internal.Bundles - 	Entry: C:\Users\arizk\Downloads\eclipse-jee-2023-03-R-win32-x86_64\eclipse\plugins\org.eclipse.m2e.maven.runtime_3.8.701.20230209-1606\jars\plexus-component-annotations-2.1.0.jar
2023-10-06 11:38:06,822 [Worker-18: Launching mavenrun-0c0b3e31-0268-4cca-9097-0c11351b2cd7] INFO  o.eclipse.m2e.core.internal.Bundles - 	Entry: C:\Users\arizk\Downloads\eclipse-jee-2023-03-R-win32-x86_64\eclipse\plugins\org.eclipse.m2e.maven.runtime_3.8.701.20230209-1606\jars\plexus-interpolation-1.26.jar
2023-10-06 11:38:06,822 [Worker-18: Launching mavenrun-0c0b3e31-0268-4cca-9097-0c11351b2cd7] INFO  o.eclipse.m2e.core.internal.Bundles - 	Entry: C:\Users\arizk\Downloads\eclipse-jee-2023-03-R-win32-x86_64\eclipse\plugins\org.eclipse.m2e.maven.runtime_3.8.701.20230209-1606\jars\plexus-sec-dispatcher-2.0.jar
2023-10-06 11:38:06,822 [Worker-18: Launching mavenrun-0c0b3e31-0268-4cca-9097-0c11351b2cd7] INFO  o.eclipse.m2e.core.internal.Bundles - 	Entry: C:\Users\arizk\Downloads\eclipse-jee-2023-03-R-win32-x86_64\eclipse\plugins\org.eclipse.m2e.maven.runtime_3.8.701.20230209-1606\jars\plexus-utils-3.3.1.jar
2023-10-06 11:38:06,822 [Worker-18: Launching mavenrun-0c0b3e31-0268-4cca-9097-0c11351b2cd7] INFO  o.eclipse.m2e.core.internal.Bundles - 	Entry: C:\Users\arizk\Downloads\eclipse-jee-2023-03-R-win32-x86_64\eclipse\plugins\org.eclipse.m2e.maven.runtime_3.8.701.20230209-1606\jars\wagon-file-3.5.3.jar
2023-10-06 11:38:06,822 [Worker-18: Launching mavenrun-0c0b3e31-0268-4cca-9097-0c11351b2cd7] INFO  o.eclipse.m2e.core.internal.Bundles - 	Entry: C:\Users\arizk\Downloads\eclipse-jee-2023-03-R-win32-x86_64\eclipse\plugins\org.eclipse.m2e.maven.runtime_3.8.701.20230209-1606\jars\wagon-provider-api-3.5.3.jar
2023-10-06 11:38:06,824 [Worker-18: Launching mavenrun-0c0b3e31-0268-4cca-9097-0c11351b2cd7] INFO  o.eclipse.m2e.core.internal.Bundles - getClasspathEntries(Bundle=com.google.guava_31.1.0.jre [11])
2023-10-06 11:38:06,826 [Worker-18: Launching mavenrun-0c0b3e31-0268-4cca-9097-0c11351b2cd7] INFO  o.eclipse.m2e.core.internal.Bundles - 	Entry: C:\Users\arizk\Downloads\eclipse-jee-2023-03-R-win32-x86_64\eclipse\plugins\com.google.guava_31.1.0.jre.jar
2023-10-06 11:38:06,827 [Worker-18: Launching mavenrun-0c0b3e31-0268-4cca-9097-0c11351b2cd7] INFO  o.eclipse.m2e.core.internal.Bundles - getClasspathEntries(Bundle=slf4j.api_1.7.36 [924])
2023-10-06 11:38:06,827 [Worker-18: Launching mavenrun-0c0b3e31-0268-4cca-9097-0c11351b2cd7] INFO  o.eclipse.m2e.core.internal.Bundles - 	Entry: C:\Users\arizk\Downloads\eclipse-jee-2023-03-R-win32-x86_64\eclipse\plugins\slf4j.api_1.7.36.jar
2023-10-06 11:38:06,827 [Worker-18: Launching mavenrun-0c0b3e31-0268-4cca-9097-0c11351b2cd7] INFO  o.eclipse.m2e.core.internal.Bundles - getClasspathEntries(Bundle=javax.inject_1.0.0.v20220405-0441 [35])
2023-10-06 11:38:06,828 [Worker-18: Launching mavenrun-0c0b3e31-0268-4cca-9097-0c11351b2cd7] INFO  o.eclipse.m2e.core.internal.Bundles - 	Entry: C:\Users\arizk\Downloads\eclipse-jee-2023-03-R-win32-x86_64\eclipse\plugins\javax.inject_1.0.0.v20220405-0441.jar
2023-10-06 11:38:06,828 [Worker-18: Launching mavenrun-0c0b3e31-0268-4cca-9097-0c11351b2cd7] INFO  o.eclipse.m2e.core.internal.Bundles - getClasspathEntries(Bundle=javax.annotation_1.3.5.v20221203-1659 [33])
2023-10-06 11:38:06,829 [Worker-18: Launching mavenrun-0c0b3e31-0268-4cca-9097-0c11351b2cd7] INFO  o.eclipse.m2e.core.internal.Bundles - 	Entry: C:\Users\arizk\Downloads\eclipse-jee-2023-03-R-win32-x86_64\eclipse\plugins\javax.annotation_1.3.5.v20221203-1659.jar
2023-10-06 11:38:06,829 [Worker-18: Launching mavenrun-0c0b3e31-0268-4cca-9097-0c11351b2cd7] INFO  o.eclipse.m2e.core.internal.Bundles - getClasspathEntries(Bundle=org.apache.commons.cli_1.4.0.v20221112-0806 [67])
2023-10-06 11:38:06,830 [Worker-18: Launching mavenrun-0c0b3e31-0268-4cca-9097-0c11351b2cd7] INFO  o.eclipse.m2e.core.internal.Bundles - 	Entry: C:\Users\arizk\Downloads\eclipse-jee-2023-03-R-win32-x86_64\eclipse\plugins\org.apache.commons.cli_1.4.0.v20221112-0806.jar
2023-10-06 11:38:06,831 [Worker-18: Launching mavenrun-0c0b3e31-0268-4cca-9097-0c11351b2cd7] INFO  o.eclipse.m2e.core.internal.Bundles - getClasspathEntries(Bundle=com.google.guava.failureaccess_1.0.1 [13])
2023-10-06 11:38:06,831 [Worker-18: Launching mavenrun-0c0b3e31-0268-4cca-9097-0c11351b2cd7] INFO  o.eclipse.m2e.core.internal.Bundles - 	Entry: C:\Users\arizk\Downloads\eclipse-jee-2023-03-R-win32-x86_64\eclipse\plugins\com.google.guava.failureaccess_1.0.1.jar
2023-10-06 11:38:06,838 [Worker-18: Launching mavenrun-0c0b3e31-0268-4cca-9097-0c11351b2cd7] INFO  o.e.m.i.launch.MavenLaunchDelegate - Run build in "C:\Users\arizk\AppData\Local\Temp\m2e-archetypeGenerator7339089816973346819":
2023-10-06 11:38:06,842 [Worker-18: Launching mavenrun-0c0b3e31-0268-4cca-9097-0c11351b2cd7] INFO  o.e.m.i.launch.MavenLaunchDelegate -  mvn  -DarchetypeGroupId=de.bripkens -DarchetypeArtifactId=java-quickstart -DarchetypeVersion=0.2.0 -DgroupId=inf -DartifactId=RegularExpression -Dversion=0.0.1-SNAPSHOT -Dpackage=com.java.reg -DoutputDirectory="D:\Regular Expression" -Dstyle.color=always -U archetype:generate
2023-10-06 11:39:10,971 [Worker-11: Creating java-quickstart] INFO  o.e.m.c.i.p.ProjectConfigurationManager - Collecting project info '/pom.xml' D:\Regular Expression\RegularExpression\pom.xml
2023-10-06 11:39:18,003 [Worker-11: Creating java-quickstart] INFO  o.e.m.c.i.l.LifecycleMappingFactory - Using org.eclipse.m2e.jdt.JarLifecycleMapping lifecycle mapping for MavenProject: inf:RegularExpression:0.0.1-SNAPSHOT @ D:\Regular Expression\RegularExpression\pom.xml.
2023-10-06 11:39:19,324 [Worker-11: Creating java-quickstart] INFO  o.e.m.j.i.AbstractJavaProjectConfigurator - Adding source folder /RegularExpression/src/main/java
2023-10-06 11:39:19,343 [Worker-11: Creating java-quickstart] INFO  o.e.m.j.i.AbstractJavaProjectConfigurator - Adding source folder /RegularExpression/src/test/java
2023-10-06 11:39:21,138 [Worker-11: Creating java-quickstart] INFO  o.e.m.c.i.embedder.EclipseLogger - Using 'UTF-8' encoding to copy filtered resources.
2023-10-06 11:39:21,139 [Worker-11: Creating java-quickstart] INFO  o.e.m.c.i.embedder.EclipseLogger - skip non existing resourceDirectory D:\Regular Expression\RegularExpression\src\main\resources
2023-10-06 11:39:21,142 [Worker-11: Creating java-quickstart] INFO  o.e.m.c.i.embedder.EclipseLogger - Using 'UTF-8' encoding to copy filtered resources.
2023-10-06 11:39:21,143 [Worker-11: Creating java-quickstart] INFO  o.e.m.c.i.embedder.EclipseLogger - skip non existing resourceDirectory D:\Regular Expression\RegularExpression\src\test\resources
2023-10-06 11:39:21,374 [Worker-11: Creating java-quickstart] INFO  o.e.m.c.i.p.ProjectConfigurationManager - Imported and configured 1 project(s) in 10 sec
2023-10-06 11:39:35,762 [Worker-5: Building] INFO  o.e.m.c.i.embedder.EclipseLogger - Using 'UTF-8' encoding to copy filtered resources.
2023-10-06 11:39:35,763 [Worker-5: Building] INFO  o.e.m.c.i.embedder.EclipseLogger - skip non existing resourceDirectory D:\Regular Expression\RegularExpression\src\main\resources
2023-10-06 11:39:35,766 [Worker-5: Building] INFO  o.e.m.c.i.embedder.EclipseLogger - Using 'UTF-8' encoding to copy filtered resources.
2023-10-06 11:39:35,766 [Worker-5: Building] INFO  o.e.m.c.i.embedder.EclipseLogger - skip non existing resourceDirectory D:\Regular Expression\RegularExpression\src\test\resources
2023-10-06 11:40:59,171 [Worker-1: Building] INFO  o.e.m.c.i.embedder.EclipseLogger - Using 'UTF-8' encoding to copy filtered resources.
2023-10-06 11:40:59,171 [Worker-1: Building] INFO  o.e.m.c.i.embedder.EclipseLogger - skip non existing resourceDirectory D:\Regular Expression\RegularExpression\src\main\resources
2023-10-06 11:40:59,173 [Worker-1: Building] INFO  o.e.m.c.i.embedder.EclipseLogger - Using 'UTF-8' encoding to copy filtered resources.
2023-10-06 11:40:59,173 [Worker-1: Building] INFO  o.e.m.c.i.embedder.EclipseLogger - skip non existing resourceDirectory D:\Regular Expression\RegularExpression\src\test\resources
2023-10-06 11:44:57,449 [Worker-6: Building] INFO  o.e.m.c.i.embedder.EclipseLogger - Using 'UTF-8' encoding to copy filtered resources.
2023-10-06 11:44:57,450 [Worker-6: Building] INFO  o.e.m.c.i.embedder.EclipseLogger - skip non existing resourceDirectory D:\Regular Expression\RegularExpression\src\main\resources
2023-10-06 11:44:57,451 [Worker-6: Building] INFO  o.e.m.c.i.embedder.EclipseLogger - Using 'UTF-8' encoding to copy filtered resources.
2023-10-06 11:44:57,451 [Worker-6: Building] INFO  o.e.m.c.i.embedder.EclipseLogger - skip non existing resourceDirectory D:\Regular Expression\RegularExpression\src\test\resources
2023-10-06 11:47:14,096 [Worker-30: Building] INFO  o.e.m.c.i.embedder.EclipseLogger - Using 'UTF-8' encoding to copy filtered resources.
2023-10-06 11:47:14,097 [Worker-30: Building] INFO  o.e.m.c.i.embedder.EclipseLogger - skip non existing resourceDirectory D:\Regular Expression\RegularExpression\src\main\resources
2023-10-06 11:47:14,098 [Worker-30: Building] INFO  o.e.m.c.i.embedder.EclipseLogger - Using 'UTF-8' encoding to copy filtered resources.
2023-10-06 11:47:14,098 [Worker-30: Building] INFO  o.e.m.c.i.embedder.EclipseLogger - skip non existing resourceDirectory D:\Regular Expression\RegularExpression\src\test\resources
2023-10-06 11:48:42,679 [Worker-32: Building] INFO  o.e.m.c.i.embedder.EclipseLogger - Using 'UTF-8' encoding to copy filtered resources.
2023-10-06 11:48:42,679 [Worker-32: Building] INFO  o.e.m.c.i.embedder.EclipseLogger - skip non existing resourceDirectory D:\Regular Expression\RegularExpression\src\main\resources
2023-10-06 11:48:42,681 [Worker-32: Building] INFO  o.e.m.c.i.embedder.EclipseLogger - Using 'UTF-8' encoding to copy filtered resources.
2023-10-06 11:48:42,681 [Worker-32: Building] INFO  o.e.m.c.i.embedder.EclipseLogger - skip non existing resourceDirectory D:\Regular Expression\RegularExpression\src\test\resources
2023-10-06 11:51:26,305 [Worker-35: Building] INFO  o.e.m.c.i.embedder.EclipseLogger - Using 'UTF-8' encoding to copy filtered resources.
2023-10-06 11:51:26,305 [Worker-35: Building] INFO  o.e.m.c.i.embedder.EclipseLogger - skip non existing resourceDirectory D:\Regular Expression\RegularExpression\src\main\resources
2023-10-06 11:51:26,307 [Worker-35: Building] INFO  o.e.m.c.i.embedder.EclipseLogger - Using 'UTF-8' encoding to copy filtered resources.
2023-10-06 11:51:26,307 [Worker-35: Building] INFO  o.e.m.c.i.embedder.EclipseLogger - skip non existing resourceDirectory D:\Regular Expression\RegularExpression\src\test\resources
2023-10-06 11:59:22,606 [Worker-39: Building] INFO  o.e.m.c.i.embedder.EclipseLogger - Using 'UTF-8' encoding to copy filtered resources.
2023-10-06 11:59:22,607 [Worker-39: Building] INFO  o.e.m.c.i.embedder.EclipseLogger - skip non existing resourceDirectory D:\Regular Expression\RegularExpression\src\main\resources
2023-10-06 11:59:22,609 [Worker-39: Building] INFO  o.e.m.c.i.embedder.EclipseLogger - Using 'UTF-8' encoding to copy filtered resources.
2023-10-06 11:59:22,609 [Worker-39: Building] INFO  o.e.m.c.i.embedder.EclipseLogger - skip non existing resourceDirectory D:\Regular Expression\RegularExpression\src\test\resources
2023-10-06 12:02:49,961 [Worker-42: Building] INFO  o.e.m.c.i.embedder.EclipseLogger - Using 'UTF-8' encoding to copy filtered resources.
2023-10-06 12:02:49,961 [Worker-42: Building] INFO  o.e.m.c.i.embedder.EclipseLogger - skip non existing resourceDirectory D:\Regular Expression\RegularExpression\src\main\resources
2023-10-06 12:02:49,963 [Worker-42: Building] INFO  o.e.m.c.i.embedder.EclipseLogger - Using 'UTF-8' encoding to copy filtered resources.
2023-10-06 12:02:49,963 [Worker-42: Building] INFO  o.e.m.c.i.embedder.EclipseLogger - skip non existing resourceDirectory D:\Regular Expression\RegularExpression\src\test\resources
2023-10-06 12:08:54,450 [Worker-49: Building] INFO  o.e.m.c.i.embedder.EclipseLogger - Using 'UTF-8' encoding to copy filtered resources.
2023-10-06 12:08:54,450 [Worker-49: Building] INFO  o.e.m.c.i.embedder.EclipseLogger - skip non existing resourceDirectory D:\Regular Expression\RegularExpression\src\main\resources
2023-10-06 12:08:54,451 [Worker-49: Building] INFO  o.e.m.c.i.embedder.EclipseLogger - Using 'UTF-8' encoding to copy filtered resources.
2023-10-06 12:08:54,452 [Worker-49: Building] INFO  o.e.m.c.i.embedder.EclipseLogger - skip non existing resourceDirectory D:\Regular Expression\RegularExpression\src\test\resources
2023-10-06 12:10:42,298 [Worker-47: Building] INFO  o.e.m.c.i.embedder.EclipseLogger - Using 'UTF-8' encoding to copy filtered resources.
2023-10-06 12:10:42,299 [Worker-47: Building] INFO  o.e.m.c.i.embedder.EclipseLogger - skip non existing resourceDirectory D:\Regular Expression\RegularExpression\src\main\resources
2023-10-06 12:10:42,301 [Worker-47: Building] INFO  o.e.m.c.i.embedder.EclipseLogger - Using 'UTF-8' encoding to copy filtered resources.
2023-10-06 12:10:42,301 [Worker-47: Building] INFO  o.e.m.c.i.embedder.EclipseLogger - skip non existing resourceDirectory D:\Regular Expression\RegularExpression\src\test\resources
2023-10-06 12:11:57,667 [Worker-53: Launching RegEx1] INFO  o.e.m.c.i.embedder.EclipseLogger - Using 'UTF-8' encoding to copy filtered resources.
2023-10-06 12:11:57,667 [Worker-53: Launching RegEx1] INFO  o.e.m.c.i.embedder.EclipseLogger - skip non existing resourceDirectory D:\Regular Expression\RegularExpression\src\main\resources
2023-10-06 12:11:57,670 [Worker-53: Launching RegEx1] INFO  o.e.m.c.i.embedder.EclipseLogger - Using 'UTF-8' encoding to copy filtered resources.
2023-10-06 12:11:57,670 [Worker-53: Launching RegEx1] INFO  o.e.m.c.i.embedder.EclipseLogger - skip non existing resourceDirectory D:\Regular Expression\RegularExpression\src\test\resources
2023-10-06 12:13:06,241 [Worker-54: Launching RegEx1] INFO  o.e.m.c.i.embedder.EclipseLogger - Using 'UTF-8' encoding to copy filtered resources.
2023-10-06 12:13:06,242 [Worker-54: Launching RegEx1] INFO  o.e.m.c.i.embedder.EclipseLogger - skip non existing resourceDirectory D:\Regular Expression\RegularExpression\src\main\resources
2023-10-06 12:13:06,244 [Worker-54: Launching RegEx1] INFO  o.e.m.c.i.embedder.EclipseLogger - Using 'UTF-8' encoding to copy filtered resources.
2023-10-06 12:13:06,244 [Worker-54: Launching RegEx1] INFO  o.e.m.c.i.embedder.EclipseLogger - skip non existing resourceDirectory D:\Regular Expression\RegularExpression\src\test\resources
2023-10-06 12:14:22,614 [Worker-52: Building] INFO  o.e.m.c.i.embedder.EclipseLogger - Using 'UTF-8' encoding to copy filtered resources.
2023-10-06 12:14:22,615 [Worker-52: Building] INFO  o.e.m.c.i.embedder.EclipseLogger - skip non existing resourceDirectory D:\Regular Expression\RegularExpression\src\main\resources
2023-10-06 12:14:22,616 [Worker-52: Building] INFO  o.e.m.c.i.embedder.EclipseLogger - Using 'UTF-8' encoding to copy filtered resources.
2023-10-06 12:14:22,617 [Worker-52: Building] INFO  o.e.m.c.i.embedder.EclipseLogger - skip non existing resourceDirectory D:\Regular Expression\RegularExpression\src\test\resources
2023-10-06 12:15:57,512 [Worker-57: Building] INFO  o.e.m.c.i.embedder.EclipseLogger - Using 'UTF-8' encoding to copy filtered resources.
2023-10-06 12:15:57,512 [Worker-57: Building] INFO  o.e.m.c.i.embedder.EclipseLogger - skip non existing resourceDirectory D:\Regular Expression\RegularExpression\src\main\resources
2023-10-06 12:15:57,513 [Worker-57: Building] INFO  o.e.m.c.i.embedder.EclipseLogger - Using 'UTF-8' encoding to copy filtered resources.
2023-10-06 12:15:57,513 [Worker-57: Building] INFO  o.e.m.c.i.embedder.EclipseLogger - skip non existing resourceDirectory D:\Regular Expression\RegularExpression\src\test\resources
2023-10-06 12:18:51,315 [Worker-60: Launching RegEx1] INFO  o.e.m.c.i.embedder.EclipseLogger - Using 'UTF-8' encoding to copy filtered resources.
2023-10-06 12:18:51,315 [Worker-60: Launching RegEx1] INFO  o.e.m.c.i.embedder.EclipseLogger - skip non existing resourceDirectory D:\Regular Expression\RegularExpression\src\main\resources
2023-10-06 12:18:51,320 [Worker-60: Launching RegEx1] INFO  o.e.m.c.i.embedder.EclipseLogger - Using 'UTF-8' encoding to copy filtered resources.
2023-10-06 12:18:51,320 [Worker-60: Launching RegEx1] INFO  o.e.m.c.i.embedder.EclipseLogger - skip non existing resourceDirectory D:\Regular Expression\RegularExpression\src\test\resources
2023-10-06 12:21:28,284 [Worker-64: Building] INFO  o.e.m.c.i.embedder.EclipseLogger - Using 'UTF-8' encoding to copy filtered resources.
2023-10-06 12:21:28,284 [Worker-64: Building] INFO  o.e.m.c.i.embedder.EclipseLogger - skip non existing resourceDirectory D:\Regular Expression\RegularExpression\src\main\resources
2023-10-06 12:21:28,288 [Worker-64: Building] INFO  o.e.m.c.i.embedder.EclipseLogger - Using 'UTF-8' encoding to copy filtered resources.
2023-10-06 12:21:28,288 [Worker-64: Building] INFO  o.e.m.c.i.embedder.EclipseLogger - skip non existing resourceDirectory D:\Regular Expression\RegularExpression\src\test\resources
2023-10-06 12:21:39,720 [Worker-57: Building] INFO  o.e.m.c.i.embedder.EclipseLogger - Using 'UTF-8' encoding to copy filtered resources.
2023-10-06 12:21:39,720 [Worker-57: Building] INFO  o.e.m.c.i.embedder.EclipseLogger - skip non existing resourceDirectory D:\Regular Expression\RegularExpression\src\main\resources
2023-10-06 12:21:39,722 [Worker-57: Building] INFO  o.e.m.c.i.embedder.EclipseLogger - Using 'UTF-8' encoding to copy filtered resources.
2023-10-06 12:21:39,722 [Worker-57: Building] INFO  o.e.m.c.i.embedder.EclipseLogger - skip non existing resourceDirectory D:\Regular Expression\RegularExpression\src\test\resources
2023-10-06 12:22:13,434 [Worker-64: Building] INFO  o.e.m.c.i.embedder.EclipseLogger - Using 'UTF-8' encoding to copy filtered resources.
2023-10-06 12:22:13,434 [Worker-64: Building] INFO  o.e.m.c.i.embedder.EclipseLogger - skip non existing resourceDirectory D:\Regular Expression\RegularExpression\src\main\resources
2023-10-06 12:22:13,435 [Worker-64: Building] INFO  o.e.m.c.i.embedder.EclipseLogger - Using 'UTF-8' encoding to copy filtered resources.
2023-10-06 12:22:13,435 [Worker-64: Building] INFO  o.e.m.c.i.embedder.EclipseLogger - skip non existing resourceDirectory D:\Regular Expression\RegularExpression\src\test\resources
2023-10-06 12:24:27,973 [Worker-65: Building] INFO  o.e.m.c.i.embedder.EclipseLogger - Using 'UTF-8' encoding to copy filtered resources.
2023-10-06 12:24:27,974 [Worker-65: Building] INFO  o.e.m.c.i.embedder.EclipseLogger - skip non existing resourceDirectory D:\Regular Expression\RegularExpression\src\main\resources
2023-10-06 12:24:27,975 [Worker-65: Building] INFO  o.e.m.c.i.embedder.EclipseLogger - Using 'UTF-8' encoding to copy filtered resources.
2023-10-06 12:24:27,975 [Worker-65: Building] INFO  o.e.m.c.i.embedder.EclipseLogger - skip non existing resourceDirectory D:\Regular Expression\RegularExpression\src\test\resources
2023-10-06 12:25:06,209 [Worker-70: Building] INFO  o.e.m.c.i.embedder.EclipseLogger - Using 'UTF-8' encoding to copy filtered resources.
2023-10-06 12:25:06,209 [Worker-70: Building] INFO  o.e.m.c.i.embedder.EclipseLogger - skip non existing resourceDirectory D:\Regular Expression\RegularExpression\src\main\resources
2023-10-06 12:25:06,211 [Worker-70: Building] INFO  o.e.m.c.i.embedder.EclipseLogger - Using 'UTF-8' encoding to copy filtered resources.
2023-10-06 12:25:06,211 [Worker-70: Building] INFO  o.e.m.c.i.embedder.EclipseLogger - skip non existing resourceDirectory D:\Regular Expression\RegularExpression\src\test\resources
2023-10-06 12:25:15,725 [Worker-71: Building] INFO  o.e.m.c.i.embedder.EclipseLogger - Using 'UTF-8' encoding to copy filtered resources.
2023-10-06 12:25:15,726 [Worker-71: Building] INFO  o.e.m.c.i.embedder.EclipseLogger - skip non existing resourceDirectory D:\Regular Expression\RegularExpression\src\main\resources
2023-10-06 12:25:15,728 [Worker-71: Building] INFO  o.e.m.c.i.embedder.EclipseLogger - Using 'UTF-8' encoding to copy filtered resources.
2023-10-06 12:25:15,728 [Worker-71: Building] INFO  o.e.m.c.i.embedder.EclipseLogger - skip non existing resourceDirectory D:\Regular Expression\RegularExpression\src\test\resources
2023-10-06 14:47:08,997 [Worker-76: Building] INFO  o.e.m.c.i.embedder.EclipseLogger - Using 'UTF-8' encoding to copy filtered resources.
2023-10-06 14:47:08,997 [Worker-76: Building] INFO  o.e.m.c.i.embedder.EclipseLogger - skip non existing resourceDirectory D:\Regular Expression\RegularExpression\src\main\resources
2023-10-06 14:47:08,999 [Worker-76: Building] INFO  o.e.m.c.i.embedder.EclipseLogger - Using 'UTF-8' encoding to copy filtered resources.
2023-10-06 14:47:08,999 [Worker-76: Building] INFO  o.e.m.c.i.embedder.EclipseLogger - skip non existing resourceDirectory D:\Regular Expression\RegularExpression\src\test\resources
