2023-11-02 10:09:11,236 [Worker-2: Loading available Gradle versions] INFO  o.e.b.c.i.u.g.PublishedGradleVersions - Gradle version information cache is out-of-date. Trying to update.
2023-11-02 10:15:31,513 [Worker-27: Launching mavenrun-734cdf3b-dff0-4073-9584-adca2fb20361] INFO  o.eclipse.m2e.core.internal.Bundles - getClasspathEntries(Bundle=org.eclipse.m2e.maven.runtime_3.8.701.20230209-1606 [610])
2023-11-02 10:15:31,533 [Worker-27: Launching mavenrun-734cdf3b-dff0-4073-9584-adca2fb20361] INFO  o.eclipse.m2e.core.internal.Bundles - 	Entry: C:\Users\arizk\Downloads\eclipse-jee-2023-03-R-win32-x86_64\eclipse\plugins\org.eclipse.m2e.maven.runtime_3.8.701.20230209-1606
2023-11-02 10:15:31,534 [Worker-27: Launching mavenrun-734cdf3b-dff0-4073-9584-adca2fb20361] INFO  o.eclipse.m2e.core.internal.Bundles - 	Entry: C:\Users\arizk\Downloads\eclipse-jee-2023-03-R-win32-x86_64\eclipse\plugins\org.eclipse.m2e.maven.runtime_3.8.701.20230209-1606\jars\aether-connector-okhttp-0.17.8.jar
2023-11-02 10:15:31,534 [Worker-27: Launching mavenrun-734cdf3b-dff0-4073-9584-adca2fb20361] INFO  o.eclipse.m2e.core.internal.Bundles - 	Entry: C:\Users\arizk\Downloads\eclipse-jee-2023-03-R-win32-x86_64\eclipse\plugins\org.eclipse.m2e.maven.runtime_3.8.701.20230209-1606\jars\commons-lang3-3.8.1.jar
2023-11-02 10:15:31,534 [Worker-27: Launching mavenrun-734cdf3b-dff0-4073-9584-adca2fb20361] INFO  o.eclipse.m2e.core.internal.Bundles - 	Entry: C:\Users\arizk\Downloads\eclipse-jee-2023-03-R-win32-x86_64\eclipse\plugins\org.eclipse.m2e.maven.runtime_3.8.701.20230209-1606\jars\guice-4.2.2-no_aop.jar
2023-11-02 10:15:31,534 [Worker-27: Launching mavenrun-734cdf3b-dff0-4073-9584-adca2fb20361] INFO  o.eclipse.m2e.core.internal.Bundles - 	Entry: C:\Users\arizk\Downloads\eclipse-jee-2023-03-R-win32-x86_64\eclipse\plugins\org.eclipse.m2e.maven.runtime_3.8.701.20230209-1606\jars\jansi-2.4.0.jar
2023-11-02 10:15:31,534 [Worker-27: Launching mavenrun-734cdf3b-dff0-4073-9584-adca2fb20361] INFO  o.eclipse.m2e.core.internal.Bundles - 	Entry: C:\Users\arizk\Downloads\eclipse-jee-2023-03-R-win32-x86_64\eclipse\plugins\org.eclipse.m2e.maven.runtime_3.8.701.20230209-1606\jars\maven-artifact-3.8.7.jar
2023-11-02 10:15:31,534 [Worker-27: Launching mavenrun-734cdf3b-dff0-4073-9584-adca2fb20361] INFO  o.eclipse.m2e.core.internal.Bundles - 	Entry: C:\Users\arizk\Downloads\eclipse-jee-2023-03-R-win32-x86_64\eclipse\plugins\org.eclipse.m2e.maven.runtime_3.8.701.20230209-1606\jars\maven-builder-support-3.8.7.jar
2023-11-02 10:15:31,534 [Worker-27: Launching mavenrun-734cdf3b-dff0-4073-9584-adca2fb20361] INFO  o.eclipse.m2e.core.internal.Bundles - 	Entry: C:\Users\arizk\Downloads\eclipse-jee-2023-03-R-win32-x86_64\eclipse\plugins\org.eclipse.m2e.maven.runtime_3.8.701.20230209-1606\jars\maven-compat-3.8.7.jar
2023-11-02 10:15:31,534 [Worker-27: Launching mavenrun-734cdf3b-dff0-4073-9584-adca2fb20361] INFO  o.eclipse.m2e.core.internal.Bundles - 	Entry: C:\Users\arizk\Downloads\eclipse-jee-2023-03-R-win32-x86_64\eclipse\plugins\org.eclipse.m2e.maven.runtime_3.8.701.20230209-1606\jars\maven-core-3.8.7.jar
2023-11-02 10:15:31,535 [Worker-27: Launching mavenrun-734cdf3b-dff0-4073-9584-adca2fb20361] INFO  o.eclipse.m2e.core.internal.Bundles - 	Entry: C:\Users\arizk\Downloads\eclipse-jee-2023-03-R-win32-x86_64\eclipse\plugins\org.eclipse.m2e.maven.runtime_3.8.701.20230209-1606\jars\maven-embedder-3.8.7.jar
2023-11-02 10:15:31,535 [Worker-27: Launching mavenrun-734cdf3b-dff0-4073-9584-adca2fb20361] INFO  o.eclipse.m2e.core.internal.Bundles - 	Entry: C:\Users\arizk\Downloads\eclipse-jee-2023-03-R-win32-x86_64\eclipse\plugins\org.eclipse.m2e.maven.runtime_3.8.701.20230209-1606\jars\maven-model-3.8.7.jar
2023-11-02 10:15:31,535 [Worker-27: Launching mavenrun-734cdf3b-dff0-4073-9584-adca2fb20361] INFO  o.eclipse.m2e.core.internal.Bundles - 	Entry: C:\Users\arizk\Downloads\eclipse-jee-2023-03-R-win32-x86_64\eclipse\plugins\org.eclipse.m2e.maven.runtime_3.8.701.20230209-1606\jars\maven-model-builder-3.8.7.jar
2023-11-02 10:15:31,535 [Worker-27: Launching mavenrun-734cdf3b-dff0-4073-9584-adca2fb20361] INFO  o.eclipse.m2e.core.internal.Bundles - 	Entry: C:\Users\arizk\Downloads\eclipse-jee-2023-03-R-win32-x86_64\eclipse\plugins\org.eclipse.m2e.maven.runtime_3.8.701.20230209-1606\jars\maven-plugin-api-3.8.7.jar
2023-11-02 10:15:31,535 [Worker-27: Launching mavenrun-734cdf3b-dff0-4073-9584-adca2fb20361] INFO  o.eclipse.m2e.core.internal.Bundles - 	Entry: C:\Users\arizk\Downloads\eclipse-jee-2023-03-R-win32-x86_64\eclipse\plugins\org.eclipse.m2e.maven.runtime_3.8.701.20230209-1606\jars\maven-repository-metadata-3.8.7.jar
2023-11-02 10:15:31,535 [Worker-27: Launching mavenrun-734cdf3b-dff0-4073-9584-adca2fb20361] INFO  o.eclipse.m2e.core.internal.Bundles - 	Entry: C:\Users\arizk\Downloads\eclipse-jee-2023-03-R-win32-x86_64\eclipse\plugins\org.eclipse.m2e.maven.runtime_3.8.701.20230209-1606\jars\maven-resolver-api-1.6.3.jar
2023-11-02 10:15:31,535 [Worker-27: Launching mavenrun-734cdf3b-dff0-4073-9584-adca2fb20361] INFO  o.eclipse.m2e.core.internal.Bundles - 	Entry: C:\Users\arizk\Downloads\eclipse-jee-2023-03-R-win32-x86_64\eclipse\plugins\org.eclipse.m2e.maven.runtime_3.8.701.20230209-1606\jars\maven-resolver-connector-basic-1.6.3.jar
2023-11-02 10:15:31,535 [Worker-27: Launching mavenrun-734cdf3b-dff0-4073-9584-adca2fb20361] INFO  o.eclipse.m2e.core.internal.Bundles - 	Entry: C:\Users\arizk\Downloads\eclipse-jee-2023-03-R-win32-x86_64\eclipse\plugins\org.eclipse.m2e.maven.runtime_3.8.701.20230209-1606\jars\maven-resolver-impl-1.6.3.jar
2023-11-02 10:15:31,536 [Worker-27: Launching mavenrun-734cdf3b-dff0-4073-9584-adca2fb20361] INFO  o.eclipse.m2e.core.internal.Bundles - 	Entry: C:\Users\arizk\Downloads\eclipse-jee-2023-03-R-win32-x86_64\eclipse\plugins\org.eclipse.m2e.maven.runtime_3.8.701.20230209-1606\jars\maven-resolver-provider-3.8.7.jar
2023-11-02 10:15:31,536 [Worker-27: Launching mavenrun-734cdf3b-dff0-4073-9584-adca2fb20361] INFO  o.eclipse.m2e.core.internal.Bundles - 	Entry: C:\Users\arizk\Downloads\eclipse-jee-2023-03-R-win32-x86_64\eclipse\plugins\org.eclipse.m2e.maven.runtime_3.8.701.20230209-1606\jars\maven-resolver-spi-1.6.3.jar
2023-11-02 10:15:31,536 [Worker-27: Launching mavenrun-734cdf3b-dff0-4073-9584-adca2fb20361] INFO  o.eclipse.m2e.core.internal.Bundles - 	Entry: C:\Users\arizk\Downloads\eclipse-jee-2023-03-R-win32-x86_64\eclipse\plugins\org.eclipse.m2e.maven.runtime_3.8.701.20230209-1606\jars\maven-resolver-transport-wagon-1.6.3.jar
2023-11-02 10:15:31,536 [Worker-27: Launching mavenrun-734cdf3b-dff0-4073-9584-adca2fb20361] INFO  o.eclipse.m2e.core.internal.Bundles - 	Entry: C:\Users\arizk\Downloads\eclipse-jee-2023-03-R-win32-x86_64\eclipse\plugins\org.eclipse.m2e.maven.runtime_3.8.701.20230209-1606\jars\maven-resolver-util-1.6.3.jar
2023-11-02 10:15:31,536 [Worker-27: Launching mavenrun-734cdf3b-dff0-4073-9584-adca2fb20361] INFO  o.eclipse.m2e.core.internal.Bundles - 	Entry: C:\Users\arizk\Downloads\eclipse-jee-2023-03-R-win32-x86_64\eclipse\plugins\org.eclipse.m2e.maven.runtime_3.8.701.20230209-1606\jars\maven-settings-3.8.7.jar
2023-11-02 10:15:31,536 [Worker-27: Launching mavenrun-734cdf3b-dff0-4073-9584-adca2fb20361] INFO  o.eclipse.m2e.core.internal.Bundles - 	Entry: C:\Users\arizk\Downloads\eclipse-jee-2023-03-R-win32-x86_64\eclipse\plugins\org.eclipse.m2e.maven.runtime_3.8.701.20230209-1606\jars\maven-settings-builder-3.8.7.jar
2023-11-02 10:15:31,536 [Worker-27: Launching mavenrun-734cdf3b-dff0-4073-9584-adca2fb20361] INFO  o.eclipse.m2e.core.internal.Bundles - 	Entry: C:\Users\arizk\Downloads\eclipse-jee-2023-03-R-win32-x86_64\eclipse\plugins\org.eclipse.m2e.maven.runtime_3.8.701.20230209-1606\jars\maven-shared-utils-3.3.4.jar
2023-11-02 10:15:31,536 [Worker-27: Launching mavenrun-734cdf3b-dff0-4073-9584-adca2fb20361] INFO  o.eclipse.m2e.core.internal.Bundles - 	Entry: C:\Users\arizk\Downloads\eclipse-jee-2023-03-R-win32-x86_64\eclipse\plugins\org.eclipse.m2e.maven.runtime_3.8.701.20230209-1606\jars\okhttp-3.14.1.jar
2023-11-02 10:15:31,537 [Worker-27: Launching mavenrun-734cdf3b-dff0-4073-9584-adca2fb20361] INFO  o.eclipse.m2e.core.internal.Bundles - 	Entry: C:\Users\arizk\Downloads\eclipse-jee-2023-03-R-win32-x86_64\eclipse\plugins\org.eclipse.m2e.maven.runtime_3.8.701.20230209-1606\jars\okio-1.17.3.jar
2023-11-02 10:15:31,537 [Worker-27: Launching mavenrun-734cdf3b-dff0-4073-9584-adca2fb20361] INFO  o.eclipse.m2e.core.internal.Bundles - 	Entry: C:\Users\arizk\Downloads\eclipse-jee-2023-03-R-win32-x86_64\eclipse\plugins\org.eclipse.m2e.maven.runtime_3.8.701.20230209-1606\jars\org.eclipse.sisu.inject-0.3.5.jar
2023-11-02 10:15:31,538 [Worker-27: Launching mavenrun-734cdf3b-dff0-4073-9584-adca2fb20361] INFO  o.eclipse.m2e.core.internal.Bundles - 	Entry: C:\Users\arizk\Downloads\eclipse-jee-2023-03-R-win32-x86_64\eclipse\plugins\org.eclipse.m2e.maven.runtime_3.8.701.20230209-1606\jars\org.eclipse.sisu.plexus-0.3.5.jar
2023-11-02 10:15:31,538 [Worker-27: Launching mavenrun-734cdf3b-dff0-4073-9584-adca2fb20361] INFO  o.eclipse.m2e.core.internal.Bundles - 	Entry: C:\Users\arizk\Downloads\eclipse-jee-2023-03-R-win32-x86_64\eclipse\plugins\org.eclipse.m2e.maven.runtime_3.8.701.20230209-1606\jars\plexus-build-api-0.0.7.jar
2023-11-02 10:15:31,538 [Worker-27: Launching mavenrun-734cdf3b-dff0-4073-9584-adca2fb20361] INFO  o.eclipse.m2e.core.internal.Bundles - 	Entry: C:\Users\arizk\Downloads\eclipse-jee-2023-03-R-win32-x86_64\eclipse\plugins\org.eclipse.m2e.maven.runtime_3.8.701.20230209-1606\jars\plexus-cipher-2.0.jar
2023-11-02 10:15:31,538 [Worker-27: Launching mavenrun-734cdf3b-dff0-4073-9584-adca2fb20361] INFO  o.eclipse.m2e.core.internal.Bundles - 	Entry: C:\Users\arizk\Downloads\eclipse-jee-2023-03-R-win32-x86_64\eclipse\plugins\org.eclipse.m2e.maven.runtime_3.8.701.20230209-1606\jars\plexus-classworlds-2.6.0.jar
2023-11-02 10:15:31,539 [Worker-27: Launching mavenrun-734cdf3b-dff0-4073-9584-adca2fb20361] INFO  o.eclipse.m2e.core.internal.Bundles - 	Entry: C:\Users\arizk\Downloads\eclipse-jee-2023-03-R-win32-x86_64\eclipse\plugins\org.eclipse.m2e.maven.runtime_3.8.701.20230209-1606\jars\plexus-component-annotations-2.1.0.jar
2023-11-02 10:15:31,539 [Worker-27: Launching mavenrun-734cdf3b-dff0-4073-9584-adca2fb20361] INFO  o.eclipse.m2e.core.internal.Bundles - 	Entry: C:\Users\arizk\Downloads\eclipse-jee-2023-03-R-win32-x86_64\eclipse\plugins\org.eclipse.m2e.maven.runtime_3.8.701.20230209-1606\jars\plexus-interpolation-1.26.jar
2023-11-02 10:15:31,539 [Worker-27: Launching mavenrun-734cdf3b-dff0-4073-9584-adca2fb20361] INFO  o.eclipse.m2e.core.internal.Bundles - 	Entry: C:\Users\arizk\Downloads\eclipse-jee-2023-03-R-win32-x86_64\eclipse\plugins\org.eclipse.m2e.maven.runtime_3.8.701.20230209-1606\jars\plexus-sec-dispatcher-2.0.jar
2023-11-02 10:15:31,539 [Worker-27: Launching mavenrun-734cdf3b-dff0-4073-9584-adca2fb20361] INFO  o.eclipse.m2e.core.internal.Bundles - 	Entry: C:\Users\arizk\Downloads\eclipse-jee-2023-03-R-win32-x86_64\eclipse\plugins\org.eclipse.m2e.maven.runtime_3.8.701.20230209-1606\jars\plexus-utils-3.3.1.jar
2023-11-02 10:15:31,539 [Worker-27: Launching mavenrun-734cdf3b-dff0-4073-9584-adca2fb20361] INFO  o.eclipse.m2e.core.internal.Bundles - 	Entry: C:\Users\arizk\Downloads\eclipse-jee-2023-03-R-win32-x86_64\eclipse\plugins\org.eclipse.m2e.maven.runtime_3.8.701.20230209-1606\jars\wagon-file-3.5.3.jar
2023-11-02 10:15:31,539 [Worker-27: Launching mavenrun-734cdf3b-dff0-4073-9584-adca2fb20361] INFO  o.eclipse.m2e.core.internal.Bundles - 	Entry: C:\Users\arizk\Downloads\eclipse-jee-2023-03-R-win32-x86_64\eclipse\plugins\org.eclipse.m2e.maven.runtime_3.8.701.20230209-1606\jars\wagon-provider-api-3.5.3.jar
2023-11-02 10:15:31,540 [Worker-27: Launching mavenrun-734cdf3b-dff0-4073-9584-adca2fb20361] INFO  o.eclipse.m2e.core.internal.Bundles - getClasspathEntries(Bundle=com.google.guava_31.1.0.jre [11])
2023-11-02 10:15:31,541 [Worker-27: Launching mavenrun-734cdf3b-dff0-4073-9584-adca2fb20361] INFO  o.eclipse.m2e.core.internal.Bundles - 	Entry: C:\Users\arizk\Downloads\eclipse-jee-2023-03-R-win32-x86_64\eclipse\plugins\com.google.guava_31.1.0.jre.jar
2023-11-02 10:15:31,541 [Worker-27: Launching mavenrun-734cdf3b-dff0-4073-9584-adca2fb20361] INFO  o.eclipse.m2e.core.internal.Bundles - getClasspathEntries(Bundle=slf4j.api_1.7.36 [924])
2023-11-02 10:15:31,541 [Worker-27: Launching mavenrun-734cdf3b-dff0-4073-9584-adca2fb20361] INFO  o.eclipse.m2e.core.internal.Bundles - 	Entry: C:\Users\arizk\Downloads\eclipse-jee-2023-03-R-win32-x86_64\eclipse\plugins\slf4j.api_1.7.36.jar
2023-11-02 10:15:31,542 [Worker-27: Launching mavenrun-734cdf3b-dff0-4073-9584-adca2fb20361] INFO  o.eclipse.m2e.core.internal.Bundles - getClasspathEntries(Bundle=javax.inject_1.0.0.v20220405-0441 [35])
2023-11-02 10:15:31,542 [Worker-27: Launching mavenrun-734cdf3b-dff0-4073-9584-adca2fb20361] INFO  o.eclipse.m2e.core.internal.Bundles - 	Entry: C:\Users\arizk\Downloads\eclipse-jee-2023-03-R-win32-x86_64\eclipse\plugins\javax.inject_1.0.0.v20220405-0441.jar
2023-11-02 10:15:31,542 [Worker-27: Launching mavenrun-734cdf3b-dff0-4073-9584-adca2fb20361] INFO  o.eclipse.m2e.core.internal.Bundles - getClasspathEntries(Bundle=javax.annotation_1.3.5.v20221203-1659 [33])
2023-11-02 10:15:31,543 [Worker-27: Launching mavenrun-734cdf3b-dff0-4073-9584-adca2fb20361] INFO  o.eclipse.m2e.core.internal.Bundles - 	Entry: C:\Users\arizk\Downloads\eclipse-jee-2023-03-R-win32-x86_64\eclipse\plugins\javax.annotation_1.3.5.v20221203-1659.jar
2023-11-02 10:15:31,543 [Worker-27: Launching mavenrun-734cdf3b-dff0-4073-9584-adca2fb20361] INFO  o.eclipse.m2e.core.internal.Bundles - getClasspathEntries(Bundle=org.apache.commons.cli_1.4.0.v20221112-0806 [67])
2023-11-02 10:15:31,544 [Worker-27: Launching mavenrun-734cdf3b-dff0-4073-9584-adca2fb20361] INFO  o.eclipse.m2e.core.internal.Bundles - 	Entry: C:\Users\arizk\Downloads\eclipse-jee-2023-03-R-win32-x86_64\eclipse\plugins\org.apache.commons.cli_1.4.0.v20221112-0806.jar
2023-11-02 10:15:31,544 [Worker-27: Launching mavenrun-734cdf3b-dff0-4073-9584-adca2fb20361] INFO  o.eclipse.m2e.core.internal.Bundles - getClasspathEntries(Bundle=com.google.guava.failureaccess_1.0.1 [13])
2023-11-02 10:15:31,545 [Worker-27: Launching mavenrun-734cdf3b-dff0-4073-9584-adca2fb20361] INFO  o.eclipse.m2e.core.internal.Bundles - 	Entry: C:\Users\arizk\Downloads\eclipse-jee-2023-03-R-win32-x86_64\eclipse\plugins\com.google.guava.failureaccess_1.0.1.jar
2023-11-02 10:15:31,549 [Worker-27: Launching mavenrun-734cdf3b-dff0-4073-9584-adca2fb20361] INFO  o.e.m.i.launch.MavenLaunchDelegate - Run build in "C:\Users\arizk\AppData\Local\Temp\m2e-archetypeGenerator15926974306120680161":
2023-11-02 10:15:31,553 [Worker-27: Launching mavenrun-734cdf3b-dff0-4073-9584-adca2fb20361] INFO  o.e.m.i.launch.MavenLaunchDelegate -  mvn  -DarchetypeGroupId=de.bripkens -DarchetypeArtifactId=java-quickstart -DarchetypeVersion=0.2.0 -DgroupId=inf -DartifactId=DesignPattern -Dversion=0.0.1-SNAPSHOT -Dpackage=com.java.dsp -DoutputDirectory="D:\Design pattern" -Dstyle.color=always -U archetype:generate
2023-11-02 10:15:55,126 [Worker-2: Creating java-quickstart] INFO  o.e.m.c.i.p.ProjectConfigurationManager - Collecting project info '/pom.xml' D:\Design pattern\DesignPattern\pom.xml
2023-11-02 10:16:02,027 [Worker-2: Creating java-quickstart] INFO  o.e.m.c.i.l.LifecycleMappingFactory - Using org.eclipse.m2e.jdt.JarLifecycleMapping lifecycle mapping for MavenProject: inf:DesignPattern:0.0.1-SNAPSHOT @ D:\Design pattern\DesignPattern\pom.xml.
2023-11-02 10:16:03,160 [Worker-2: Creating java-quickstart] INFO  o.e.m.j.i.AbstractJavaProjectConfigurator - Adding source folder /DesignPattern/src/main/java
2023-11-02 10:16:03,173 [Worker-2: Creating java-quickstart] INFO  o.e.m.j.i.AbstractJavaProjectConfigurator - Adding source folder /DesignPattern/src/test/java
2023-11-02 10:16:04,952 [Worker-2: Creating java-quickstart] INFO  o.e.m.c.i.embedder.EclipseLogger - Using 'UTF-8' encoding to copy filtered resources.
2023-11-02 10:16:04,953 [Worker-2: Creating java-quickstart] INFO  o.e.m.c.i.embedder.EclipseLogger - skip non existing resourceDirectory D:\Design pattern\DesignPattern\src\main\resources
2023-11-02 10:16:04,955 [Worker-2: Creating java-quickstart] INFO  o.e.m.c.i.embedder.EclipseLogger - Using 'UTF-8' encoding to copy filtered resources.
2023-11-02 10:16:04,956 [Worker-2: Creating java-quickstart] INFO  o.e.m.c.i.embedder.EclipseLogger - skip non existing resourceDirectory D:\Design pattern\DesignPattern\src\test\resources
2023-11-02 10:16:05,369 [Worker-2: Creating java-quickstart] INFO  o.e.m.c.i.p.ProjectConfigurationManager - Imported and configured 1 project(s) in 10 sec
2023-11-02 10:16:47,450 [Worker-28: Building] INFO  o.e.m.c.i.embedder.EclipseLogger - Using 'UTF-8' encoding to copy filtered resources.
2023-11-02 10:16:47,450 [Worker-28: Building] INFO  o.e.m.c.i.embedder.EclipseLogger - skip non existing resourceDirectory D:\Design pattern\DesignPattern\src\main\resources
2023-11-02 10:16:47,453 [Worker-28: Building] INFO  o.e.m.c.i.embedder.EclipseLogger - Using 'UTF-8' encoding to copy filtered resources.
2023-11-02 10:16:47,454 [Worker-28: Building] INFO  o.e.m.c.i.embedder.EclipseLogger - skip non existing resourceDirectory D:\Design pattern\DesignPattern\src\test\resources
2023-11-02 10:22:15,172 [Worker-28: Building] INFO  o.e.m.c.i.embedder.EclipseLogger - Using 'UTF-8' encoding to copy filtered resources.
2023-11-02 10:22:15,172 [Worker-28: Building] INFO  o.e.m.c.i.embedder.EclipseLogger - skip non existing resourceDirectory D:\Design pattern\DesignPattern\src\main\resources
2023-11-02 10:22:15,174 [Worker-28: Building] INFO  o.e.m.c.i.embedder.EclipseLogger - Using 'UTF-8' encoding to copy filtered resources.
2023-11-02 10:22:15,175 [Worker-28: Building] INFO  o.e.m.c.i.embedder.EclipseLogger - skip non existing resourceDirectory D:\Design pattern\DesignPattern\src\test\resources
2023-11-02 10:25:52,148 [Worker-30: Building] INFO  o.e.m.c.i.embedder.EclipseLogger - Using 'UTF-8' encoding to copy filtered resources.
2023-11-02 10:25:52,148 [Worker-30: Building] INFO  o.e.m.c.i.embedder.EclipseLogger - skip non existing resourceDirectory D:\Design pattern\DesignPattern\src\main\resources
2023-11-02 10:25:52,151 [Worker-30: Building] INFO  o.e.m.c.i.embedder.EclipseLogger - Using 'UTF-8' encoding to copy filtered resources.
2023-11-02 10:25:52,151 [Worker-30: Building] INFO  o.e.m.c.i.embedder.EclipseLogger - skip non existing resourceDirectory D:\Design pattern\DesignPattern\src\test\resources
2023-11-02 10:27:32,454 [Worker-33: Building] INFO  o.e.m.c.i.embedder.EclipseLogger - Using 'UTF-8' encoding to copy filtered resources.
2023-11-02 10:27:32,454 [Worker-33: Building] INFO  o.e.m.c.i.embedder.EclipseLogger - skip non existing resourceDirectory D:\Design pattern\DesignPattern\src\main\resources
2023-11-02 10:27:32,456 [Worker-33: Building] INFO  o.e.m.c.i.embedder.EclipseLogger - Using 'UTF-8' encoding to copy filtered resources.
2023-11-02 10:27:32,456 [Worker-33: Building] INFO  o.e.m.c.i.embedder.EclipseLogger - skip non existing resourceDirectory D:\Design pattern\DesignPattern\src\test\resources
2023-11-02 10:29:58,651 [Worker-35: Building] INFO  o.e.m.c.i.embedder.EclipseLogger - Using 'UTF-8' encoding to copy filtered resources.
2023-11-02 10:29:58,651 [Worker-35: Building] INFO  o.e.m.c.i.embedder.EclipseLogger - skip non existing resourceDirectory D:\Design pattern\DesignPattern\src\main\resources
2023-11-02 10:29:58,653 [Worker-35: Building] INFO  o.e.m.c.i.embedder.EclipseLogger - Using 'UTF-8' encoding to copy filtered resources.
2023-11-02 10:29:58,653 [Worker-35: Building] INFO  o.e.m.c.i.embedder.EclipseLogger - skip non existing resourceDirectory D:\Design pattern\DesignPattern\src\test\resources
2023-11-02 10:41:34,272 [Worker-35: Building] INFO  o.e.m.c.i.embedder.EclipseLogger - Using 'UTF-8' encoding to copy filtered resources.
2023-11-02 10:41:34,272 [Worker-35: Building] INFO  o.e.m.c.i.embedder.EclipseLogger - skip non existing resourceDirectory D:\Design pattern\DesignPattern\src\main\resources
2023-11-02 10:41:34,274 [Worker-35: Building] INFO  o.e.m.c.i.embedder.EclipseLogger - Using 'UTF-8' encoding to copy filtered resources.
2023-11-02 10:41:34,274 [Worker-35: Building] INFO  o.e.m.c.i.embedder.EclipseLogger - skip non existing resourceDirectory D:\Design pattern\DesignPattern\src\test\resources
2023-11-02 10:41:53,224 [Worker-39: Building] INFO  o.e.m.c.i.embedder.EclipseLogger - Using 'UTF-8' encoding to copy filtered resources.
2023-11-02 10:41:53,224 [Worker-39: Building] INFO  o.e.m.c.i.embedder.EclipseLogger - skip non existing resourceDirectory D:\Design pattern\DesignPattern\src\main\resources
2023-11-02 10:41:53,226 [Worker-39: Building] INFO  o.e.m.c.i.embedder.EclipseLogger - Using 'UTF-8' encoding to copy filtered resources.
2023-11-02 10:41:53,226 [Worker-39: Building] INFO  o.e.m.c.i.embedder.EclipseLogger - skip non existing resourceDirectory D:\Design pattern\DesignPattern\src\test\resources
2023-11-02 10:42:09,893 [Worker-41: Building] INFO  o.e.m.c.i.embedder.EclipseLogger - Using 'UTF-8' encoding to copy filtered resources.
2023-11-02 10:42:09,893 [Worker-41: Building] INFO  o.e.m.c.i.embedder.EclipseLogger - skip non existing resourceDirectory D:\Design pattern\DesignPattern\src\main\resources
2023-11-02 10:42:09,895 [Worker-41: Building] INFO  o.e.m.c.i.embedder.EclipseLogger - Using 'UTF-8' encoding to copy filtered resources.
2023-11-02 10:42:09,895 [Worker-41: Building] INFO  o.e.m.c.i.embedder.EclipseLogger - skip non existing resourceDirectory D:\Design pattern\DesignPattern\src\test\resources
2023-11-02 10:42:22,796 [Worker-43: Building] INFO  o.e.m.c.i.embedder.EclipseLogger - Using 'UTF-8' encoding to copy filtered resources.
2023-11-02 10:42:22,796 [Worker-43: Building] INFO  o.e.m.c.i.embedder.EclipseLogger - skip non existing resourceDirectory D:\Design pattern\DesignPattern\src\main\resources
2023-11-02 10:42:22,797 [Worker-43: Building] INFO  o.e.m.c.i.embedder.EclipseLogger - Using 'UTF-8' encoding to copy filtered resources.
2023-11-02 10:42:22,798 [Worker-43: Building] INFO  o.e.m.c.i.embedder.EclipseLogger - skip non existing resourceDirectory D:\Design pattern\DesignPattern\src\test\resources
2023-11-02 10:42:37,334 [Worker-40: Building] INFO  o.e.m.c.i.embedder.EclipseLogger - Using 'UTF-8' encoding to copy filtered resources.
2023-11-02 10:42:37,334 [Worker-40: Building] INFO  o.e.m.c.i.embedder.EclipseLogger - skip non existing resourceDirectory D:\Design pattern\DesignPattern\src\main\resources
2023-11-02 10:42:37,337 [Worker-40: Building] INFO  o.e.m.c.i.embedder.EclipseLogger - Using 'UTF-8' encoding to copy filtered resources.
2023-11-02 10:42:37,337 [Worker-40: Building] INFO  o.e.m.c.i.embedder.EclipseLogger - skip non existing resourceDirectory D:\Design pattern\DesignPattern\src\test\resources
2023-11-02 10:44:14,627 [Worker-40: Building] INFO  o.e.m.c.i.embedder.EclipseLogger - Using 'UTF-8' encoding to copy filtered resources.
2023-11-02 10:44:14,628 [Worker-40: Building] INFO  o.e.m.c.i.embedder.EclipseLogger - skip non existing resourceDirectory D:\Design pattern\DesignPattern\src\main\resources
2023-11-02 10:44:14,629 [Worker-40: Building] INFO  o.e.m.c.i.embedder.EclipseLogger - Using 'UTF-8' encoding to copy filtered resources.
2023-11-02 10:44:14,629 [Worker-40: Building] INFO  o.e.m.c.i.embedder.EclipseLogger - skip non existing resourceDirectory D:\Design pattern\DesignPattern\src\test\resources
2023-11-02 10:46:54,829 [Worker-44: Building] INFO  o.e.m.c.i.embedder.EclipseLogger - Using 'UTF-8' encoding to copy filtered resources.
2023-11-02 10:46:54,829 [Worker-44: Building] INFO  o.e.m.c.i.embedder.EclipseLogger - skip non existing resourceDirectory D:\Design pattern\DesignPattern\src\main\resources
2023-11-02 10:46:54,830 [Worker-44: Building] INFO  o.e.m.c.i.embedder.EclipseLogger - Using 'UTF-8' encoding to copy filtered resources.
2023-11-02 10:46:54,831 [Worker-44: Building] INFO  o.e.m.c.i.embedder.EclipseLogger - skip non existing resourceDirectory D:\Design pattern\DesignPattern\src\test\resources
