2023-10-06 10:09:45,917 [Worker-1: Loading available Gradle versions] INFO  o.e.b.c.i.u.g.PublishedGradleVersions - Gradle version information cache is up-to-date. Trying to read.
2023-10-06 10:11:19,172 [Worker-9: Launching mavenrun-7e48f347-51dd-492b-a859-34f88896f401] INFO  o.eclipse.m2e.core.internal.Bundles - getClasspathEntries(Bundle=org.eclipse.m2e.maven.runtime_3.8.701.20230209-1606 [610])
2023-10-06 10:11:19,192 [Worker-9: Launching mavenrun-7e48f347-51dd-492b-a859-34f88896f401] INFO  o.eclipse.m2e.core.internal.Bundles - 	Entry: C:\Users\arizk\Downloads\eclipse-jee-2023-03-R-win32-x86_64\eclipse\plugins\org.eclipse.m2e.maven.runtime_3.8.701.20230209-1606
2023-10-06 10:11:19,193 [Worker-9: Launching mavenrun-7e48f347-51dd-492b-a859-34f88896f401] INFO  o.eclipse.m2e.core.internal.Bundles - 	Entry: C:\Users\arizk\Downloads\eclipse-jee-2023-03-R-win32-x86_64\eclipse\plugins\org.eclipse.m2e.maven.runtime_3.8.701.20230209-1606\jars\aether-connector-okhttp-0.17.8.jar
2023-10-06 10:11:19,194 [Worker-9: Launching mavenrun-7e48f347-51dd-492b-a859-34f88896f401] INFO  o.eclipse.m2e.core.internal.Bundles - 	Entry: C:\Users\arizk\Downloads\eclipse-jee-2023-03-R-win32-x86_64\eclipse\plugins\org.eclipse.m2e.maven.runtime_3.8.701.20230209-1606\jars\commons-lang3-3.8.1.jar
2023-10-06 10:11:19,194 [Worker-9: Launching mavenrun-7e48f347-51dd-492b-a859-34f88896f401] INFO  o.eclipse.m2e.core.internal.Bundles - 	Entry: C:\Users\arizk\Downloads\eclipse-jee-2023-03-R-win32-x86_64\eclipse\plugins\org.eclipse.m2e.maven.runtime_3.8.701.20230209-1606\jars\guice-4.2.2-no_aop.jar
2023-10-06 10:11:19,194 [Worker-9: Launching mavenrun-7e48f347-51dd-492b-a859-34f88896f401] INFO  o.eclipse.m2e.core.internal.Bundles - 	Entry: C:\Users\arizk\Downloads\eclipse-jee-2023-03-R-win32-x86_64\eclipse\plugins\org.eclipse.m2e.maven.runtime_3.8.701.20230209-1606\jars\jansi-2.4.0.jar
2023-10-06 10:11:19,194 [Worker-9: Launching mavenrun-7e48f347-51dd-492b-a859-34f88896f401] INFO  o.eclipse.m2e.core.internal.Bundles - 	Entry: C:\Users\arizk\Downloads\eclipse-jee-2023-03-R-win32-x86_64\eclipse\plugins\org.eclipse.m2e.maven.runtime_3.8.701.20230209-1606\jars\maven-artifact-3.8.7.jar
2023-10-06 10:11:19,194 [Worker-9: Launching mavenrun-7e48f347-51dd-492b-a859-34f88896f401] INFO  o.eclipse.m2e.core.internal.Bundles - 	Entry: C:\Users\arizk\Downloads\eclipse-jee-2023-03-R-win32-x86_64\eclipse\plugins\org.eclipse.m2e.maven.runtime_3.8.701.20230209-1606\jars\maven-builder-support-3.8.7.jar
2023-10-06 10:11:19,195 [Worker-9: Launching mavenrun-7e48f347-51dd-492b-a859-34f88896f401] INFO  o.eclipse.m2e.core.internal.Bundles - 	Entry: C:\Users\arizk\Downloads\eclipse-jee-2023-03-R-win32-x86_64\eclipse\plugins\org.eclipse.m2e.maven.runtime_3.8.701.20230209-1606\jars\maven-compat-3.8.7.jar
2023-10-06 10:11:19,195 [Worker-9: Launching mavenrun-7e48f347-51dd-492b-a859-34f88896f401] INFO  o.eclipse.m2e.core.internal.Bundles - 	Entry: C:\Users\arizk\Downloads\eclipse-jee-2023-03-R-win32-x86_64\eclipse\plugins\org.eclipse.m2e.maven.runtime_3.8.701.20230209-1606\jars\maven-core-3.8.7.jar
2023-10-06 10:11:19,195 [Worker-9: Launching mavenrun-7e48f347-51dd-492b-a859-34f88896f401] INFO  o.eclipse.m2e.core.internal.Bundles - 	Entry: C:\Users\arizk\Downloads\eclipse-jee-2023-03-R-win32-x86_64\eclipse\plugins\org.eclipse.m2e.maven.runtime_3.8.701.20230209-1606\jars\maven-embedder-3.8.7.jar
2023-10-06 10:11:19,195 [Worker-9: Launching mavenrun-7e48f347-51dd-492b-a859-34f88896f401] INFO  o.eclipse.m2e.core.internal.Bundles - 	Entry: C:\Users\arizk\Downloads\eclipse-jee-2023-03-R-win32-x86_64\eclipse\plugins\org.eclipse.m2e.maven.runtime_3.8.701.20230209-1606\jars\maven-model-3.8.7.jar
2023-10-06 10:11:19,195 [Worker-9: Launching mavenrun-7e48f347-51dd-492b-a859-34f88896f401] INFO  o.eclipse.m2e.core.internal.Bundles - 	Entry: C:\Users\arizk\Downloads\eclipse-jee-2023-03-R-win32-x86_64\eclipse\plugins\org.eclipse.m2e.maven.runtime_3.8.701.20230209-1606\jars\maven-model-builder-3.8.7.jar
2023-10-06 10:11:19,196 [Worker-9: Launching mavenrun-7e48f347-51dd-492b-a859-34f88896f401] INFO  o.eclipse.m2e.core.internal.Bundles - 	Entry: C:\Users\arizk\Downloads\eclipse-jee-2023-03-R-win32-x86_64\eclipse\plugins\org.eclipse.m2e.maven.runtime_3.8.701.20230209-1606\jars\maven-plugin-api-3.8.7.jar
2023-10-06 10:11:19,197 [Worker-9: Launching mavenrun-7e48f347-51dd-492b-a859-34f88896f401] INFO  o.eclipse.m2e.core.internal.Bundles - 	Entry: C:\Users\arizk\Downloads\eclipse-jee-2023-03-R-win32-x86_64\eclipse\plugins\org.eclipse.m2e.maven.runtime_3.8.701.20230209-1606\jars\maven-repository-metadata-3.8.7.jar
2023-10-06 10:11:19,197 [Worker-9: Launching mavenrun-7e48f347-51dd-492b-a859-34f88896f401] INFO  o.eclipse.m2e.core.internal.Bundles - 	Entry: C:\Users\arizk\Downloads\eclipse-jee-2023-03-R-win32-x86_64\eclipse\plugins\org.eclipse.m2e.maven.runtime_3.8.701.20230209-1606\jars\maven-resolver-api-1.6.3.jar
2023-10-06 10:11:19,197 [Worker-9: Launching mavenrun-7e48f347-51dd-492b-a859-34f88896f401] INFO  o.eclipse.m2e.core.internal.Bundles - 	Entry: C:\Users\arizk\Downloads\eclipse-jee-2023-03-R-win32-x86_64\eclipse\plugins\org.eclipse.m2e.maven.runtime_3.8.701.20230209-1606\jars\maven-resolver-connector-basic-1.6.3.jar
2023-10-06 10:11:19,197 [Worker-9: Launching mavenrun-7e48f347-51dd-492b-a859-34f88896f401] INFO  o.eclipse.m2e.core.internal.Bundles - 	Entry: C:\Users\arizk\Downloads\eclipse-jee-2023-03-R-win32-x86_64\eclipse\plugins\org.eclipse.m2e.maven.runtime_3.8.701.20230209-1606\jars\maven-resolver-impl-1.6.3.jar
2023-10-06 10:11:19,197 [Worker-9: Launching mavenrun-7e48f347-51dd-492b-a859-34f88896f401] INFO  o.eclipse.m2e.core.internal.Bundles - 	Entry: C:\Users\arizk\Downloads\eclipse-jee-2023-03-R-win32-x86_64\eclipse\plugins\org.eclipse.m2e.maven.runtime_3.8.701.20230209-1606\jars\maven-resolver-provider-3.8.7.jar
2023-10-06 10:11:19,197 [Worker-9: Launching mavenrun-7e48f347-51dd-492b-a859-34f88896f401] INFO  o.eclipse.m2e.core.internal.Bundles - 	Entry: C:\Users\arizk\Downloads\eclipse-jee-2023-03-R-win32-x86_64\eclipse\plugins\org.eclipse.m2e.maven.runtime_3.8.701.20230209-1606\jars\maven-resolver-spi-1.6.3.jar
2023-10-06 10:11:19,197 [Worker-9: Launching mavenrun-7e48f347-51dd-492b-a859-34f88896f401] INFO  o.eclipse.m2e.core.internal.Bundles - 	Entry: C:\Users\arizk\Downloads\eclipse-jee-2023-03-R-win32-x86_64\eclipse\plugins\org.eclipse.m2e.maven.runtime_3.8.701.20230209-1606\jars\maven-resolver-transport-wagon-1.6.3.jar
2023-10-06 10:11:19,198 [Worker-9: Launching mavenrun-7e48f347-51dd-492b-a859-34f88896f401] INFO  o.eclipse.m2e.core.internal.Bundles - 	Entry: C:\Users\arizk\Downloads\eclipse-jee-2023-03-R-win32-x86_64\eclipse\plugins\org.eclipse.m2e.maven.runtime_3.8.701.20230209-1606\jars\maven-resolver-util-1.6.3.jar
2023-10-06 10:11:19,198 [Worker-9: Launching mavenrun-7e48f347-51dd-492b-a859-34f88896f401] INFO  o.eclipse.m2e.core.internal.Bundles - 	Entry: C:\Users\arizk\Downloads\eclipse-jee-2023-03-R-win32-x86_64\eclipse\plugins\org.eclipse.m2e.maven.runtime_3.8.701.20230209-1606\jars\maven-settings-3.8.7.jar
2023-10-06 10:11:19,198 [Worker-9: Launching mavenrun-7e48f347-51dd-492b-a859-34f88896f401] INFO  o.eclipse.m2e.core.internal.Bundles - 	Entry: C:\Users\arizk\Downloads\eclipse-jee-2023-03-R-win32-x86_64\eclipse\plugins\org.eclipse.m2e.maven.runtime_3.8.701.20230209-1606\jars\maven-settings-builder-3.8.7.jar
2023-10-06 10:11:19,198 [Worker-9: Launching mavenrun-7e48f347-51dd-492b-a859-34f88896f401] INFO  o.eclipse.m2e.core.internal.Bundles - 	Entry: C:\Users\arizk\Downloads\eclipse-jee-2023-03-R-win32-x86_64\eclipse\plugins\org.eclipse.m2e.maven.runtime_3.8.701.20230209-1606\jars\maven-shared-utils-3.3.4.jar
2023-10-06 10:11:19,198 [Worker-9: Launching mavenrun-7e48f347-51dd-492b-a859-34f88896f401] INFO  o.eclipse.m2e.core.internal.Bundles - 	Entry: C:\Users\arizk\Downloads\eclipse-jee-2023-03-R-win32-x86_64\eclipse\plugins\org.eclipse.m2e.maven.runtime_3.8.701.20230209-1606\jars\okhttp-3.14.1.jar
2023-10-06 10:11:19,198 [Worker-9: Launching mavenrun-7e48f347-51dd-492b-a859-34f88896f401] INFO  o.eclipse.m2e.core.internal.Bundles - 	Entry: C:\Users\arizk\Downloads\eclipse-jee-2023-03-R-win32-x86_64\eclipse\plugins\org.eclipse.m2e.maven.runtime_3.8.701.20230209-1606\jars\okio-1.17.3.jar
2023-10-06 10:11:19,198 [Worker-9: Launching mavenrun-7e48f347-51dd-492b-a859-34f88896f401] INFO  o.eclipse.m2e.core.internal.Bundles - 	Entry: C:\Users\arizk\Downloads\eclipse-jee-2023-03-R-win32-x86_64\eclipse\plugins\org.eclipse.m2e.maven.runtime_3.8.701.20230209-1606\jars\org.eclipse.sisu.inject-0.3.5.jar
2023-10-06 10:11:19,198 [Worker-9: Launching mavenrun-7e48f347-51dd-492b-a859-34f88896f401] INFO  o.eclipse.m2e.core.internal.Bundles - 	Entry: C:\Users\arizk\Downloads\eclipse-jee-2023-03-R-win32-x86_64\eclipse\plugins\org.eclipse.m2e.maven.runtime_3.8.701.20230209-1606\jars\org.eclipse.sisu.plexus-0.3.5.jar
2023-10-06 10:11:19,199 [Worker-9: Launching mavenrun-7e48f347-51dd-492b-a859-34f88896f401] INFO  o.eclipse.m2e.core.internal.Bundles - 	Entry: C:\Users\arizk\Downloads\eclipse-jee-2023-03-R-win32-x86_64\eclipse\plugins\org.eclipse.m2e.maven.runtime_3.8.701.20230209-1606\jars\plexus-build-api-0.0.7.jar
2023-10-06 10:11:19,199 [Worker-9: Launching mavenrun-7e48f347-51dd-492b-a859-34f88896f401] INFO  o.eclipse.m2e.core.internal.Bundles - 	Entry: C:\Users\arizk\Downloads\eclipse-jee-2023-03-R-win32-x86_64\eclipse\plugins\org.eclipse.m2e.maven.runtime_3.8.701.20230209-1606\jars\plexus-cipher-2.0.jar
2023-10-06 10:11:19,199 [Worker-9: Launching mavenrun-7e48f347-51dd-492b-a859-34f88896f401] INFO  o.eclipse.m2e.core.internal.Bundles - 	Entry: C:\Users\arizk\Downloads\eclipse-jee-2023-03-R-win32-x86_64\eclipse\plugins\org.eclipse.m2e.maven.runtime_3.8.701.20230209-1606\jars\plexus-classworlds-2.6.0.jar
2023-10-06 10:11:19,199 [Worker-9: Launching mavenrun-7e48f347-51dd-492b-a859-34f88896f401] INFO  o.eclipse.m2e.core.internal.Bundles - 	Entry: C:\Users\arizk\Downloads\eclipse-jee-2023-03-R-win32-x86_64\eclipse\plugins\org.eclipse.m2e.maven.runtime_3.8.701.20230209-1606\jars\plexus-component-annotations-2.1.0.jar
2023-10-06 10:11:19,199 [Worker-9: Launching mavenrun-7e48f347-51dd-492b-a859-34f88896f401] INFO  o.eclipse.m2e.core.internal.Bundles - 	Entry: C:\Users\arizk\Downloads\eclipse-jee-2023-03-R-win32-x86_64\eclipse\plugins\org.eclipse.m2e.maven.runtime_3.8.701.20230209-1606\jars\plexus-interpolation-1.26.jar
2023-10-06 10:11:19,199 [Worker-9: Launching mavenrun-7e48f347-51dd-492b-a859-34f88896f401] INFO  o.eclipse.m2e.core.internal.Bundles - 	Entry: C:\Users\arizk\Downloads\eclipse-jee-2023-03-R-win32-x86_64\eclipse\plugins\org.eclipse.m2e.maven.runtime_3.8.701.20230209-1606\jars\plexus-sec-dispatcher-2.0.jar
2023-10-06 10:11:19,200 [Worker-9: Launching mavenrun-7e48f347-51dd-492b-a859-34f88896f401] INFO  o.eclipse.m2e.core.internal.Bundles - 	Entry: C:\Users\arizk\Downloads\eclipse-jee-2023-03-R-win32-x86_64\eclipse\plugins\org.eclipse.m2e.maven.runtime_3.8.701.20230209-1606\jars\plexus-utils-3.3.1.jar
2023-10-06 10:11:19,200 [Worker-9: Launching mavenrun-7e48f347-51dd-492b-a859-34f88896f401] INFO  o.eclipse.m2e.core.internal.Bundles - 	Entry: C:\Users\arizk\Downloads\eclipse-jee-2023-03-R-win32-x86_64\eclipse\plugins\org.eclipse.m2e.maven.runtime_3.8.701.20230209-1606\jars\wagon-file-3.5.3.jar
2023-10-06 10:11:19,200 [Worker-9: Launching mavenrun-7e48f347-51dd-492b-a859-34f88896f401] INFO  o.eclipse.m2e.core.internal.Bundles - 	Entry: C:\Users\arizk\Downloads\eclipse-jee-2023-03-R-win32-x86_64\eclipse\plugins\org.eclipse.m2e.maven.runtime_3.8.701.20230209-1606\jars\wagon-provider-api-3.5.3.jar
2023-10-06 10:11:19,202 [Worker-9: Launching mavenrun-7e48f347-51dd-492b-a859-34f88896f401] INFO  o.eclipse.m2e.core.internal.Bundles - getClasspathEntries(Bundle=com.google.guava_31.1.0.jre [11])
2023-10-06 10:11:19,203 [Worker-9: Launching mavenrun-7e48f347-51dd-492b-a859-34f88896f401] INFO  o.eclipse.m2e.core.internal.Bundles - 	Entry: C:\Users\arizk\Downloads\eclipse-jee-2023-03-R-win32-x86_64\eclipse\plugins\com.google.guava_31.1.0.jre.jar
2023-10-06 10:11:19,203 [Worker-9: Launching mavenrun-7e48f347-51dd-492b-a859-34f88896f401] INFO  o.eclipse.m2e.core.internal.Bundles - getClasspathEntries(Bundle=slf4j.api_1.7.36 [924])
2023-10-06 10:11:19,204 [Worker-9: Launching mavenrun-7e48f347-51dd-492b-a859-34f88896f401] INFO  o.eclipse.m2e.core.internal.Bundles - 	Entry: C:\Users\arizk\Downloads\eclipse-jee-2023-03-R-win32-x86_64\eclipse\plugins\slf4j.api_1.7.36.jar
2023-10-06 10:11:19,204 [Worker-9: Launching mavenrun-7e48f347-51dd-492b-a859-34f88896f401] INFO  o.eclipse.m2e.core.internal.Bundles - getClasspathEntries(Bundle=javax.inject_1.0.0.v20220405-0441 [35])
2023-10-06 10:11:19,205 [Worker-9: Launching mavenrun-7e48f347-51dd-492b-a859-34f88896f401] INFO  o.eclipse.m2e.core.internal.Bundles - 	Entry: C:\Users\arizk\Downloads\eclipse-jee-2023-03-R-win32-x86_64\eclipse\plugins\javax.inject_1.0.0.v20220405-0441.jar
2023-10-06 10:11:19,205 [Worker-9: Launching mavenrun-7e48f347-51dd-492b-a859-34f88896f401] INFO  o.eclipse.m2e.core.internal.Bundles - getClasspathEntries(Bundle=javax.annotation_1.3.5.v20221203-1659 [33])
2023-10-06 10:11:19,206 [Worker-9: Launching mavenrun-7e48f347-51dd-492b-a859-34f88896f401] INFO  o.eclipse.m2e.core.internal.Bundles - 	Entry: C:\Users\arizk\Downloads\eclipse-jee-2023-03-R-win32-x86_64\eclipse\plugins\javax.annotation_1.3.5.v20221203-1659.jar
2023-10-06 10:11:19,206 [Worker-9: Launching mavenrun-7e48f347-51dd-492b-a859-34f88896f401] INFO  o.eclipse.m2e.core.internal.Bundles - getClasspathEntries(Bundle=org.apache.commons.cli_1.4.0.v20221112-0806 [67])
2023-10-06 10:11:19,207 [Worker-9: Launching mavenrun-7e48f347-51dd-492b-a859-34f88896f401] INFO  o.eclipse.m2e.core.internal.Bundles - 	Entry: C:\Users\arizk\Downloads\eclipse-jee-2023-03-R-win32-x86_64\eclipse\plugins\org.apache.commons.cli_1.4.0.v20221112-0806.jar
2023-10-06 10:11:19,207 [Worker-9: Launching mavenrun-7e48f347-51dd-492b-a859-34f88896f401] INFO  o.eclipse.m2e.core.internal.Bundles - getClasspathEntries(Bundle=com.google.guava.failureaccess_1.0.1 [13])
2023-10-06 10:11:19,208 [Worker-9: Launching mavenrun-7e48f347-51dd-492b-a859-34f88896f401] INFO  o.eclipse.m2e.core.internal.Bundles - 	Entry: C:\Users\arizk\Downloads\eclipse-jee-2023-03-R-win32-x86_64\eclipse\plugins\com.google.guava.failureaccess_1.0.1.jar
2023-10-06 10:11:19,213 [Worker-9: Launching mavenrun-7e48f347-51dd-492b-a859-34f88896f401] INFO  o.e.m.i.launch.MavenLaunchDelegate - Run build in "C:\Users\arizk\AppData\Local\Temp\m2e-archetypeGenerator7197903871306054023":
2023-10-06 10:11:19,216 [Worker-9: Launching mavenrun-7e48f347-51dd-492b-a859-34f88896f401] INFO  o.e.m.i.launch.MavenLaunchDelegate -  mvn  -DarchetypeGroupId=org.glassfish.jersey.archetypes -DarchetypeArtifactId=jersey-quickstart-webapp -DarchetypeVersion=3.1.3 -DgroupId=inf -DartifactId=LoginJsfJsp -Dversion=0.0.1-SNAPSHOT -Dpackage=com.java.jsf -DoutputDirectory="D:\Login day 28" -Dstyle.color=always -U archetype:generate
2023-10-06 10:16:40,045 [Worker-22: Creating jersey-quickstart-webapp] INFO  o.e.m.c.i.p.ProjectConfigurationManager - Collecting project info '/pom.xml' D:\Login day 28\LoginJsfJsp\pom.xml
2023-10-06 10:16:45,460 [Worker-22: Creating jersey-quickstart-webapp] INFO  o.e.m.c.i.l.LifecycleMappingFactory - Using org.maven.ide.eclipse.wtp.WarLifecycleMapping lifecycle mapping for MavenProject: inf:LoginJsfJsp:0.0.1-SNAPSHOT @ D:\Login day 28\LoginJsfJsp\pom.xml.
2023-10-06 10:16:48,229 [Worker-22: Creating jersey-quickstart-webapp] INFO  o.e.m.j.i.AbstractJavaProjectConfigurator - Adding source folder /LoginJsfJsp/src/main/java
2023-10-06 10:16:48,229 [Worker-22: Creating jersey-quickstart-webapp] INFO  o.e.m.j.i.AbstractJavaProjectConfigurator - Adding resource folder /LoginJsfJsp/src/main/resources
2023-10-06 10:16:48,245 [Worker-22: Creating jersey-quickstart-webapp] INFO  o.e.m.j.i.AbstractJavaProjectConfigurator - Adding source folder /LoginJsfJsp/src/test/java
2023-10-06 10:16:50,347 [Worker-22: Creating jersey-quickstart-webapp] INFO  o.e.m.c.i.embedder.EclipseLogger - Using 'UTF-8' encoding to copy filtered resources.
2023-10-06 10:16:50,354 [Worker-22: Creating jersey-quickstart-webapp] INFO  o.e.m.c.i.embedder.EclipseLogger - Copying 0 resource
2023-10-06 10:16:50,357 [Worker-22: Creating jersey-quickstart-webapp] INFO  o.e.m.c.i.embedder.EclipseLogger - Using 'UTF-8' encoding to copy filtered resources.
2023-10-06 10:16:50,357 [Worker-22: Creating jersey-quickstart-webapp] INFO  o.e.m.c.i.embedder.EclipseLogger - skip non existing resourceDirectory D:\Login day 28\LoginJsfJsp\src\test\resources
2023-10-06 10:16:51,657 [Worker-22: Creating jersey-quickstart-webapp] INFO  o.e.m.c.i.p.ProjectConfigurationManager - Imported and configured 1 project(s) in 11 sec
2023-10-06 10:16:51,956 [Worker-17: Building] INFO  o.e.m.c.i.embedder.EclipseLogger - Using 'UTF-8' encoding to copy filtered resources.
2023-10-06 10:16:51,958 [Worker-17: Building] INFO  o.e.m.c.i.embedder.EclipseLogger - Copying 0 resource
2023-10-06 10:16:51,961 [Worker-17: Building] INFO  o.e.m.c.i.embedder.EclipseLogger - Using 'UTF-8' encoding to copy filtered resources.
2023-10-06 10:16:51,961 [Worker-17: Building] INFO  o.e.m.c.i.embedder.EclipseLogger - skip non existing resourceDirectory D:\Login day 28\LoginJsfJsp\src\test\resources
2023-10-06 10:17:34,652 [Worker-22: Building] INFO  o.e.m.c.i.l.LifecycleMappingFactory - Using org.maven.ide.eclipse.wtp.WarLifecycleMapping lifecycle mapping for MavenProject: inf:LoginJsfJsp:0.0.1-SNAPSHOT @ D:\Login day 28\LoginJsfJsp\pom.xml.
2023-10-06 10:17:34,781 [Worker-22: Building] INFO  o.e.m.c.i.embedder.EclipseLogger - Using 'UTF-8' encoding to copy filtered resources.
2023-10-06 10:17:34,782 [Worker-22: Building] INFO  o.e.m.c.i.embedder.EclipseLogger - Copying 0 resource
2023-10-06 10:17:34,784 [Worker-22: Building] INFO  o.e.m.c.i.embedder.EclipseLogger - Using 'UTF-8' encoding to copy filtered resources.
2023-10-06 10:17:34,784 [Worker-22: Building] INFO  o.e.m.c.i.embedder.EclipseLogger - skip non existing resourceDirectory D:\Login day 28\LoginJsfJsp\src\test\resources
2023-10-06 10:17:34,784 [Worker-22: Building] INFO  o.e.m.w.i.f.ResourceFilteringBuildParticipant - Changed resources require a complete clean of filtered resources of LoginJsfJsp
2023-10-06 10:17:34,785 [Worker-22: Building] INFO  o.e.m.w.i.f.ResourceFilteringBuildParticipant - Executing resource filtering for LoginJsfJsp
2023-10-06 10:18:03,895 [Worker-23: Building] INFO  o.e.m.c.i.embedder.EclipseLogger - Using 'UTF-8' encoding to copy filtered resources.
2023-10-06 10:18:03,896 [Worker-23: Building] INFO  o.e.m.c.i.embedder.EclipseLogger - Copying 0 resource
2023-10-06 10:18:03,899 [Worker-23: Building] INFO  o.e.m.c.i.embedder.EclipseLogger - Using 'UTF-8' encoding to copy filtered resources.
2023-10-06 10:18:03,899 [Worker-23: Building] INFO  o.e.m.c.i.embedder.EclipseLogger - skip non existing resourceDirectory D:\Login day 28\LoginJsfJsp\src\test\resources
2023-10-06 10:18:21,905 [Worker-11: Building] INFO  o.e.m.c.i.embedder.EclipseLogger - Using 'UTF-8' encoding to copy filtered resources.
2023-10-06 10:18:21,905 [Worker-11: Building] INFO  o.e.m.c.i.embedder.EclipseLogger - Copying 0 resource
2023-10-06 10:18:21,906 [Worker-11: Building] INFO  o.e.m.c.i.embedder.EclipseLogger - Using 'UTF-8' encoding to copy filtered resources.
2023-10-06 10:18:21,907 [Worker-11: Building] INFO  o.e.m.c.i.embedder.EclipseLogger - skip non existing resourceDirectory D:\Login day 28\LoginJsfJsp\src\test\resources
2023-10-06 10:19:26,573 [Worker-17: Building] INFO  o.e.m.c.i.embedder.EclipseLogger - Using 'UTF-8' encoding to copy filtered resources.
2023-10-06 10:19:26,584 [Worker-17: Building] INFO  o.e.m.c.i.embedder.EclipseLogger - Copying 0 resource
2023-10-06 10:19:26,587 [Worker-17: Building] INFO  o.e.m.c.i.embedder.EclipseLogger - Using 'UTF-8' encoding to copy filtered resources.
2023-10-06 10:19:26,587 [Worker-17: Building] INFO  o.e.m.c.i.embedder.EclipseLogger - skip non existing resourceDirectory D:\Login day 28\LoginJsfJsp\src\test\resources
2023-10-06 10:20:07,353 [Worker-9: Building] INFO  o.e.m.c.i.embedder.EclipseLogger - Using 'UTF-8' encoding to copy filtered resources.
2023-10-06 10:20:07,354 [Worker-9: Building] INFO  o.e.m.c.i.embedder.EclipseLogger - Copying 0 resource
2023-10-06 10:20:07,355 [Worker-9: Building] INFO  o.e.m.c.i.embedder.EclipseLogger - Using 'UTF-8' encoding to copy filtered resources.
2023-10-06 10:20:07,356 [Worker-9: Building] INFO  o.e.m.c.i.embedder.EclipseLogger - skip non existing resourceDirectory D:\Login day 28\LoginJsfJsp\src\test\resources
2023-10-06 10:20:24,040 [Worker-18: Building] INFO  o.e.m.c.i.embedder.EclipseLogger - Using 'UTF-8' encoding to copy filtered resources.
2023-10-06 10:20:24,041 [Worker-18: Building] INFO  o.e.m.c.i.embedder.EclipseLogger - Copying 0 resource
2023-10-06 10:20:24,045 [Worker-18: Building] INFO  o.e.m.c.i.embedder.EclipseLogger - Using 'UTF-8' encoding to copy filtered resources.
2023-10-06 10:20:24,045 [Worker-18: Building] INFO  o.e.m.c.i.embedder.EclipseLogger - skip non existing resourceDirectory D:\Login day 28\LoginJsfJsp\src\test\resources
2023-10-06 10:21:04,932 [Worker-20: Building] INFO  o.e.m.c.i.embedder.EclipseLogger - Using 'UTF-8' encoding to copy filtered resources.
2023-10-06 10:21:04,932 [Worker-20: Building] INFO  o.e.m.c.i.embedder.EclipseLogger - Copying 0 resource
2023-10-06 10:21:04,933 [Worker-20: Building] INFO  o.e.m.c.i.embedder.EclipseLogger - Using 'UTF-8' encoding to copy filtered resources.
2023-10-06 10:21:04,933 [Worker-20: Building] INFO  o.e.m.c.i.embedder.EclipseLogger - skip non existing resourceDirectory D:\Login day 28\LoginJsfJsp\src\test\resources
2023-10-06 10:21:41,248 [Worker-16: Building] INFO  o.e.m.c.i.embedder.EclipseLogger - Using 'UTF-8' encoding to copy filtered resources.
2023-10-06 10:21:41,249 [Worker-16: Building] INFO  o.e.m.c.i.embedder.EclipseLogger - Copying 0 resource
2023-10-06 10:21:41,251 [Worker-16: Building] INFO  o.e.m.c.i.embedder.EclipseLogger - Using 'UTF-8' encoding to copy filtered resources.
2023-10-06 10:21:41,251 [Worker-16: Building] INFO  o.e.m.c.i.embedder.EclipseLogger - skip non existing resourceDirectory D:\Login day 28\LoginJsfJsp\src\test\resources
2023-10-06 10:22:05,866 [Worker-23: Building] INFO  o.e.m.c.i.embedder.EclipseLogger - Using 'UTF-8' encoding to copy filtered resources.
2023-10-06 10:22:05,867 [Worker-23: Building] INFO  o.e.m.c.i.embedder.EclipseLogger - Copying 0 resource
2023-10-06 10:22:05,870 [Worker-23: Building] INFO  o.e.m.c.i.embedder.EclipseLogger - Using 'UTF-8' encoding to copy filtered resources.
2023-10-06 10:22:05,870 [Worker-23: Building] INFO  o.e.m.c.i.embedder.EclipseLogger - skip non existing resourceDirectory D:\Login day 28\LoginJsfJsp\src\test\resources
2023-10-06 10:23:00,893 [Worker-11: Building] INFO  o.e.m.c.i.embedder.EclipseLogger - Using 'UTF-8' encoding to copy filtered resources.
2023-10-06 10:23:00,893 [Worker-11: Building] INFO  o.e.m.c.i.embedder.EclipseLogger - Copying 0 resource
2023-10-06 10:23:00,895 [Worker-11: Building] INFO  o.e.m.c.i.embedder.EclipseLogger - Using 'UTF-8' encoding to copy filtered resources.
2023-10-06 10:23:00,895 [Worker-11: Building] INFO  o.e.m.c.i.embedder.EclipseLogger - skip non existing resourceDirectory D:\Login day 28\LoginJsfJsp\src\test\resources
2023-10-06 10:24:20,144 [Worker-0: Building] INFO  o.e.m.c.i.embedder.EclipseLogger - Using 'UTF-8' encoding to copy filtered resources.
2023-10-06 10:24:20,144 [Worker-0: Building] INFO  o.e.m.c.i.embedder.EclipseLogger - Copying 0 resource
2023-10-06 10:24:20,145 [Worker-0: Building] INFO  o.e.m.c.i.embedder.EclipseLogger - Using 'UTF-8' encoding to copy filtered resources.
2023-10-06 10:24:20,145 [Worker-0: Building] INFO  o.e.m.c.i.embedder.EclipseLogger - skip non existing resourceDirectory D:\Login day 28\LoginJsfJsp\src\test\resources
2023-10-06 10:25:41,498 [Worker-23: Building] INFO  o.e.m.c.i.embedder.EclipseLogger - Using 'UTF-8' encoding to copy filtered resources.
2023-10-06 10:25:41,498 [Worker-23: Building] INFO  o.e.m.c.i.embedder.EclipseLogger - Copying 0 resource
2023-10-06 10:25:41,499 [Worker-23: Building] INFO  o.e.m.c.i.embedder.EclipseLogger - Using 'UTF-8' encoding to copy filtered resources.
2023-10-06 10:25:41,499 [Worker-23: Building] INFO  o.e.m.c.i.embedder.EclipseLogger - skip non existing resourceDirectory D:\Login day 28\LoginJsfJsp\src\test\resources
2023-10-06 10:27:23,976 [Worker-27: Building] INFO  o.e.m.c.i.embedder.EclipseLogger - Using 'UTF-8' encoding to copy filtered resources.
2023-10-06 10:27:23,976 [Worker-27: Building] INFO  o.e.m.c.i.embedder.EclipseLogger - Copying 0 resource
2023-10-06 10:27:23,977 [Worker-27: Building] INFO  o.e.m.c.i.embedder.EclipseLogger - Using 'UTF-8' encoding to copy filtered resources.
2023-10-06 10:27:23,977 [Worker-27: Building] INFO  o.e.m.c.i.embedder.EclipseLogger - skip non existing resourceDirectory D:\Login day 28\LoginJsfJsp\src\test\resources
2023-10-06 10:28:24,104 [Worker-28: Building] INFO  o.e.m.c.i.embedder.EclipseLogger - Using 'UTF-8' encoding to copy filtered resources.
2023-10-06 10:28:24,104 [Worker-28: Building] INFO  o.e.m.c.i.embedder.EclipseLogger - Copying 0 resource
2023-10-06 10:28:24,106 [Worker-28: Building] INFO  o.e.m.c.i.embedder.EclipseLogger - Using 'UTF-8' encoding to copy filtered resources.
2023-10-06 10:28:24,106 [Worker-28: Building] INFO  o.e.m.c.i.embedder.EclipseLogger - skip non existing resourceDirectory D:\Login day 28\LoginJsfJsp\src\test\resources
2023-10-06 10:34:14,956 [Worker-27: Building] INFO  o.e.m.c.i.embedder.EclipseLogger - Using 'UTF-8' encoding to copy filtered resources.
2023-10-06 10:34:14,957 [Worker-27: Building] INFO  o.e.m.c.i.embedder.EclipseLogger - Copying 0 resource
2023-10-06 10:34:14,958 [Worker-27: Building] INFO  o.e.m.c.i.embedder.EclipseLogger - Using 'UTF-8' encoding to copy filtered resources.
2023-10-06 10:34:14,958 [Worker-27: Building] INFO  o.e.m.c.i.embedder.EclipseLogger - skip non existing resourceDirectory D:\Login day 28\LoginJsfJsp\src\test\resources
2023-10-06 10:34:34,640 [Worker-15: Building] INFO  o.e.m.c.i.embedder.EclipseLogger - Using 'UTF-8' encoding to copy filtered resources.
2023-10-06 10:34:34,641 [Worker-15: Building] INFO  o.e.m.c.i.embedder.EclipseLogger - Copying 0 resource
2023-10-06 10:34:34,642 [Worker-15: Building] INFO  o.e.m.c.i.embedder.EclipseLogger - Using 'UTF-8' encoding to copy filtered resources.
2023-10-06 10:34:34,642 [Worker-15: Building] INFO  o.e.m.c.i.embedder.EclipseLogger - skip non existing resourceDirectory D:\Login day 28\LoginJsfJsp\src\test\resources
2023-10-06 10:36:06,445 [Worker-29: Updating Maven Project] INFO  o.e.m.c.i.p.ProjectConfigurationManager - Update started
2023-10-06 10:36:10,991 [Worker-29: Updating Maven Project] INFO  o.e.m.c.i.l.LifecycleMappingFactory - Using org.maven.ide.eclipse.wtp.WarLifecycleMapping lifecycle mapping for MavenProject: inf:LoginJsfJsp:0.0.1-SNAPSHOT @ D:\Login day 28\LoginJsfJsp\pom.xml.
2023-10-06 10:36:13,840 [Worker-29: Updating Maven Project] INFO  o.e.m.j.i.AbstractJavaProjectConfigurator - Adding source folder /LoginJsfJsp/src/main/java
2023-10-06 10:36:13,841 [Worker-29: Updating Maven Project] INFO  o.e.m.j.i.AbstractJavaProjectConfigurator - Adding resource folder /LoginJsfJsp/src/main/resources
2023-10-06 10:36:13,841 [Worker-29: Updating Maven Project] INFO  o.e.m.j.i.AbstractJavaProjectConfigurator - Adding source folder /LoginJsfJsp/src/test/java
2023-10-06 10:36:14,137 [Worker-29: Updating Maven Project] INFO  o.e.m.c.i.embedder.EclipseLogger - Using 'UTF-8' encoding to copy filtered resources.
2023-10-06 10:36:14,138 [Worker-29: Updating Maven Project] INFO  o.e.m.c.i.embedder.EclipseLogger - Copying 0 resource
2023-10-06 10:36:14,141 [Worker-29: Updating Maven Project] INFO  o.e.m.c.i.embedder.EclipseLogger - Using 'UTF-8' encoding to copy filtered resources.
2023-10-06 10:36:14,141 [Worker-29: Updating Maven Project] INFO  o.e.m.c.i.embedder.EclipseLogger - skip non existing resourceDirectory D:\Login day 28\LoginJsfJsp\src\test\resources
2023-10-06 10:36:14,141 [Worker-29: Updating Maven Project] INFO  o.e.m.w.i.f.ResourceFilteringBuildParticipant - Changed resources require a complete clean of filtered resources of LoginJsfJsp
2023-10-06 10:36:14,141 [Worker-29: Updating Maven Project] INFO  o.e.m.w.i.f.ResourceFilteringBuildParticipant - Executing resource filtering for LoginJsfJsp
2023-10-06 10:36:15,070 [Worker-29: Updating Maven Project] INFO  o.e.m.w.i.f.ResourceFilteringBuildParticipant - Cleaning filtered folder for LoginJsfJsp
2023-10-06 10:36:15,126 [Worker-29: Updating Maven Project] INFO  o.e.m.c.i.p.ProjectConfigurationManager - Update completed for 1 poms: local refresh takes 0.00 sec, refresh facades takes 6.00 sec, update config takes 2.00 sec 
2023-10-06 10:36:16,715 [Worker-35: Building] INFO  o.e.m.c.i.embedder.EclipseLogger - Using 'UTF-8' encoding to copy filtered resources.
2023-10-06 10:36:16,716 [Worker-35: Building] INFO  o.e.m.c.i.embedder.EclipseLogger - Copying 0 resource
2023-10-06 10:36:16,718 [Worker-35: Building] INFO  o.e.m.c.i.embedder.EclipseLogger - Using 'UTF-8' encoding to copy filtered resources.
2023-10-06 10:36:16,718 [Worker-35: Building] INFO  o.e.m.c.i.embedder.EclipseLogger - skip non existing resourceDirectory D:\Login day 28\LoginJsfJsp\src\test\resources
2023-10-06 10:36:16,719 [Worker-35: Building] INFO  o.e.m.w.i.f.ResourceFilteringBuildParticipant - Changed resources require a complete clean of filtered resources of LoginJsfJsp
2023-10-06 10:36:16,719 [Worker-35: Building] INFO  o.e.m.w.i.f.ResourceFilteringBuildParticipant - Executing resource filtering for LoginJsfJsp
2023-10-06 10:38:25,961 [Worker-32: Building] INFO  o.e.m.c.i.embedder.EclipseLogger - Using 'UTF-8' encoding to copy filtered resources.
2023-10-06 10:38:25,962 [Worker-32: Building] INFO  o.e.m.c.i.embedder.EclipseLogger - Copying 0 resource
2023-10-06 10:38:25,965 [Worker-32: Building] INFO  o.e.m.c.i.embedder.EclipseLogger - Using 'UTF-8' encoding to copy filtered resources.
2023-10-06 10:38:25,965 [Worker-32: Building] INFO  o.e.m.c.i.embedder.EclipseLogger - skip non existing resourceDirectory D:\Login day 28\LoginJsfJsp\src\test\resources
2023-10-06 10:48:55,500 [Worker-43: Building] INFO  o.e.m.c.i.embedder.EclipseLogger - Using 'UTF-8' encoding to copy filtered resources.
2023-10-06 10:48:55,501 [Worker-43: Building] INFO  o.e.m.c.i.embedder.EclipseLogger - Copying 0 resource
2023-10-06 10:48:55,502 [Worker-43: Building] INFO  o.e.m.c.i.embedder.EclipseLogger - Using 'UTF-8' encoding to copy filtered resources.
2023-10-06 10:48:55,502 [Worker-43: Building] INFO  o.e.m.c.i.embedder.EclipseLogger - skip non existing resourceDirectory D:\Login day 28\LoginJsfJsp\src\test\resources
2023-10-06 10:58:09,596 [Worker-45: Importing Maven projects] INFO  o.e.m.c.i.l.LifecycleMappingFactory - Using org.maven.ide.eclipse.wtp.WarLifecycleMapping lifecycle mapping for MavenProject: inf:JsfHibJsp:0.0.1-SNAPSHOT @ C:\Users\arizk\Downloads\JsfHibJsp\JsfHibJsp\pom.xml.
2023-10-06 10:58:10,617 [Worker-45: Importing Maven projects] INFO  o.e.m.c.i.e.AbstractTransferListenerAdapter - Downloading https://repo.maven.apache.org/maven2/org/primefaces/primefaces/6.1/primefaces-6.1.pom
2023-10-06 10:58:10,916 [Worker-45: Importing Maven projects] INFO  o.e.m.c.i.e.AbstractTransferListenerAdapter - Downloaded https://repo.maven.apache.org/maven2/org/primefaces/primefaces/6.1/primefaces-6.1.pom
2023-10-06 10:58:11,776 [Worker-45: Importing Maven projects] WARN  o.e.m.c.i.embedder.EclipseLogger - The artifact mysql:mysql-connector-java:jar:8.0.31 has been relocated to com.mysql:mysql-connector-j:jar:8.0.31: MySQL Connector/J artifacts moved to reverse-DNS compliant Maven 2+ coordinates.
2023-10-06 10:58:11,796 [Worker-45: Importing Maven projects] INFO  o.e.m.c.i.e.AbstractTransferListenerAdapter - Downloading https://repo.maven.apache.org/maven2/org/primefaces/primefaces/6.1/primefaces-6.1.jar
2023-10-06 10:58:12,332 [Worker-45: Importing Maven projects] INFO  o.e.m.c.i.e.AbstractTransferListenerAdapter - Downloaded https://repo.maven.apache.org/maven2/org/primefaces/primefaces/6.1/primefaces-6.1.jar
2023-10-06 10:58:12,717 [Worker-45: Importing Maven projects] INFO  o.e.m.c.i.embedder.EclipseLogger - Using 'UTF-8' encoding to copy filtered resources.
2023-10-06 10:58:12,718 [Worker-45: Importing Maven projects] INFO  o.e.m.c.i.embedder.EclipseLogger - Copying 1 resource
2023-10-06 10:58:12,724 [Worker-45: Importing Maven projects] INFO  o.e.m.c.i.embedder.EclipseLogger - Using 'UTF-8' encoding to copy filtered resources.
2023-10-06 10:58:12,724 [Worker-45: Importing Maven projects] INFO  o.e.m.c.i.embedder.EclipseLogger - skip non existing resourceDirectory C:\Users\arizk\Downloads\JsfHibJsp\JsfHibJsp\src\test\resources
2023-10-06 10:58:12,758 [Worker-45: Importing Maven projects] WARN  o.e.m.c.i.embedder.EclipseLogger - The artifact mysql:mysql-connector-java:jar:8.0.31 has been relocated to com.mysql:mysql-connector-j:jar:8.0.31: MySQL Connector/J artifacts moved to reverse-DNS compliant Maven 2+ coordinates.
2023-10-06 10:58:13,322 [Worker-45: Importing Maven projects] INFO  o.e.m.j.i.AbstractJavaProjectConfigurator - Adding source folder /JsfHibJsp/src/main/java
2023-10-06 10:58:13,322 [Worker-45: Importing Maven projects] INFO  o.e.m.j.i.AbstractJavaProjectConfigurator - Adding resource folder /JsfHibJsp/src/main/resources
2023-10-06 10:58:13,322 [Worker-45: Importing Maven projects] INFO  o.e.m.j.i.AbstractJavaProjectConfigurator - Adding source folder /JsfHibJsp/src/test/java
2023-10-06 10:58:13,939 [Worker-52: Download sources and javadoc] INFO  o.e.m.c.i.e.AbstractTransferListenerAdapter - Downloading https://repo.maven.apache.org/maven2/org/primefaces/primefaces/6.1/primefaces-6.1-sources.jar
2023-10-06 10:58:14,162 [Worker-45: Importing Maven projects] INFO  o.e.m.c.i.embedder.EclipseLogger - Using 'UTF-8' encoding to copy filtered resources.
2023-10-06 10:58:14,163 [Worker-45: Importing Maven projects] INFO  o.e.m.c.i.embedder.EclipseLogger - Copying 1 resource
2023-10-06 10:58:14,167 [Worker-45: Importing Maven projects] INFO  o.e.m.c.i.embedder.EclipseLogger - Using 'UTF-8' encoding to copy filtered resources.
2023-10-06 10:58:14,167 [Worker-45: Importing Maven projects] INFO  o.e.m.c.i.embedder.EclipseLogger - skip non existing resourceDirectory C:\Users\arizk\Downloads\JsfHibJsp\JsfHibJsp\src\test\resources
2023-10-06 10:58:14,167 [Worker-45: Importing Maven projects] INFO  o.e.m.w.i.f.ResourceFilteringBuildParticipant - Changed resources require a complete clean of filtered resources of JsfHibJsp
2023-10-06 10:58:14,168 [Worker-45: Importing Maven projects] INFO  o.e.m.w.i.f.ResourceFilteringBuildParticipant - Executing resource filtering for JsfHibJsp
2023-10-06 10:58:14,239 [Worker-45: Importing Maven projects] WARN  o.e.m.c.i.embedder.EclipseLogger - The artifact mysql:mysql-connector-java:jar:8.0.31 has been relocated to com.mysql:mysql-connector-j:jar:8.0.31: MySQL Connector/J artifacts moved to reverse-DNS compliant Maven 2+ coordinates.
2023-10-06 10:58:14,264 [Worker-45: Importing Maven projects] INFO  o.e.m.c.i.p.ProjectConfigurationManager - Imported and configured 1 project(s) in 5 sec
2023-10-06 10:58:14,432 [Worker-52: Download sources and javadoc] INFO  o.e.m.c.i.e.AbstractTransferListenerAdapter - Downloaded https://repo.maven.apache.org/maven2/org/primefaces/primefaces/6.1/primefaces-6.1-sources.jar
2023-10-06 10:58:14,456 [Worker-52: Download sources and javadoc] INFO  o.e.m.j.internal.DownloadSourcesJob - Downloaded sources for org.primefaces:primefaces:6.1
2023-10-06 10:59:11,915 [Worker-56: Building] INFO  o.e.m.c.i.embedder.EclipseLogger - Using 'UTF-8' encoding to copy filtered resources.
2023-10-06 10:59:11,917 [Worker-56: Building] INFO  o.e.m.c.i.embedder.EclipseLogger - Copying 1 resource
2023-10-06 10:59:11,919 [Worker-56: Building] INFO  o.e.m.c.i.embedder.EclipseLogger - Using 'UTF-8' encoding to copy filtered resources.
2023-10-06 10:59:11,919 [Worker-56: Building] INFO  o.e.m.c.i.embedder.EclipseLogger - skip non existing resourceDirectory C:\Users\arizk\Downloads\JsfHibJsp\JsfHibJsp\src\test\resources
2023-10-17 09:28:16,334 [Worker-3: Loading available Gradle versions] INFO  o.e.b.c.i.u.g.PublishedGradleVersions - Gradle version information cache is up-to-date. Trying to read.
2023-10-17 09:32:54,296 [Worker-27: reload maven project] WARN  o.e.m.c.i.embedder.EclipseLogger - The artifact mysql:mysql-connector-java:jar:8.0.31 has been relocated to com.mysql:mysql-connector-j:jar:8.0.31: MySQL Connector/J artifacts moved to reverse-DNS compliant Maven 2+ coordinates.
2023-10-17 11:00:30,559 [Worker-45: Building] INFO  o.e.m.c.i.l.LifecycleMappingFactory - Using org.maven.ide.eclipse.wtp.WarLifecycleMapping lifecycle mapping for MavenProject: inf:JsfHibJsp:0.0.1-SNAPSHOT @ C:\Users\arizk\Downloads\JsfHibJsp\JsfHibJsp\pom.xml.
2023-10-17 11:00:30,714 [Worker-45: Building] WARN  o.e.m.c.i.embedder.EclipseLogger - The artifact mysql:mysql-connector-java:jar:8.0.31 has been relocated to com.mysql:mysql-connector-j:jar:8.0.31: MySQL Connector/J artifacts moved to reverse-DNS compliant Maven 2+ coordinates.
2023-10-17 11:00:30,767 [Worker-45: Building] WARN  o.e.m.c.i.embedder.EclipseLogger - The artifact mysql:mysql-connector-java:jar:8.0.31 has been relocated to com.mysql:mysql-connector-j:jar:8.0.31: MySQL Connector/J artifacts moved to reverse-DNS compliant Maven 2+ coordinates.
2023-10-17 11:00:31,489 [Worker-45: Building] INFO  o.e.m.c.i.embedder.EclipseLogger - Using 'UTF-8' encoding to copy filtered resources.
2023-10-17 11:00:31,492 [Worker-45: Building] INFO  o.e.m.c.i.embedder.EclipseLogger - Copying 1 resource
2023-10-17 11:00:31,497 [Worker-45: Building] INFO  o.e.m.c.i.embedder.EclipseLogger - Using 'UTF-8' encoding to copy filtered resources.
2023-10-17 11:00:31,498 [Worker-45: Building] INFO  o.e.m.c.i.embedder.EclipseLogger - skip non existing resourceDirectory C:\Users\arizk\Downloads\JsfHibJsp\JsfHibJsp\src\test\resources
2023-10-17 11:00:31,504 [Worker-45: Building] INFO  o.e.m.w.i.f.ResourceFilteringBuildParticipant - Changed resources require a complete clean of filtered resources of JsfHibJsp
2023-10-17 11:00:31,505 [Worker-45: Building] INFO  o.e.m.w.i.f.ResourceFilteringBuildParticipant - Executing resource filtering for JsfHibJsp
