2023-10-16 11:32:03,322 [Worker-2: Loading available Gradle versions] INFO  o.e.b.c.i.u.g.PublishedGradleVersions - Gradle version information cache is up-to-date. Trying to read.
2023-10-16 11:53:54,815 [Worker-41: Launching mavenrun-f0f7550e-2a56-484c-828c-50ad0d143bae] INFO  o.eclipse.m2e.core.internal.Bundles - getClasspathEntries(Bundle=org.eclipse.m2e.maven.runtime_3.8.701.20230209-1606 [610])
2023-10-16 11:53:54,961 [Worker-41: Launching mavenrun-f0f7550e-2a56-484c-828c-50ad0d143bae] INFO  o.eclipse.m2e.core.internal.Bundles - 	Entry: C:\Users\arizk\Downloads\eclipse-jee-2023-03-R-win32-x86_64\eclipse\plugins\org.eclipse.m2e.maven.runtime_3.8.701.20230209-1606
2023-10-16 11:53:54,961 [Worker-41: Launching mavenrun-f0f7550e-2a56-484c-828c-50ad0d143bae] INFO  o.eclipse.m2e.core.internal.Bundles - 	Entry: C:\Users\arizk\Downloads\eclipse-jee-2023-03-R-win32-x86_64\eclipse\plugins\org.eclipse.m2e.maven.runtime_3.8.701.20230209-1606\jars\aether-connector-okhttp-0.17.8.jar
2023-10-16 11:53:54,961 [Worker-41: Launching mavenrun-f0f7550e-2a56-484c-828c-50ad0d143bae] INFO  o.eclipse.m2e.core.internal.Bundles - 	Entry: C:\Users\arizk\Downloads\eclipse-jee-2023-03-R-win32-x86_64\eclipse\plugins\org.eclipse.m2e.maven.runtime_3.8.701.20230209-1606\jars\commons-lang3-3.8.1.jar
2023-10-16 11:53:54,962 [Worker-41: Launching mavenrun-f0f7550e-2a56-484c-828c-50ad0d143bae] INFO  o.eclipse.m2e.core.internal.Bundles - 	Entry: C:\Users\arizk\Downloads\eclipse-jee-2023-03-R-win32-x86_64\eclipse\plugins\org.eclipse.m2e.maven.runtime_3.8.701.20230209-1606\jars\guice-4.2.2-no_aop.jar
2023-10-16 11:53:54,962 [Worker-41: Launching mavenrun-f0f7550e-2a56-484c-828c-50ad0d143bae] INFO  o.eclipse.m2e.core.internal.Bundles - 	Entry: C:\Users\arizk\Downloads\eclipse-jee-2023-03-R-win32-x86_64\eclipse\plugins\org.eclipse.m2e.maven.runtime_3.8.701.20230209-1606\jars\jansi-2.4.0.jar
2023-10-16 11:53:54,962 [Worker-41: Launching mavenrun-f0f7550e-2a56-484c-828c-50ad0d143bae] INFO  o.eclipse.m2e.core.internal.Bundles - 	Entry: C:\Users\arizk\Downloads\eclipse-jee-2023-03-R-win32-x86_64\eclipse\plugins\org.eclipse.m2e.maven.runtime_3.8.701.20230209-1606\jars\maven-artifact-3.8.7.jar
2023-10-16 11:53:54,962 [Worker-41: Launching mavenrun-f0f7550e-2a56-484c-828c-50ad0d143bae] INFO  o.eclipse.m2e.core.internal.Bundles - 	Entry: C:\Users\arizk\Downloads\eclipse-jee-2023-03-R-win32-x86_64\eclipse\plugins\org.eclipse.m2e.maven.runtime_3.8.701.20230209-1606\jars\maven-builder-support-3.8.7.jar
2023-10-16 11:53:54,962 [Worker-41: Launching mavenrun-f0f7550e-2a56-484c-828c-50ad0d143bae] INFO  o.eclipse.m2e.core.internal.Bundles - 	Entry: C:\Users\arizk\Downloads\eclipse-jee-2023-03-R-win32-x86_64\eclipse\plugins\org.eclipse.m2e.maven.runtime_3.8.701.20230209-1606\jars\maven-compat-3.8.7.jar
2023-10-16 11:53:54,962 [Worker-41: Launching mavenrun-f0f7550e-2a56-484c-828c-50ad0d143bae] INFO  o.eclipse.m2e.core.internal.Bundles - 	Entry: C:\Users\arizk\Downloads\eclipse-jee-2023-03-R-win32-x86_64\eclipse\plugins\org.eclipse.m2e.maven.runtime_3.8.701.20230209-1606\jars\maven-core-3.8.7.jar
2023-10-16 11:53:54,962 [Worker-41: Launching mavenrun-f0f7550e-2a56-484c-828c-50ad0d143bae] INFO  o.eclipse.m2e.core.internal.Bundles - 	Entry: C:\Users\arizk\Downloads\eclipse-jee-2023-03-R-win32-x86_64\eclipse\plugins\org.eclipse.m2e.maven.runtime_3.8.701.20230209-1606\jars\maven-embedder-3.8.7.jar
2023-10-16 11:53:54,963 [Worker-41: Launching mavenrun-f0f7550e-2a56-484c-828c-50ad0d143bae] INFO  o.eclipse.m2e.core.internal.Bundles - 	Entry: C:\Users\arizk\Downloads\eclipse-jee-2023-03-R-win32-x86_64\eclipse\plugins\org.eclipse.m2e.maven.runtime_3.8.701.20230209-1606\jars\maven-model-3.8.7.jar
2023-10-16 11:53:54,963 [Worker-41: Launching mavenrun-f0f7550e-2a56-484c-828c-50ad0d143bae] INFO  o.eclipse.m2e.core.internal.Bundles - 	Entry: C:\Users\arizk\Downloads\eclipse-jee-2023-03-R-win32-x86_64\eclipse\plugins\org.eclipse.m2e.maven.runtime_3.8.701.20230209-1606\jars\maven-model-builder-3.8.7.jar
2023-10-16 11:53:54,963 [Worker-41: Launching mavenrun-f0f7550e-2a56-484c-828c-50ad0d143bae] INFO  o.eclipse.m2e.core.internal.Bundles - 	Entry: C:\Users\arizk\Downloads\eclipse-jee-2023-03-R-win32-x86_64\eclipse\plugins\org.eclipse.m2e.maven.runtime_3.8.701.20230209-1606\jars\maven-plugin-api-3.8.7.jar
2023-10-16 11:53:54,963 [Worker-41: Launching mavenrun-f0f7550e-2a56-484c-828c-50ad0d143bae] INFO  o.eclipse.m2e.core.internal.Bundles - 	Entry: C:\Users\arizk\Downloads\eclipse-jee-2023-03-R-win32-x86_64\eclipse\plugins\org.eclipse.m2e.maven.runtime_3.8.701.20230209-1606\jars\maven-repository-metadata-3.8.7.jar
2023-10-16 11:53:54,963 [Worker-41: Launching mavenrun-f0f7550e-2a56-484c-828c-50ad0d143bae] INFO  o.eclipse.m2e.core.internal.Bundles - 	Entry: C:\Users\arizk\Downloads\eclipse-jee-2023-03-R-win32-x86_64\eclipse\plugins\org.eclipse.m2e.maven.runtime_3.8.701.20230209-1606\jars\maven-resolver-api-1.6.3.jar
2023-10-16 11:53:54,963 [Worker-41: Launching mavenrun-f0f7550e-2a56-484c-828c-50ad0d143bae] INFO  o.eclipse.m2e.core.internal.Bundles - 	Entry: C:\Users\arizk\Downloads\eclipse-jee-2023-03-R-win32-x86_64\eclipse\plugins\org.eclipse.m2e.maven.runtime_3.8.701.20230209-1606\jars\maven-resolver-connector-basic-1.6.3.jar
2023-10-16 11:53:54,964 [Worker-41: Launching mavenrun-f0f7550e-2a56-484c-828c-50ad0d143bae] INFO  o.eclipse.m2e.core.internal.Bundles - 	Entry: C:\Users\arizk\Downloads\eclipse-jee-2023-03-R-win32-x86_64\eclipse\plugins\org.eclipse.m2e.maven.runtime_3.8.701.20230209-1606\jars\maven-resolver-impl-1.6.3.jar
2023-10-16 11:53:54,964 [Worker-41: Launching mavenrun-f0f7550e-2a56-484c-828c-50ad0d143bae] INFO  o.eclipse.m2e.core.internal.Bundles - 	Entry: C:\Users\arizk\Downloads\eclipse-jee-2023-03-R-win32-x86_64\eclipse\plugins\org.eclipse.m2e.maven.runtime_3.8.701.20230209-1606\jars\maven-resolver-provider-3.8.7.jar
2023-10-16 11:53:54,964 [Worker-41: Launching mavenrun-f0f7550e-2a56-484c-828c-50ad0d143bae] INFO  o.eclipse.m2e.core.internal.Bundles - 	Entry: C:\Users\arizk\Downloads\eclipse-jee-2023-03-R-win32-x86_64\eclipse\plugins\org.eclipse.m2e.maven.runtime_3.8.701.20230209-1606\jars\maven-resolver-spi-1.6.3.jar
2023-10-16 11:53:54,964 [Worker-41: Launching mavenrun-f0f7550e-2a56-484c-828c-50ad0d143bae] INFO  o.eclipse.m2e.core.internal.Bundles - 	Entry: C:\Users\arizk\Downloads\eclipse-jee-2023-03-R-win32-x86_64\eclipse\plugins\org.eclipse.m2e.maven.runtime_3.8.701.20230209-1606\jars\maven-resolver-transport-wagon-1.6.3.jar
2023-10-16 11:53:54,964 [Worker-41: Launching mavenrun-f0f7550e-2a56-484c-828c-50ad0d143bae] INFO  o.eclipse.m2e.core.internal.Bundles - 	Entry: C:\Users\arizk\Downloads\eclipse-jee-2023-03-R-win32-x86_64\eclipse\plugins\org.eclipse.m2e.maven.runtime_3.8.701.20230209-1606\jars\maven-resolver-util-1.6.3.jar
2023-10-16 11:53:54,964 [Worker-41: Launching mavenrun-f0f7550e-2a56-484c-828c-50ad0d143bae] INFO  o.eclipse.m2e.core.internal.Bundles - 	Entry: C:\Users\arizk\Downloads\eclipse-jee-2023-03-R-win32-x86_64\eclipse\plugins\org.eclipse.m2e.maven.runtime_3.8.701.20230209-1606\jars\maven-settings-3.8.7.jar
2023-10-16 11:53:54,965 [Worker-41: Launching mavenrun-f0f7550e-2a56-484c-828c-50ad0d143bae] INFO  o.eclipse.m2e.core.internal.Bundles - 	Entry: C:\Users\arizk\Downloads\eclipse-jee-2023-03-R-win32-x86_64\eclipse\plugins\org.eclipse.m2e.maven.runtime_3.8.701.20230209-1606\jars\maven-settings-builder-3.8.7.jar
2023-10-16 11:53:54,965 [Worker-41: Launching mavenrun-f0f7550e-2a56-484c-828c-50ad0d143bae] INFO  o.eclipse.m2e.core.internal.Bundles - 	Entry: C:\Users\arizk\Downloads\eclipse-jee-2023-03-R-win32-x86_64\eclipse\plugins\org.eclipse.m2e.maven.runtime_3.8.701.20230209-1606\jars\maven-shared-utils-3.3.4.jar
2023-10-16 11:53:54,965 [Worker-41: Launching mavenrun-f0f7550e-2a56-484c-828c-50ad0d143bae] INFO  o.eclipse.m2e.core.internal.Bundles - 	Entry: C:\Users\arizk\Downloads\eclipse-jee-2023-03-R-win32-x86_64\eclipse\plugins\org.eclipse.m2e.maven.runtime_3.8.701.20230209-1606\jars\okhttp-3.14.1.jar
2023-10-16 11:53:54,965 [Worker-41: Launching mavenrun-f0f7550e-2a56-484c-828c-50ad0d143bae] INFO  o.eclipse.m2e.core.internal.Bundles - 	Entry: C:\Users\arizk\Downloads\eclipse-jee-2023-03-R-win32-x86_64\eclipse\plugins\org.eclipse.m2e.maven.runtime_3.8.701.20230209-1606\jars\okio-1.17.3.jar
2023-10-16 11:53:54,965 [Worker-41: Launching mavenrun-f0f7550e-2a56-484c-828c-50ad0d143bae] INFO  o.eclipse.m2e.core.internal.Bundles - 	Entry: C:\Users\arizk\Downloads\eclipse-jee-2023-03-R-win32-x86_64\eclipse\plugins\org.eclipse.m2e.maven.runtime_3.8.701.20230209-1606\jars\org.eclipse.sisu.inject-0.3.5.jar
2023-10-16 11:53:54,965 [Worker-41: Launching mavenrun-f0f7550e-2a56-484c-828c-50ad0d143bae] INFO  o.eclipse.m2e.core.internal.Bundles - 	Entry: C:\Users\arizk\Downloads\eclipse-jee-2023-03-R-win32-x86_64\eclipse\plugins\org.eclipse.m2e.maven.runtime_3.8.701.20230209-1606\jars\org.eclipse.sisu.plexus-0.3.5.jar
2023-10-16 11:53:54,965 [Worker-41: Launching mavenrun-f0f7550e-2a56-484c-828c-50ad0d143bae] INFO  o.eclipse.m2e.core.internal.Bundles - 	Entry: C:\Users\arizk\Downloads\eclipse-jee-2023-03-R-win32-x86_64\eclipse\plugins\org.eclipse.m2e.maven.runtime_3.8.701.20230209-1606\jars\plexus-build-api-0.0.7.jar
2023-10-16 11:53:54,965 [Worker-41: Launching mavenrun-f0f7550e-2a56-484c-828c-50ad0d143bae] INFO  o.eclipse.m2e.core.internal.Bundles - 	Entry: C:\Users\arizk\Downloads\eclipse-jee-2023-03-R-win32-x86_64\eclipse\plugins\org.eclipse.m2e.maven.runtime_3.8.701.20230209-1606\jars\plexus-cipher-2.0.jar
2023-10-16 11:53:54,966 [Worker-41: Launching mavenrun-f0f7550e-2a56-484c-828c-50ad0d143bae] INFO  o.eclipse.m2e.core.internal.Bundles - 	Entry: C:\Users\arizk\Downloads\eclipse-jee-2023-03-R-win32-x86_64\eclipse\plugins\org.eclipse.m2e.maven.runtime_3.8.701.20230209-1606\jars\plexus-classworlds-2.6.0.jar
2023-10-16 11:53:54,966 [Worker-41: Launching mavenrun-f0f7550e-2a56-484c-828c-50ad0d143bae] INFO  o.eclipse.m2e.core.internal.Bundles - 	Entry: C:\Users\arizk\Downloads\eclipse-jee-2023-03-R-win32-x86_64\eclipse\plugins\org.eclipse.m2e.maven.runtime_3.8.701.20230209-1606\jars\plexus-component-annotations-2.1.0.jar
2023-10-16 11:53:54,966 [Worker-41: Launching mavenrun-f0f7550e-2a56-484c-828c-50ad0d143bae] INFO  o.eclipse.m2e.core.internal.Bundles - 	Entry: C:\Users\arizk\Downloads\eclipse-jee-2023-03-R-win32-x86_64\eclipse\plugins\org.eclipse.m2e.maven.runtime_3.8.701.20230209-1606\jars\plexus-interpolation-1.26.jar
2023-10-16 11:53:54,966 [Worker-41: Launching mavenrun-f0f7550e-2a56-484c-828c-50ad0d143bae] INFO  o.eclipse.m2e.core.internal.Bundles - 	Entry: C:\Users\arizk\Downloads\eclipse-jee-2023-03-R-win32-x86_64\eclipse\plugins\org.eclipse.m2e.maven.runtime_3.8.701.20230209-1606\jars\plexus-sec-dispatcher-2.0.jar
2023-10-16 11:53:54,966 [Worker-41: Launching mavenrun-f0f7550e-2a56-484c-828c-50ad0d143bae] INFO  o.eclipse.m2e.core.internal.Bundles - 	Entry: C:\Users\arizk\Downloads\eclipse-jee-2023-03-R-win32-x86_64\eclipse\plugins\org.eclipse.m2e.maven.runtime_3.8.701.20230209-1606\jars\plexus-utils-3.3.1.jar
2023-10-16 11:53:54,966 [Worker-41: Launching mavenrun-f0f7550e-2a56-484c-828c-50ad0d143bae] INFO  o.eclipse.m2e.core.internal.Bundles - 	Entry: C:\Users\arizk\Downloads\eclipse-jee-2023-03-R-win32-x86_64\eclipse\plugins\org.eclipse.m2e.maven.runtime_3.8.701.20230209-1606\jars\wagon-file-3.5.3.jar
2023-10-16 11:53:54,966 [Worker-41: Launching mavenrun-f0f7550e-2a56-484c-828c-50ad0d143bae] INFO  o.eclipse.m2e.core.internal.Bundles - 	Entry: C:\Users\arizk\Downloads\eclipse-jee-2023-03-R-win32-x86_64\eclipse\plugins\org.eclipse.m2e.maven.runtime_3.8.701.20230209-1606\jars\wagon-provider-api-3.5.3.jar
2023-10-16 11:53:54,967 [Worker-41: Launching mavenrun-f0f7550e-2a56-484c-828c-50ad0d143bae] INFO  o.eclipse.m2e.core.internal.Bundles - getClasspathEntries(Bundle=com.google.guava_31.1.0.jre [11])
2023-10-16 11:53:54,968 [Worker-41: Launching mavenrun-f0f7550e-2a56-484c-828c-50ad0d143bae] INFO  o.eclipse.m2e.core.internal.Bundles - 	Entry: C:\Users\arizk\Downloads\eclipse-jee-2023-03-R-win32-x86_64\eclipse\plugins\com.google.guava_31.1.0.jre.jar
2023-10-16 11:53:54,968 [Worker-41: Launching mavenrun-f0f7550e-2a56-484c-828c-50ad0d143bae] INFO  o.eclipse.m2e.core.internal.Bundles - getClasspathEntries(Bundle=slf4j.api_1.7.36 [924])
2023-10-16 11:53:55,200 [Worker-41: Launching mavenrun-f0f7550e-2a56-484c-828c-50ad0d143bae] INFO  o.eclipse.m2e.core.internal.Bundles - 	Entry: C:\Users\arizk\Downloads\eclipse-jee-2023-03-R-win32-x86_64\eclipse\plugins\slf4j.api_1.7.36.jar
2023-10-16 11:53:55,201 [Worker-41: Launching mavenrun-f0f7550e-2a56-484c-828c-50ad0d143bae] INFO  o.eclipse.m2e.core.internal.Bundles - getClasspathEntries(Bundle=javax.inject_1.0.0.v20220405-0441 [35])
2023-10-16 11:53:55,348 [Worker-41: Launching mavenrun-f0f7550e-2a56-484c-828c-50ad0d143bae] INFO  o.eclipse.m2e.core.internal.Bundles - 	Entry: C:\Users\arizk\Downloads\eclipse-jee-2023-03-R-win32-x86_64\eclipse\plugins\javax.inject_1.0.0.v20220405-0441.jar
2023-10-16 11:53:55,348 [Worker-41: Launching mavenrun-f0f7550e-2a56-484c-828c-50ad0d143bae] INFO  o.eclipse.m2e.core.internal.Bundles - getClasspathEntries(Bundle=javax.annotation_1.3.5.v20221203-1659 [33])
2023-10-16 11:53:55,571 [Worker-41: Launching mavenrun-f0f7550e-2a56-484c-828c-50ad0d143bae] INFO  o.eclipse.m2e.core.internal.Bundles - 	Entry: C:\Users\arizk\Downloads\eclipse-jee-2023-03-R-win32-x86_64\eclipse\plugins\javax.annotation_1.3.5.v20221203-1659.jar
2023-10-16 11:53:55,571 [Worker-41: Launching mavenrun-f0f7550e-2a56-484c-828c-50ad0d143bae] INFO  o.eclipse.m2e.core.internal.Bundles - getClasspathEntries(Bundle=org.apache.commons.cli_1.4.0.v20221112-0806 [67])
2023-10-16 11:53:55,572 [Worker-41: Launching mavenrun-f0f7550e-2a56-484c-828c-50ad0d143bae] INFO  o.eclipse.m2e.core.internal.Bundles - 	Entry: C:\Users\arizk\Downloads\eclipse-jee-2023-03-R-win32-x86_64\eclipse\plugins\org.apache.commons.cli_1.4.0.v20221112-0806.jar
2023-10-16 11:53:55,572 [Worker-41: Launching mavenrun-f0f7550e-2a56-484c-828c-50ad0d143bae] INFO  o.eclipse.m2e.core.internal.Bundles - getClasspathEntries(Bundle=com.google.guava.failureaccess_1.0.1 [13])
2023-10-16 11:53:55,657 [Worker-41: Launching mavenrun-f0f7550e-2a56-484c-828c-50ad0d143bae] INFO  o.eclipse.m2e.core.internal.Bundles - 	Entry: C:\Users\arizk\Downloads\eclipse-jee-2023-03-R-win32-x86_64\eclipse\plugins\com.google.guava.failureaccess_1.0.1.jar
2023-10-16 11:53:55,659 [Worker-41: Launching mavenrun-f0f7550e-2a56-484c-828c-50ad0d143bae] INFO  o.e.m.i.launch.MavenLaunchDelegate - Run build in "C:\Users\arizk\AppData\Local\Temp\m2e-archetypeGenerator17328236732089256757":
2023-10-16 11:53:55,660 [Worker-41: Launching mavenrun-f0f7550e-2a56-484c-828c-50ad0d143bae] INFO  o.e.m.i.launch.MavenLaunchDelegate -  mvn  -DarchetypeGroupId=de.bripkens -DarchetypeArtifactId=java-quickstart -DarchetypeVersion=0.2.0 -DgroupId=inf -DartifactId=NewName -Dversion=0.0.1-SNAPSHOT -Dpackage=com.java.jsf -DoutputDirectory=D:\ejbNew -Dstyle.color=always -U archetype:generate
2023-10-16 11:54:06,085 [Worker-34: Creating java-quickstart] INFO  o.e.m.c.i.p.ProjectConfigurationManager - Collecting project info '/pom.xml' D:\ejbNew\NewName\pom.xml
2023-10-16 11:54:11,583 [Worker-34: Creating java-quickstart] INFO  o.e.m.c.i.l.LifecycleMappingFactory - Using org.eclipse.m2e.jdt.JarLifecycleMapping lifecycle mapping for MavenProject: inf:NewName:0.0.1-SNAPSHOT @ D:\ejbNew\NewName\pom.xml.
2023-10-16 11:54:13,068 [Worker-34: Creating java-quickstart] INFO  o.e.m.j.i.AbstractJavaProjectConfigurator - Adding source folder /NewName/src/main/java
2023-10-16 11:54:13,083 [Worker-34: Creating java-quickstart] INFO  o.e.m.j.i.AbstractJavaProjectConfigurator - Adding source folder /NewName/src/test/java
2023-10-16 11:54:13,782 [Worker-34: Creating java-quickstart] INFO  o.e.m.c.i.embedder.EclipseLogger - Using 'UTF-8' encoding to copy filtered resources.
2023-10-16 11:54:13,783 [Worker-34: Creating java-quickstart] INFO  o.e.m.c.i.embedder.EclipseLogger - skip non existing resourceDirectory D:\ejbNew\NewName\src\main\resources
2023-10-16 11:54:13,785 [Worker-34: Creating java-quickstart] INFO  o.e.m.c.i.embedder.EclipseLogger - Using 'UTF-8' encoding to copy filtered resources.
2023-10-16 11:54:13,786 [Worker-34: Creating java-quickstart] INFO  o.e.m.c.i.embedder.EclipseLogger - skip non existing resourceDirectory D:\ejbNew\NewName\src\test\resources
2023-10-16 11:54:14,047 [Worker-34: Creating java-quickstart] INFO  o.e.m.c.i.p.ProjectConfigurationManager - Imported and configured 1 project(s) in 7 sec
2023-10-16 11:54:33,221 [Worker-43: Building] INFO  o.e.m.c.i.l.LifecycleMappingFactory - Using org.eclipse.m2e.jdt.JarLifecycleMapping lifecycle mapping for MavenProject: inf:NewName:0.0.1-SNAPSHOT @ D:\ejbNew\NewName\pom.xml.
2023-10-16 11:54:46,732 [Worker-43: Building] INFO  o.e.m.c.i.embedder.EclipseLogger - Using 'UTF-8' encoding to copy filtered resources.
2023-10-16 11:54:46,733 [Worker-43: Building] INFO  o.e.m.c.i.embedder.EclipseLogger - skip non existing resourceDirectory D:\ejbNew\NewName\src\main\resources
2023-10-16 11:54:46,735 [Worker-43: Building] INFO  o.e.m.c.i.embedder.EclipseLogger - Using 'UTF-8' encoding to copy filtered resources.
2023-10-16 11:54:46,735 [Worker-43: Building] INFO  o.e.m.c.i.embedder.EclipseLogger - skip non existing resourceDirectory D:\ejbNew\NewName\src\test\resources
2023-10-16 11:54:52,193 [Worker-43: Building] INFO  o.e.m.c.i.embedder.EclipseLogger - Using 'UTF-8' encoding to copy filtered resources.
2023-10-16 11:54:52,193 [Worker-43: Building] INFO  o.e.m.c.i.embedder.EclipseLogger - skip non existing resourceDirectory D:\ejbNew\NewName\src\main\resources
2023-10-16 11:54:52,194 [Worker-43: Building] INFO  o.e.m.c.i.embedder.EclipseLogger - Using 'UTF-8' encoding to copy filtered resources.
2023-10-16 11:54:52,195 [Worker-43: Building] INFO  o.e.m.c.i.embedder.EclipseLogger - skip non existing resourceDirectory D:\ejbNew\NewName\src\test\resources
2023-10-16 11:55:36,139 [Worker-42: Building] INFO  o.e.m.c.i.embedder.EclipseLogger - Using 'UTF-8' encoding to copy filtered resources.
2023-10-16 11:55:36,139 [Worker-42: Building] INFO  o.e.m.c.i.embedder.EclipseLogger - skip non existing resourceDirectory D:\ejbNew\NewName\src\main\resources
2023-10-16 11:55:36,140 [Worker-42: Building] INFO  o.e.m.c.i.embedder.EclipseLogger - Using 'UTF-8' encoding to copy filtered resources.
2023-10-16 11:55:36,140 [Worker-42: Building] INFO  o.e.m.c.i.embedder.EclipseLogger - skip non existing resourceDirectory D:\ejbNew\NewName\src\test\resources
2023-10-16 11:55:44,091 [Worker-42: Building] INFO  o.e.m.c.i.embedder.EclipseLogger - Using 'UTF-8' encoding to copy filtered resources.
2023-10-16 11:55:44,091 [Worker-42: Building] INFO  o.e.m.c.i.embedder.EclipseLogger - skip non existing resourceDirectory D:\ejbNew\NewName\src\main\resources
2023-10-16 11:55:44,093 [Worker-42: Building] INFO  o.e.m.c.i.embedder.EclipseLogger - Using 'UTF-8' encoding to copy filtered resources.
2023-10-16 11:55:44,093 [Worker-42: Building] INFO  o.e.m.c.i.embedder.EclipseLogger - skip non existing resourceDirectory D:\ejbNew\NewName\src\test\resources
2023-10-16 11:59:59,811 [Worker-46: Building] INFO  o.e.m.c.i.embedder.EclipseLogger - Using 'UTF-8' encoding to copy filtered resources.
2023-10-16 11:59:59,811 [Worker-46: Building] INFO  o.e.m.c.i.embedder.EclipseLogger - skip non existing resourceDirectory D:\ejbNew\NewName\src\main\resources
2023-10-16 11:59:59,812 [Worker-46: Building] INFO  o.e.m.c.i.embedder.EclipseLogger - Using 'UTF-8' encoding to copy filtered resources.
2023-10-16 11:59:59,812 [Worker-46: Building] INFO  o.e.m.c.i.embedder.EclipseLogger - skip non existing resourceDirectory D:\ejbNew\NewName\src\test\resources
2023-10-16 12:01:08,843 [Worker-45: Building] INFO  o.e.m.c.i.embedder.EclipseLogger - Using 'UTF-8' encoding to copy filtered resources.
2023-10-16 12:01:08,843 [Worker-45: Building] INFO  o.e.m.c.i.embedder.EclipseLogger - skip non existing resourceDirectory D:\ejbNew\NewName\src\main\resources
2023-10-16 12:01:08,844 [Worker-45: Building] INFO  o.e.m.c.i.embedder.EclipseLogger - Using 'UTF-8' encoding to copy filtered resources.
2023-10-16 12:01:08,844 [Worker-45: Building] INFO  o.e.m.c.i.embedder.EclipseLogger - skip non existing resourceDirectory D:\ejbNew\NewName\src\test\resources
2023-10-16 12:01:58,128 [Worker-34: Building] INFO  o.e.m.c.i.embedder.EclipseLogger - Using 'UTF-8' encoding to copy filtered resources.
2023-10-16 12:01:58,128 [Worker-34: Building] INFO  o.e.m.c.i.embedder.EclipseLogger - skip non existing resourceDirectory D:\ejbNew\NewName\src\main\resources
2023-10-16 12:01:58,130 [Worker-34: Building] INFO  o.e.m.c.i.embedder.EclipseLogger - Using 'UTF-8' encoding to copy filtered resources.
2023-10-16 12:01:58,130 [Worker-34: Building] INFO  o.e.m.c.i.embedder.EclipseLogger - skip non existing resourceDirectory D:\ejbNew\NewName\src\test\resources
2023-10-16 14:23:02,855 [Worker-59: Building] INFO  o.e.m.c.i.l.LifecycleMappingFactory - Using org.maven.ide.eclipse.wtp.WarLifecycleMapping lifecycle mapping for MavenProject: inf:JsfDemos:0.0.1-SNAPSHOT @ C:\Users\arizk\Downloads\Day36_Jsf\Day36_Jsf\JsfDemos\pom.xml.
2023-10-16 14:23:08,757 [Worker-59: Building] INFO  o.e.m.c.i.embedder.EclipseLogger - Using 'UTF-8' encoding to copy filtered resources.
2023-10-16 14:23:08,779 [Worker-59: Building] INFO  o.e.m.c.i.embedder.EclipseLogger - Copying 0 resource
2023-10-16 14:23:08,781 [Worker-59: Building] INFO  o.e.m.c.i.embedder.EclipseLogger - Using 'UTF-8' encoding to copy filtered resources.
2023-10-16 14:23:08,781 [Worker-59: Building] INFO  o.e.m.c.i.embedder.EclipseLogger - skip non existing resourceDirectory C:\Users\arizk\Downloads\Day36_Jsf\Day36_Jsf\JsfDemos\src\test\resources
2023-10-16 14:23:17,524 [Worker-59: Building] INFO  o.e.m.c.i.embedder.EclipseLogger - Using 'UTF-8' encoding to copy filtered resources.
2023-10-16 14:23:17,524 [Worker-59: Building] INFO  o.e.m.c.i.embedder.EclipseLogger - Copying 0 resource
2023-10-16 14:23:17,525 [Worker-59: Building] INFO  o.e.m.c.i.embedder.EclipseLogger - Using 'UTF-8' encoding to copy filtered resources.
2023-10-16 14:23:17,526 [Worker-59: Building] INFO  o.e.m.c.i.embedder.EclipseLogger - skip non existing resourceDirectory C:\Users\arizk\Downloads\Day36_Jsf\Day36_Jsf\JsfDemos\src\test\resources
2023-10-16 14:33:38,102 [Worker-2: Loading available Gradle versions] INFO  o.e.b.c.i.u.g.PublishedGradleVersions - Gradle version information cache is up-to-date. Trying to read.
2023-10-16 14:34:09,369 [Worker-10: Building] INFO  o.e.m.c.i.l.LifecycleMappingFactory - Using org.maven.ide.eclipse.wtp.WarLifecycleMapping lifecycle mapping for MavenProject: inf:JsfDemos:0.0.1-SNAPSHOT @ C:\Users\arizk\Downloads\Day36_Jsf\Day36_Jsf\JsfDemos\pom.xml.
2023-10-16 14:34:18,218 [Worker-10: Building] INFO  o.e.m.c.i.embedder.EclipseLogger - Using 'UTF-8' encoding to copy filtered resources.
2023-10-16 14:34:18,222 [Worker-10: Building] INFO  o.e.m.c.i.embedder.EclipseLogger - Copying 0 resource
2023-10-16 14:34:18,226 [Worker-10: Building] INFO  o.e.m.c.i.embedder.EclipseLogger - Using 'UTF-8' encoding to copy filtered resources.
2023-10-16 14:34:18,226 [Worker-10: Building] INFO  o.e.m.c.i.embedder.EclipseLogger - skip non existing resourceDirectory C:\Users\arizk\Downloads\Day36_Jsf\Day36_Jsf\JsfDemos\src\test\resources
2023-10-16 14:34:19,820 [Worker-10: Building] INFO  o.e.m.c.i.embedder.EclipseLogger - Using 'UTF-8' encoding to copy filtered resources.
2023-10-16 14:34:19,820 [Worker-10: Building] INFO  o.e.m.c.i.embedder.EclipseLogger - Copying 0 resource
2023-10-16 14:34:19,823 [Worker-10: Building] INFO  o.e.m.c.i.embedder.EclipseLogger - Using 'UTF-8' encoding to copy filtered resources.
2023-10-16 14:34:19,823 [Worker-10: Building] INFO  o.e.m.c.i.embedder.EclipseLogger - skip non existing resourceDirectory C:\Users\arizk\Downloads\Day36_Jsf\Day36_Jsf\JsfDemos\src\test\resources
2023-10-16 14:34:21,948 [Worker-15: Building] INFO  o.e.m.c.i.embedder.EclipseLogger - Using 'UTF-8' encoding to copy filtered resources.
2023-10-16 14:34:21,949 [Worker-15: Building] INFO  o.e.m.c.i.embedder.EclipseLogger - skip non existing resourceDirectory D:\ejbNew\NewName\src\main\resources
2023-10-16 14:34:21,950 [Worker-15: Building] INFO  o.e.m.c.i.embedder.EclipseLogger - Using 'UTF-8' encoding to copy filtered resources.
2023-10-16 14:34:21,950 [Worker-15: Building] INFO  o.e.m.c.i.embedder.EclipseLogger - skip non existing resourceDirectory D:\ejbNew\NewName\src\test\resources
2023-10-16 14:35:24,039 [Worker-27: Updating Maven Dependencies] ERROR o.e.m.j.i.l.MavenLaunchConfigurationListener - Launch configuration RemoteEJBClient references non-existing project NewName.
org.eclipse.core.runtime.CoreException: Launch configuration RemoteEJBClient references non-existing project NewName.
	at org.eclipse.jdt.launching.JavaRuntime.abort(JavaRuntime.java:1856)
	at org.eclipse.jdt.launching.JavaRuntime.getJavaProject(JavaRuntime.java:1733)
	at org.eclipse.m2e.jdt.internal.launch.MavenLaunchConfigurationListener.updateLaunchConfiguration(MavenLaunchConfigurationListener.java:64)
	at org.eclipse.m2e.jdt.internal.launch.MavenLaunchConfigurationListener.launchConfigurationChanged(MavenLaunchConfigurationListener.java:50)
	at org.eclipse.debug.internal.core.LaunchManager$ConfigurationNotifier.run(LaunchManager.java:225)
	at org.eclipse.core.runtime.SafeRunner.run(SafeRunner.java:45)
	at org.eclipse.debug.internal.core.LaunchManager$ConfigurationNotifier.notify(LaunchManager.java:209)
	at org.eclipse.debug.internal.core.LaunchConfigurationWorkingCopy.setDirty(LaunchConfigurationWorkingCopy.java:524)
	at org.eclipse.debug.internal.core.LaunchConfigurationWorkingCopy.setAttribute(LaunchConfigurationWorkingCopy.java:412)
	at org.eclipse.m2e.jdt.internal.launch.MavenRuntimeClasspathProvider.disable(MavenRuntimeClasspathProvider.java:410)
	at org.eclipse.m2e.jdt.internal.launch.MavenRuntimeClasspathProvider.disable(MavenRuntimeClasspathProvider.java:436)
	at org.eclipse.m2e.jdt.internal.launch.MavenLaunchConfigurationListener.mavenProjectChanged(MavenLaunchConfigurationListener.java:135)
	at org.eclipse.m2e.core.internal.project.registry.ProjectRegistryManager.notifyProjectChangeListeners(ProjectRegistryManager.java:851)
	at org.eclipse.m2e.core.internal.project.registry.ProjectRegistryManager.applyMutableProjectRegistry(ProjectRegistryManager.java:1004)
	at org.eclipse.m2e.core.internal.project.registry.ProjectRegistryRefreshJob.lambda$0(ProjectRegistryRefreshJob.java:162)
	at org.eclipse.m2e.core.internal.embedder.MavenExecutionContext.executeBare(MavenExecutionContext.java:394)
	at org.eclipse.m2e.core.internal.embedder.MavenExecutionContext.execute(MavenExecutionContext.java:275)
	at org.eclipse.m2e.core.internal.embedder.MavenExecutionContext.execute(MavenExecutionContext.java:214)
	at org.eclipse.m2e.core.internal.project.registry.ProjectRegistryRefreshJob.run(ProjectRegistryRefreshJob.java:106)
	at org.eclipse.core.internal.jobs.Worker.run(Worker.java:63)
2023-10-16 14:35:24,041 [Worker-27: Updating Maven Dependencies] ERROR o.e.m.j.i.l.MavenLaunchConfigurationListener - Launch configuration RemoteEJBClient references non-existing project NewName.
org.eclipse.core.runtime.CoreException: Launch configuration RemoteEJBClient references non-existing project NewName.
	at org.eclipse.jdt.launching.JavaRuntime.abort(JavaRuntime.java:1856)
	at org.eclipse.jdt.launching.JavaRuntime.getJavaProject(JavaRuntime.java:1733)
	at org.eclipse.m2e.jdt.internal.launch.MavenLaunchConfigurationListener.updateLaunchConfiguration(MavenLaunchConfigurationListener.java:64)
	at org.eclipse.m2e.jdt.internal.launch.MavenLaunchConfigurationListener.launchConfigurationChanged(MavenLaunchConfigurationListener.java:50)
	at org.eclipse.debug.internal.core.LaunchManager$ConfigurationNotifier.run(LaunchManager.java:225)
	at org.eclipse.core.runtime.SafeRunner.run(SafeRunner.java:45)
	at org.eclipse.debug.internal.core.LaunchManager$ConfigurationNotifier.notify(LaunchManager.java:209)
	at org.eclipse.debug.internal.core.LaunchConfigurationWorkingCopy.setDirty(LaunchConfigurationWorkingCopy.java:524)
	at org.eclipse.debug.internal.core.LaunchConfigurationWorkingCopy.setAttribute(LaunchConfigurationWorkingCopy.java:412)
	at org.eclipse.m2e.jdt.internal.launch.MavenRuntimeClasspathProvider.disable(MavenRuntimeClasspathProvider.java:411)
	at org.eclipse.m2e.jdt.internal.launch.MavenRuntimeClasspathProvider.disable(MavenRuntimeClasspathProvider.java:436)
	at org.eclipse.m2e.jdt.internal.launch.MavenLaunchConfigurationListener.mavenProjectChanged(MavenLaunchConfigurationListener.java:135)
	at org.eclipse.m2e.core.internal.project.registry.ProjectRegistryManager.notifyProjectChangeListeners(ProjectRegistryManager.java:851)
	at org.eclipse.m2e.core.internal.project.registry.ProjectRegistryManager.applyMutableProjectRegistry(ProjectRegistryManager.java:1004)
	at org.eclipse.m2e.core.internal.project.registry.ProjectRegistryRefreshJob.lambda$0(ProjectRegistryRefreshJob.java:162)
	at org.eclipse.m2e.core.internal.embedder.MavenExecutionContext.executeBare(MavenExecutionContext.java:394)
	at org.eclipse.m2e.core.internal.embedder.MavenExecutionContext.execute(MavenExecutionContext.java:275)
	at org.eclipse.m2e.core.internal.embedder.MavenExecutionContext.execute(MavenExecutionContext.java:214)
	at org.eclipse.m2e.core.internal.project.registry.ProjectRegistryRefreshJob.run(ProjectRegistryRefreshJob.java:106)
	at org.eclipse.core.internal.jobs.Worker.run(Worker.java:63)
2023-10-16 14:35:24,060 [Worker-27: Updating Maven Dependencies] ERROR o.e.m.j.i.l.MavenLaunchConfigurationListener - Launch configuration RemoteEJBClient references non-existing project NewName.
org.eclipse.core.runtime.CoreException: Launch configuration RemoteEJBClient references non-existing project NewName.
	at org.eclipse.jdt.launching.JavaRuntime.abort(JavaRuntime.java:1856)
	at org.eclipse.jdt.launching.JavaRuntime.getJavaProject(JavaRuntime.java:1733)
	at org.eclipse.m2e.jdt.internal.launch.MavenLaunchConfigurationListener.updateLaunchConfiguration(MavenLaunchConfigurationListener.java:64)
	at org.eclipse.m2e.jdt.internal.launch.MavenLaunchConfigurationListener.launchConfigurationChanged(MavenLaunchConfigurationListener.java:50)
	at org.eclipse.debug.internal.core.LaunchManager$ConfigurationNotifier.run(LaunchManager.java:225)
	at org.eclipse.core.runtime.SafeRunner.run(SafeRunner.java:45)
	at org.eclipse.debug.internal.core.LaunchManager$ConfigurationNotifier.notify(LaunchManager.java:209)
	at org.eclipse.debug.internal.core.LaunchManager.launchConfigurationChanged(LaunchManager.java:2147)
	at org.eclipse.debug.internal.core.LaunchConfigurationWorkingCopy.writeNewFile(LaunchConfigurationWorkingCopy.java:377)
	at org.eclipse.debug.internal.core.LaunchConfigurationWorkingCopy.doSave0(LaunchConfigurationWorkingCopy.java:259)
	at org.eclipse.debug.internal.core.LaunchConfigurationWorkingCopy.doSave(LaunchConfigurationWorkingCopy.java:229)
	at org.eclipse.debug.internal.core.LaunchConfigurationWorkingCopy.doSave(LaunchConfigurationWorkingCopy.java:187)
	at org.eclipse.m2e.jdt.internal.launch.MavenRuntimeClasspathProvider.disable(MavenRuntimeClasspathProvider.java:412)
	at org.eclipse.m2e.jdt.internal.launch.MavenRuntimeClasspathProvider.disable(MavenRuntimeClasspathProvider.java:436)
	at org.eclipse.m2e.jdt.internal.launch.MavenLaunchConfigurationListener.mavenProjectChanged(MavenLaunchConfigurationListener.java:135)
	at org.eclipse.m2e.core.internal.project.registry.ProjectRegistryManager.notifyProjectChangeListeners(ProjectRegistryManager.java:851)
	at org.eclipse.m2e.core.internal.project.registry.ProjectRegistryManager.applyMutableProjectRegistry(ProjectRegistryManager.java:1004)
	at org.eclipse.m2e.core.internal.project.registry.ProjectRegistryRefreshJob.lambda$0(ProjectRegistryRefreshJob.java:162)
	at org.eclipse.m2e.core.internal.embedder.MavenExecutionContext.executeBare(MavenExecutionContext.java:394)
	at org.eclipse.m2e.core.internal.embedder.MavenExecutionContext.execute(MavenExecutionContext.java:275)
	at org.eclipse.m2e.core.internal.embedder.MavenExecutionContext.execute(MavenExecutionContext.java:214)
	at org.eclipse.m2e.core.internal.project.registry.ProjectRegistryRefreshJob.run(ProjectRegistryRefreshJob.java:106)
	at org.eclipse.core.internal.jobs.Worker.run(Worker.java:63)
